<?xml version="1.0" encoding="UTF-8"?>
<testsuite xmlns:xsi="http://www.w3.org/2001/XMLSchema-instance" xsi:noNamespaceSchemaLocation="https://maven.apache.org/surefire/maven-surefire-plugin/xsd/surefire-test-report.xsd" version="3.0.2" name="tests.integration.SurveysOfMemberTest" time="20.086" tests="1" errors="0" skipped="0" failures="0">
  <properties>
[...]
</properties>
  <testcase name="testValidateMemberSurveyData" classname="tests.integration.SurveysOfMemberTest" time="20.083">
    <system-out><![CDATA[18:04:08.702 [ForkJoinPool.commonPool-worker-3] INFO api.SurveysOfMemberApi - Validation successful for Member ID 1
18:04:08.863 [ForkJoinPool.commonPool-worker-7] INFO api.SurveysOfMemberApi - Validation successful for Member ID 2
18:04:08.914 [ForkJoinPool.commonPool-worker-3] INFO api.SurveysOfMemberApi - Validation successful for Member ID 4
18:04:08.944 [ForkJoinPool.commonPool-worker-5] INFO api.SurveysOfMemberApi - Validation successful for Member ID 3
18:04:09.022 [ForkJoinPool.commonPool-worker-7] INFO api.SurveysOfMemberApi - Validation successful for Member ID 5
18:04:09.134 [ForkJoinPool.commonPool-worker-5] INFO api.SurveysOfMemberApi - Validation successful for Member ID 7
18:04:09.263 [ForkJoinPool.commonPool-worker-3] INFO api.SurveysOfMemberApi - Validation successful for Member ID 6
18:04:09.344 [ForkJoinPool.commonPool-worker-5] INFO api.SurveysOfMemberApi - Validation successful for Member ID 9
18:04:09.392 [ForkJoinPool.commonPool-worker-7] INFO api.SurveysOfMemberApi - Validation successful for Member ID 8
18:04:09.645 [ForkJoinPool.commonPool-worker-5] INFO api.SurveysOfMemberApi - Validation successful for Member ID 11
18:04:09.741 [ForkJoinPool.commonPool-worker-3] INFO api.SurveysOfMemberApi - Validation successful for Member ID 10
18:04:09.772 [ForkJoinPool.commonPool-worker-7] INFO api.SurveysOfMemberApi - Validation successful for Member ID 12
18:04:09.994 [ForkJoinPool.commonPool-worker-7] INFO api.SurveysOfMemberApi - Validation successful for Member ID 15
18:04:09.997 [ForkJoinPool.commonPool-worker-5] INFO api.SurveysOfMemberApi - Validation successful for Member ID 13
18:04:10.106 [ForkJoinPool.commonPool-worker-3] INFO api.SurveysOfMemberApi - Validation successful for Member ID 14
18:04:10.332 [ForkJoinPool.commonPool-worker-5] INFO api.SurveysOfMemberApi - Validation successful for Member ID 17
18:04:10.358 [ForkJoinPool.commonPool-worker-7] INFO api.SurveysOfMemberApi - Validation successful for Member ID 16
18:04:10.495 [ForkJoinPool.commonPool-worker-3] INFO api.SurveysOfMemberApi - Validation successful for Member ID 18
18:04:10.598 [ForkJoinPool.commonPool-worker-5] INFO api.SurveysOfMemberApi - Validation successful for Member ID 19
18:04:10.751 [ForkJoinPool.commonPool-worker-7] INFO api.SurveysOfMemberApi - Validation successful for Member ID 20
18:04:10.852 [ForkJoinPool.commonPool-worker-5] INFO api.SurveysOfMemberApi - Validation successful for Member ID 22
18:04:10.918 [ForkJoinPool.commonPool-worker-7] INFO api.SurveysOfMemberApi - Validation successful for Member ID 23
18:04:10.974 [ForkJoinPool.commonPool-worker-3] INFO api.SurveysOfMemberApi - Validation successful for Member ID 21
18:04:11.088 [ForkJoinPool.commonPool-worker-7] INFO api.SurveysOfMemberApi - Validation successful for Member ID 25
18:04:11.190 [ForkJoinPool.commonPool-worker-3] INFO api.SurveysOfMemberApi - Validation successful for Member ID 26
18:04:11.249 [ForkJoinPool.commonPool-worker-5] INFO api.SurveysOfMemberApi - Validation successful for Member ID 24
18:04:11.351 [ForkJoinPool.commonPool-worker-7] INFO api.SurveysOfMemberApi - Validation successful for Member ID 27
18:04:11.380 [ForkJoinPool.commonPool-worker-3] INFO api.SurveysOfMemberApi - Validation successful for Member ID 28
18:04:11.484 [ForkJoinPool.commonPool-worker-5] INFO api.SurveysOfMemberApi - Validation successful for Member ID 29
18:04:11.541 [ForkJoinPool.commonPool-worker-3] INFO api.SurveysOfMemberApi - Validation successful for Member ID 31
18:04:11.704 [ForkJoinPool.commonPool-worker-7] INFO api.SurveysOfMemberApi - Validation successful for Member ID 30
18:04:11.795 [ForkJoinPool.commonPool-worker-5] INFO api.SurveysOfMemberApi - Validation successful for Member ID 32
18:04:11.822 [ForkJoinPool.commonPool-worker-3] INFO api.SurveysOfMemberApi - Validation successful for Member ID 33
18:04:12.011 [ForkJoinPool.commonPool-worker-7] INFO api.SurveysOfMemberApi - Validation successful for Member ID 34
18:04:12.092 [ForkJoinPool.commonPool-worker-5] INFO api.SurveysOfMemberApi - Validation successful for Member ID 35
18:04:12.155 [ForkJoinPool.commonPool-worker-3] INFO api.SurveysOfMemberApi - Validation successful for Member ID 36
18:04:12.157 [ForkJoinPool.commonPool-worker-7] INFO api.SurveysOfMemberApi - Validation successful for Member ID 37
18:04:12.438 [ForkJoinPool.commonPool-worker-5] INFO api.SurveysOfMemberApi - Validation successful for Member ID 38
18:04:12.462 [ForkJoinPool.commonPool-worker-3] INFO api.SurveysOfMemberApi - Validation successful for Member ID 39
18:04:12.502 [ForkJoinPool.commonPool-worker-7] INFO api.SurveysOfMemberApi - Validation successful for Member ID 40
18:04:12.656 [ForkJoinPool.commonPool-worker-7] INFO api.SurveysOfMemberApi - Validation successful for Member ID 43
18:04:12.725 [ForkJoinPool.commonPool-worker-3] INFO api.SurveysOfMemberApi - Validation successful for Member ID 42
18:04:12.772 [ForkJoinPool.commonPool-worker-5] INFO api.SurveysOfMemberApi - Validation successful for Member ID 41
18:04:12.793 [ForkJoinPool.commonPool-worker-7] INFO api.SurveysOfMemberApi - Validation successful for Member ID 44
18:04:12.871 [ForkJoinPool.commonPool-worker-7] INFO api.SurveysOfMemberApi - Validation successful for Member ID 47
18:04:12.875 [ForkJoinPool.commonPool-worker-3] INFO api.SurveysOfMemberApi - Validation successful for Member ID 45
18:04:13.018 [ForkJoinPool.commonPool-worker-5] INFO api.SurveysOfMemberApi - Validation successful for Member ID 46
18:04:13.111 [ForkJoinPool.commonPool-worker-7] INFO api.SurveysOfMemberApi - Validation successful for Member ID 48
18:04:13.280 [ForkJoinPool.commonPool-worker-5] INFO api.SurveysOfMemberApi - Validation successful for Member ID 50
18:04:13.388 [ForkJoinPool.commonPool-worker-3] INFO api.SurveysOfMemberApi - Validation successful for Member ID 49
18:04:13.425 [ForkJoinPool.commonPool-worker-7] INFO api.SurveysOfMemberApi - Validation successful for Member ID 51
18:04:13.571 [ForkJoinPool.commonPool-worker-5] INFO api.SurveysOfMemberApi - Validation successful for Member ID 52
18:04:13.583 [ForkJoinPool.commonPool-worker-3] INFO api.SurveysOfMemberApi - Validation successful for Member ID 53
18:04:13.641 [ForkJoinPool.commonPool-worker-7] INFO api.SurveysOfMemberApi - Validation successful for Member ID 54
18:04:13.717 [ForkJoinPool.commonPool-worker-5] INFO api.SurveysOfMemberApi - Validation successful for Member ID 55
18:04:13.788 [ForkJoinPool.commonPool-worker-3] INFO api.SurveysOfMemberApi - Validation successful for Member ID 56
18:04:13.815 [ForkJoinPool.commonPool-worker-7] INFO api.SurveysOfMemberApi - Validation successful for Member ID 57
18:04:13.919 [ForkJoinPool.commonPool-worker-5] INFO api.SurveysOfMemberApi - Validation successful for Member ID 58
18:04:14.036 [ForkJoinPool.commonPool-worker-3] INFO api.SurveysOfMemberApi - Validation successful for Member ID 59
18:04:14.038 [ForkJoinPool.commonPool-worker-7] INFO api.SurveysOfMemberApi - Validation successful for Member ID 60
18:04:14.167 [ForkJoinPool.commonPool-worker-5] INFO api.SurveysOfMemberApi - Validation successful for Member ID 61
18:04:14.225 [ForkJoinPool.commonPool-worker-3] INFO api.SurveysOfMemberApi - Validation successful for Member ID 62
18:04:14.280 [ForkJoinPool.commonPool-worker-7] INFO api.SurveysOfMemberApi - Validation successful for Member ID 63
18:04:14.343 [ForkJoinPool.commonPool-worker-5] INFO api.SurveysOfMemberApi - Validation successful for Member ID 64
18:04:14.436 [ForkJoinPool.commonPool-worker-7] INFO api.SurveysOfMemberApi - Validation successful for Member ID 66
18:04:14.477 [ForkJoinPool.commonPool-worker-3] INFO api.SurveysOfMemberApi - Validation successful for Member ID 65
18:04:14.520 [ForkJoinPool.commonPool-worker-5] INFO api.SurveysOfMemberApi - Validation successful for Member ID 67
18:04:14.680 [ForkJoinPool.commonPool-worker-7] INFO api.SurveysOfMemberApi - Validation successful for Member ID 68
18:04:14.681 [ForkJoinPool.commonPool-worker-5] INFO api.SurveysOfMemberApi - Validation successful for Member ID 70
18:04:14.718 [ForkJoinPool.commonPool-worker-3] INFO api.SurveysOfMemberApi - Validation successful for Member ID 69
18:04:14.897 [ForkJoinPool.commonPool-worker-5] INFO api.SurveysOfMemberApi - Validation successful for Member ID 72
18:04:14.925 [ForkJoinPool.commonPool-worker-7] INFO api.SurveysOfMemberApi - Validation successful for Member ID 71
18:04:15.028 [ForkJoinPool.commonPool-worker-7] INFO api.SurveysOfMemberApi - Validation successful for Member ID 75
18:04:15.037 [ForkJoinPool.commonPool-worker-3] INFO api.SurveysOfMemberApi - Validation successful for Member ID 73
18:04:15.141 [ForkJoinPool.commonPool-worker-3] INFO api.SurveysOfMemberApi - Validation successful for Member ID 77
18:04:15.158 [ForkJoinPool.commonPool-worker-5] INFO api.SurveysOfMemberApi - Validation successful for Member ID 74
18:04:15.318 [ForkJoinPool.commonPool-worker-7] INFO api.SurveysOfMemberApi - Validation successful for Member ID 76
18:04:15.371 [ForkJoinPool.commonPool-worker-3] INFO api.SurveysOfMemberApi - Validation successful for Member ID 78
18:04:15.435 [ForkJoinPool.commonPool-worker-5] INFO api.SurveysOfMemberApi - Validation successful for Member ID 79
18:04:15.518 [ForkJoinPool.commonPool-worker-5] INFO api.SurveysOfMemberApi - Validation successful for Member ID 82
18:04:15.533 [ForkJoinPool.commonPool-worker-3] INFO api.SurveysOfMemberApi - Validation successful for Member ID 81
18:04:15.607 [ForkJoinPool.commonPool-worker-7] INFO api.SurveysOfMemberApi - Validation successful for Member ID 80
18:04:15.678 [ForkJoinPool.commonPool-worker-5] INFO api.SurveysOfMemberApi - Validation successful for Member ID 83
18:04:15.910 [ForkJoinPool.commonPool-worker-3] INFO api.SurveysOfMemberApi - Validation successful for Member ID 84
18:04:16.013 [ForkJoinPool.commonPool-worker-7] INFO api.SurveysOfMemberApi - Validation successful for Member ID 85
18:04:16.091 [ForkJoinPool.commonPool-worker-5] INFO api.SurveysOfMemberApi - Validation successful for Member ID 86
18:04:16.170 [ForkJoinPool.commonPool-worker-3] INFO api.SurveysOfMemberApi - Validation successful for Member ID 87
18:04:16.242 [ForkJoinPool.commonPool-worker-5] INFO api.SurveysOfMemberApi - Validation successful for Member ID 89
18:04:16.300 [ForkJoinPool.commonPool-worker-7] INFO api.SurveysOfMemberApi - Validation successful for Member ID 88
18:04:16.351 [ForkJoinPool.commonPool-worker-3] INFO api.SurveysOfMemberApi - Validation successful for Member ID 90
18:04:16.382 [ForkJoinPool.commonPool-worker-5] INFO api.SurveysOfMemberApi - Validation successful for Member ID 91
18:04:16.559 [ForkJoinPool.commonPool-worker-5] INFO api.SurveysOfMemberApi - Validation successful for Member ID 94
18:04:16.586 [ForkJoinPool.commonPool-worker-7] INFO api.SurveysOfMemberApi - Validation successful for Member ID 92
18:04:16.620 [ForkJoinPool.commonPool-worker-3] INFO api.SurveysOfMemberApi - Validation successful for Member ID 93
18:04:16.716 [ForkJoinPool.commonPool-worker-7] INFO api.SurveysOfMemberApi - Validation successful for Member ID 96
18:04:16.918 [ForkJoinPool.commonPool-worker-5] INFO api.SurveysOfMemberApi - Validation successful for Member ID 95
18:04:16.942 [ForkJoinPool.commonPool-worker-3] INFO api.SurveysOfMemberApi - Validation successful for Member ID 97
18:04:17.060 [ForkJoinPool.commonPool-worker-3] INFO api.SurveysOfMemberApi - Validation successful for Member ID 100
18:04:17.062 [ForkJoinPool.commonPool-worker-7] INFO api.SurveysOfMemberApi - Validation successful for Member ID 98
18:04:17.176 [ForkJoinPool.commonPool-worker-5] INFO api.SurveysOfMemberApi - Validation successful for Member ID 99
18:04:17.275 [ForkJoinPool.commonPool-worker-3] INFO api.SurveysOfMemberApi - Validation successful for Member ID 101
18:04:17.326 [ForkJoinPool.commonPool-worker-7] INFO api.SurveysOfMemberApi - Validation successful for Member ID 102
18:04:17.480 [ForkJoinPool.commonPool-worker-5] INFO api.SurveysOfMemberApi - Validation successful for Member ID 103
18:04:17.522 [ForkJoinPool.commonPool-worker-3] INFO api.SurveysOfMemberApi - Validation successful for Member ID 104
18:04:17.599 [ForkJoinPool.commonPool-worker-7] INFO api.SurveysOfMemberApi - Validation successful for Member ID 105
18:04:17.668 [ForkJoinPool.commonPool-worker-5] INFO api.SurveysOfMemberApi - Validation successful for Member ID 106
18:04:17.676 [ForkJoinPool.commonPool-worker-3] INFO api.SurveysOfMemberApi - Validation successful for Member ID 107
18:04:17.743 [ForkJoinPool.commonPool-worker-5] INFO api.SurveysOfMemberApi - Validation successful for Member ID 109
18:04:17.827 [ForkJoinPool.commonPool-worker-7] INFO api.SurveysOfMemberApi - Validation successful for Member ID 108
18:04:17.953 [ForkJoinPool.commonPool-worker-3] INFO api.SurveysOfMemberApi - Validation successful for Member ID 110
18:04:18.026 [ForkJoinPool.commonPool-worker-5] INFO api.SurveysOfMemberApi - Validation successful for Member ID 111
18:04:18.107 [ForkJoinPool.commonPool-worker-3] INFO api.SurveysOfMemberApi - Validation successful for Member ID 113
18:04:18.120 [ForkJoinPool.commonPool-worker-7] INFO api.SurveysOfMemberApi - Validation successful for Member ID 112
18:04:18.234 [ForkJoinPool.commonPool-worker-7] INFO api.SurveysOfMemberApi - Validation successful for Member ID 116
18:04:18.245 [ForkJoinPool.commonPool-worker-5] INFO api.SurveysOfMemberApi - Validation successful for Member ID 114
18:04:18.282 [ForkJoinPool.commonPool-worker-3] INFO api.SurveysOfMemberApi - Validation successful for Member ID 115
18:04:18.426 [ForkJoinPool.commonPool-worker-7] INFO api.SurveysOfMemberApi - Validation successful for Member ID 117
18:04:18.467 [ForkJoinPool.commonPool-worker-5] INFO api.SurveysOfMemberApi - Validation successful for Member ID 118
18:04:18.552 [ForkJoinPool.commonPool-worker-5] INFO api.SurveysOfMemberApi - Validation successful for Member ID 121
18:04:18.570 [ForkJoinPool.commonPool-worker-3] INFO api.SurveysOfMemberApi - Validation successful for Member ID 119
18:04:18.615 [ForkJoinPool.commonPool-worker-5] INFO api.SurveysOfMemberApi - Validation successful for Member ID 122
18:04:18.653 [ForkJoinPool.commonPool-worker-7] INFO api.SurveysOfMemberApi - Validation successful for Member ID 120
18:04:18.691 [ForkJoinPool.commonPool-worker-3] INFO api.SurveysOfMemberApi - Validation successful for Member ID 123
18:04:18.786 [ForkJoinPool.commonPool-worker-7] INFO api.SurveysOfMemberApi - Validation successful for Member ID 125
18:04:18.826 [ForkJoinPool.commonPool-worker-5] INFO api.SurveysOfMemberApi - Validation successful for Member ID 124
18:04:19.007 [ForkJoinPool.commonPool-worker-3] INFO api.SurveysOfMemberApi - Validation successful for Member ID 126
18:04:19.019 [ForkJoinPool.commonPool-worker-7] INFO api.SurveysOfMemberApi - Validation successful for Member ID 127
18:04:19.195 [ForkJoinPool.commonPool-worker-5] INFO api.SurveysOfMemberApi - Validation successful for Member ID 128
18:04:19.239 [ForkJoinPool.commonPool-worker-7] INFO api.SurveysOfMemberApi - Validation successful for Member ID 130
18:04:19.314 [ForkJoinPool.commonPool-worker-3] INFO api.SurveysOfMemberApi - Validation successful for Member ID 129
18:04:19.394 [ForkJoinPool.commonPool-worker-7] INFO api.SurveysOfMemberApi - Validation successful for Member ID 132
18:04:19.465 [ForkJoinPool.commonPool-worker-5] INFO api.SurveysOfMemberApi - Validation successful for Member ID 131
18:04:19.543 [ForkJoinPool.commonPool-worker-7] INFO api.SurveysOfMemberApi - Validation successful for Member ID 134
18:04:19.588 [ForkJoinPool.commonPool-worker-5] INFO api.SurveysOfMemberApi - Validation successful for Member ID 135
18:04:19.593 [ForkJoinPool.commonPool-worker-3] INFO api.SurveysOfMemberApi - Validation successful for Member ID 133
18:04:19.733 [ForkJoinPool.commonPool-worker-7] INFO api.SurveysOfMemberApi - Validation successful for Member ID 136
18:04:19.836 [ForkJoinPool.commonPool-worker-5] INFO api.SurveysOfMemberApi - Validation successful for Member ID 137
18:04:19.951 [ForkJoinPool.commonPool-worker-3] INFO api.SurveysOfMemberApi - Validation successful for Member ID 138
18:04:20.119 [ForkJoinPool.commonPool-worker-7] INFO api.SurveysOfMemberApi - Validation successful for Member ID 139
18:04:20.331 [ForkJoinPool.commonPool-worker-7] INFO api.SurveysOfMemberApi - Validation successful for Member ID 142
18:04:20.340 [ForkJoinPool.commonPool-worker-3] INFO api.SurveysOfMemberApi - Validation successful for Member ID 141
18:04:20.361 [ForkJoinPool.commonPool-worker-5] INFO api.SurveysOfMemberApi - Validation successful for Member ID 140
18:04:20.420 [ForkJoinPool.commonPool-worker-7] INFO api.SurveysOfMemberApi - Validation successful for Member ID 143
18:04:20.470 [ForkJoinPool.commonPool-worker-3] INFO api.SurveysOfMemberApi - Validation successful for Member ID 144
18:04:20.526 [ForkJoinPool.commonPool-worker-5] INFO api.SurveysOfMemberApi - Validation successful for Member ID 145
18:04:20.573 [ForkJoinPool.commonPool-worker-3] INFO api.SurveysOfMemberApi - Validation successful for Member ID 147
18:04:20.582 [ForkJoinPool.commonPool-worker-7] INFO api.SurveysOfMemberApi - Validation successful for Member ID 146
18:04:20.692 [ForkJoinPool.commonPool-worker-5] INFO api.SurveysOfMemberApi - Validation successful for Member ID 148
18:04:20.726 [ForkJoinPool.commonPool-worker-7] INFO api.SurveysOfMemberApi - Validation successful for Member ID 150
18:04:20.759 [ForkJoinPool.commonPool-worker-3] INFO api.SurveysOfMemberApi - Validation successful for Member ID 149
18:04:20.895 [ForkJoinPool.commonPool-worker-5] INFO api.SurveysOfMemberApi - Validation successful for Member ID 151
18:04:20.951 [ForkJoinPool.commonPool-worker-3] INFO api.SurveysOfMemberApi - Validation successful for Member ID 153
18:04:20.972 [ForkJoinPool.commonPool-worker-7] INFO api.SurveysOfMemberApi - Validation successful for Member ID 152
18:04:21.239 [ForkJoinPool.commonPool-worker-5] INFO api.SurveysOfMemberApi - Validation successful for Member ID 154
18:04:21.301 [ForkJoinPool.commonPool-worker-7] INFO api.SurveysOfMemberApi - Validation successful for Member ID 156
18:04:21.354 [ForkJoinPool.commonPool-worker-3] INFO api.SurveysOfMemberApi - Validation successful for Member ID 155
18:04:21.416 [ForkJoinPool.commonPool-worker-5] INFO api.SurveysOfMemberApi - Validation successful for Member ID 157
18:04:21.416 [ForkJoinPool.commonPool-worker-3] INFO api.SurveysOfMemberApi - Validation successful for Member ID 159
18:04:21.615 [ForkJoinPool.commonPool-worker-5] INFO api.SurveysOfMemberApi - Validation successful for Member ID 160
18:04:21.624 [ForkJoinPool.commonPool-worker-3] INFO api.SurveysOfMemberApi - Validation successful for Member ID 161
18:04:21.643 [ForkJoinPool.commonPool-worker-7] INFO api.SurveysOfMemberApi - Validation successful for Member ID 158
18:04:21.763 [ForkJoinPool.commonPool-worker-3] INFO api.SurveysOfMemberApi - Validation successful for Member ID 163
18:04:21.779 [ForkJoinPool.commonPool-worker-7] INFO api.SurveysOfMemberApi - Validation successful for Member ID 164
18:04:21.847 [ForkJoinPool.commonPool-worker-5] INFO api.SurveysOfMemberApi - Validation successful for Member ID 162
18:04:21.899 [ForkJoinPool.commonPool-worker-7] INFO api.SurveysOfMemberApi - Validation successful for Member ID 166
18:04:21.914 [ForkJoinPool.commonPool-worker-3] INFO api.SurveysOfMemberApi - Validation successful for Member ID 165
18:04:22.049 [ForkJoinPool.commonPool-worker-7] INFO api.SurveysOfMemberApi - Validation successful for Member ID 168
18:04:22.074 [ForkJoinPool.commonPool-worker-3] INFO api.SurveysOfMemberApi - Validation successful for Member ID 169
18:04:22.086 [ForkJoinPool.commonPool-worker-5] INFO api.SurveysOfMemberApi - Validation successful for Member ID 167
18:04:22.242 [ForkJoinPool.commonPool-worker-5] INFO api.SurveysOfMemberApi - Validation successful for Member ID 172
18:04:22.283 [ForkJoinPool.commonPool-worker-7] INFO api.SurveysOfMemberApi - Validation successful for Member ID 170
18:04:22.348 [ForkJoinPool.commonPool-worker-3] INFO api.SurveysOfMemberApi - Validation successful for Member ID 171
18:04:22.406 [ForkJoinPool.commonPool-worker-7] INFO api.SurveysOfMemberApi - Validation successful for Member ID 174
18:04:22.427 [ForkJoinPool.commonPool-worker-5] INFO api.SurveysOfMemberApi - Validation successful for Member ID 173
18:04:22.476 [ForkJoinPool.commonPool-worker-3] INFO api.SurveysOfMemberApi - Validation successful for Member ID 175
18:04:22.504 [ForkJoinPool.commonPool-worker-7] INFO api.SurveysOfMemberApi - Validation successful for Member ID 176
18:04:22.576 [ForkJoinPool.commonPool-worker-5] INFO api.SurveysOfMemberApi - Validation successful for Member ID 177
18:04:22.666 [ForkJoinPool.commonPool-worker-3] INFO api.SurveysOfMemberApi - Validation successful for Member ID 178
18:04:22.686 [ForkJoinPool.commonPool-worker-7] INFO api.SurveysOfMemberApi - Validation successful for Member ID 179
18:04:22.713 [ForkJoinPool.commonPool-worker-5] INFO api.SurveysOfMemberApi - Validation successful for Member ID 180
18:04:22.747 [ForkJoinPool.commonPool-worker-3] INFO api.SurveysOfMemberApi - Validation successful for Member ID 181
18:04:22.819 [ForkJoinPool.commonPool-worker-5] INFO api.SurveysOfMemberApi - Validation successful for Member ID 183
18:04:22.837 [ForkJoinPool.commonPool-worker-7] INFO api.SurveysOfMemberApi - Validation successful for Member ID 182
18:04:22.900 [ForkJoinPool.commonPool-worker-3] INFO api.SurveysOfMemberApi - Validation successful for Member ID 184
18:04:23.072 [ForkJoinPool.commonPool-worker-7] INFO api.SurveysOfMemberApi - Validation successful for Member ID 186
18:04:23.089 [ForkJoinPool.commonPool-worker-5] INFO api.SurveysOfMemberApi - Validation successful for Member ID 185
18:04:23.209 [ForkJoinPool.commonPool-worker-3] INFO api.SurveysOfMemberApi - Validation successful for Member ID 187
18:04:23.233 [ForkJoinPool.commonPool-worker-5] INFO api.SurveysOfMemberApi - Validation successful for Member ID 189
18:04:23.242 [ForkJoinPool.commonPool-worker-7] INFO api.SurveysOfMemberApi - Validation successful for Member ID 188
18:04:23.266 [ForkJoinPool.commonPool-worker-3] INFO api.SurveysOfMemberApi - Validation successful for Member ID 190
18:04:23.332 [ForkJoinPool.commonPool-worker-5] INFO api.SurveysOfMemberApi - Validation successful for Member ID 191
18:04:23.403 [ForkJoinPool.commonPool-worker-3] INFO api.SurveysOfMemberApi - Validation successful for Member ID 193
18:04:23.449 [ForkJoinPool.commonPool-worker-7] INFO api.SurveysOfMemberApi - Validation successful for Member ID 192
18:04:23.498 [ForkJoinPool.commonPool-worker-5] INFO api.SurveysOfMemberApi - Validation successful for Member ID 194
18:04:23.536 [ForkJoinPool.commonPool-worker-3] INFO api.SurveysOfMemberApi - Validation successful for Member ID 195
18:04:23.561 [ForkJoinPool.commonPool-worker-7] INFO api.SurveysOfMemberApi - Validation successful for Member ID 196
18:04:23.680 [ForkJoinPool.commonPool-worker-3] INFO api.SurveysOfMemberApi - Validation successful for Member ID 198
18:04:23.722 [ForkJoinPool.commonPool-worker-7] INFO api.SurveysOfMemberApi - Validation successful for Member ID 199
18:04:23.724 [ForkJoinPool.commonPool-worker-5] INFO api.SurveysOfMemberApi - Validation successful for Member ID 197
18:04:23.815 [ForkJoinPool.commonPool-worker-3] INFO api.SurveysOfMemberApi - Validation successful for Member ID 200
18:04:23.974 [ForkJoinPool.commonPool-worker-5] INFO api.SurveysOfMemberApi - Validation successful for Member ID 202
18:04:24.007 [ForkJoinPool.commonPool-worker-3] INFO api.SurveysOfMemberApi - Validation successful for Member ID 203
18:04:24.014 [ForkJoinPool.commonPool-worker-7] INFO api.SurveysOfMemberApi - Validation successful for Member ID 201
18:04:24.100 [ForkJoinPool.commonPool-worker-5] INFO api.SurveysOfMemberApi - Validation successful for Member ID 204
18:04:24.176 [ForkJoinPool.commonPool-worker-3] INFO api.SurveysOfMemberApi - Validation successful for Member ID 205
18:04:24.198 [ForkJoinPool.commonPool-worker-5] INFO api.SurveysOfMemberApi - Validation successful for Member ID 207
18:04:24.205 [ForkJoinPool.commonPool-worker-7] INFO api.SurveysOfMemberApi - Validation successful for Member ID 206
18:04:24.311 [ForkJoinPool.commonPool-worker-3] INFO api.SurveysOfMemberApi - Validation successful for Member ID 208
18:04:24.342 [ForkJoinPool.commonPool-worker-5] INFO api.SurveysOfMemberApi - Validation successful for Member ID 209
18:04:24.432 [ForkJoinPool.commonPool-worker-3] INFO api.SurveysOfMemberApi - Validation successful for Member ID 211
18:04:24.444 [ForkJoinPool.commonPool-worker-7] INFO api.SurveysOfMemberApi - Validation successful for Member ID 210
18:04:24.485 [ForkJoinPool.commonPool-worker-5] INFO api.SurveysOfMemberApi - Validation successful for Member ID 212
18:04:24.572 [ForkJoinPool.commonPool-worker-7] INFO api.SurveysOfMemberApi - Validation successful for Member ID 214
18:04:24.590 [ForkJoinPool.commonPool-worker-3] INFO api.SurveysOfMemberApi - Validation successful for Member ID 213
18:04:24.637 [ForkJoinPool.commonPool-worker-5] INFO api.SurveysOfMemberApi - Validation successful for Member ID 215
18:04:24.689 [ForkJoinPool.commonPool-worker-7] INFO api.SurveysOfMemberApi - Validation successful for Member ID 216
18:04:24.729 [ForkJoinPool.commonPool-worker-3] INFO api.SurveysOfMemberApi - Validation successful for Member ID 217
18:04:24.831 [ForkJoinPool.commonPool-worker-5] INFO api.SurveysOfMemberApi - Validation successful for Member ID 218
18:04:24.842 [ForkJoinPool.commonPool-worker-3] INFO api.SurveysOfMemberApi - Validation successful for Member ID 220
18:04:24.861 [ForkJoinPool.commonPool-worker-7] INFO api.SurveysOfMemberApi - Validation successful for Member ID 219
18:04:24.948 [ForkJoinPool.commonPool-worker-3] INFO api.SurveysOfMemberApi - Validation successful for Member ID 222
18:04:24.949 [ForkJoinPool.commonPool-worker-5] INFO api.SurveysOfMemberApi - Validation successful for Member ID 221
18:04:24.980 [ForkJoinPool.commonPool-worker-7] INFO api.SurveysOfMemberApi - Validation successful for Member ID 223
18:04:25.043 [ForkJoinPool.commonPool-worker-3] INFO api.SurveysOfMemberApi - Validation successful for Member ID 224
18:04:25.102 [ForkJoinPool.commonPool-worker-5] INFO api.SurveysOfMemberApi - Validation successful for Member ID 225
18:04:25.147 [ForkJoinPool.commonPool-worker-7] INFO api.SurveysOfMemberApi - Validation successful for Member ID 226
18:04:25.199 [ForkJoinPool.commonPool-worker-3] INFO api.SurveysOfMemberApi - Validation successful for Member ID 227
18:04:25.214 [ForkJoinPool.commonPool-worker-5] INFO api.SurveysOfMemberApi - Validation successful for Member ID 228
18:04:25.366 [ForkJoinPool.commonPool-worker-7] INFO api.SurveysOfMemberApi - Validation successful for Member ID 229
18:04:25.377 [ForkJoinPool.commonPool-worker-5] INFO api.SurveysOfMemberApi - Validation successful for Member ID 231
18:04:25.474 [ForkJoinPool.commonPool-worker-3] INFO api.SurveysOfMemberApi - Validation successful for Member ID 230
18:04:25.533 [ForkJoinPool.commonPool-worker-5] INFO api.SurveysOfMemberApi - Validation successful for Member ID 233
18:04:25.569 [ForkJoinPool.commonPool-worker-7] INFO api.SurveysOfMemberApi - Validation successful for Member ID 232
18:04:25.642 [ForkJoinPool.commonPool-worker-3] INFO api.SurveysOfMemberApi - Validation successful for Member ID 234
18:04:25.676 [ForkJoinPool.commonPool-worker-7] INFO api.SurveysOfMemberApi - Validation successful for Member ID 236
18:04:25.704 [ForkJoinPool.commonPool-worker-5] INFO api.SurveysOfMemberApi - Validation successful for Member ID 235
18:04:25.713 [ForkJoinPool.commonPool-worker-3] INFO api.SurveysOfMemberApi - Validation successful for Member ID 237
18:04:25.748 [ForkJoinPool.commonPool-worker-7] INFO api.SurveysOfMemberApi - Validation successful for Member ID 238
18:04:25.812 [ForkJoinPool.commonPool-worker-3] INFO api.SurveysOfMemberApi - Validation successful for Member ID 240
18:04:25.879 [ForkJoinPool.commonPool-worker-7] INFO api.SurveysOfMemberApi - Validation successful for Member ID 241
18:04:25.879 [ForkJoinPool.commonPool-worker-5] INFO api.SurveysOfMemberApi - Validation successful for Member ID 239
18:04:25.908 [ForkJoinPool.commonPool-worker-3] INFO api.SurveysOfMemberApi - Validation successful for Member ID 242
18:04:26.067 [ForkJoinPool.commonPool-worker-3] INFO api.SurveysOfMemberApi - Validation successful for Member ID 245
18:04:26.068 [ForkJoinPool.commonPool-worker-5] INFO api.SurveysOfMemberApi - Validation successful for Member ID 244
18:04:26.092 [ForkJoinPool.commonPool-worker-7] INFO api.SurveysOfMemberApi - Validation successful for Member ID 243
18:04:26.135 [ForkJoinPool.commonPool-worker-5] INFO api.SurveysOfMemberApi - Validation successful for Member ID 247
18:04:26.191 [ForkJoinPool.commonPool-worker-3] INFO api.SurveysOfMemberApi - Validation successful for Member ID 246
18:04:26.224 [ForkJoinPool.commonPool-worker-5] INFO api.SurveysOfMemberApi - Validation successful for Member ID 249
18:04:26.246 [ForkJoinPool.commonPool-worker-7] INFO api.SurveysOfMemberApi - Validation successful for Member ID 248
18:04:26.310 [ForkJoinPool.commonPool-worker-7] INFO api.SurveysOfMemberApi - Validation successful for Member ID 252
18:04:26.338 [ForkJoinPool.commonPool-worker-3] INFO api.SurveysOfMemberApi - Validation successful for Member ID 250
18:04:26.389 [ForkJoinPool.commonPool-worker-5] INFO api.SurveysOfMemberApi - Validation successful for Member ID 251
18:04:26.405 [ForkJoinPool.commonPool-worker-7] INFO api.SurveysOfMemberApi - Validation successful for Member ID 253
18:04:26.477 [ForkJoinPool.commonPool-worker-7] INFO api.SurveysOfMemberApi - Validation successful for Member ID 256
18:04:26.486 [ForkJoinPool.commonPool-worker-3] INFO api.SurveysOfMemberApi - Validation successful for Member ID 254
18:04:26.591 [ForkJoinPool.commonPool-worker-5] INFO api.SurveysOfMemberApi - Validation successful for Member ID 255
18:04:26.593 [ForkJoinPool.commonPool-worker-3] INFO api.SurveysOfMemberApi - Validation successful for Member ID 258
18:04:26.623 [ForkJoinPool.commonPool-worker-7] INFO api.SurveysOfMemberApi - Validation successful for Member ID 257
18:04:26.765 [ForkJoinPool.commonPool-worker-3] INFO api.SurveysOfMemberApi - Validation successful for Member ID 260
18:04:26.820 [ForkJoinPool.commonPool-worker-5] INFO api.SurveysOfMemberApi - Validation successful for Member ID 259
18:04:26.832 [ForkJoinPool.commonPool-worker-7] INFO api.SurveysOfMemberApi - Validation successful for Member ID 261
18:04:26.911 [ForkJoinPool.commonPool-worker-3] INFO api.SurveysOfMemberApi - Validation successful for Member ID 262
18:04:26.968 [ForkJoinPool.commonPool-worker-5] INFO api.SurveysOfMemberApi - Validation successful for Member ID 263
18:04:26.997 [ForkJoinPool.commonPool-worker-7] INFO api.SurveysOfMemberApi - Validation successful for Member ID 264
18:04:27.062 [ForkJoinPool.commonPool-worker-3] INFO api.SurveysOfMemberApi - Validation successful for Member ID 265
18:04:27.080 [ForkJoinPool.commonPool-worker-5] INFO api.SurveysOfMemberApi - Validation successful for Member ID 266
18:04:27.093 [ForkJoinPool.commonPool-worker-7] INFO api.SurveysOfMemberApi - Validation successful for Member ID 267
18:04:27.157 [ForkJoinPool.commonPool-worker-3] INFO api.SurveysOfMemberApi - Validation successful for Member ID 268
18:04:27.169 [ForkJoinPool.commonPool-worker-5] INFO api.SurveysOfMemberApi - Validation successful for Member ID 269
18:04:27.241 [ForkJoinPool.commonPool-worker-7] INFO api.SurveysOfMemberApi - Validation successful for Member ID 270
18:04:27.313 [ForkJoinPool.commonPool-worker-7] INFO api.SurveysOfMemberApi - Validation successful for Member ID 273
18:04:27.342 [ForkJoinPool.commonPool-worker-3] INFO api.SurveysOfMemberApi - Validation successful for Member ID 271
18:04:27.345 [ForkJoinPool.commonPool-worker-5] INFO api.SurveysOfMemberApi - Validation successful for Member ID 272
18:04:27.488 [ForkJoinPool.commonPool-worker-7] INFO api.SurveysOfMemberApi - Validation successful for Member ID 274
18:04:27.525 [ForkJoinPool.commonPool-worker-3] INFO api.SurveysOfMemberApi - Validation successful for Member ID 275
18:04:27.562 [ForkJoinPool.commonPool-worker-5] INFO api.SurveysOfMemberApi - Validation successful for Member ID 276
18:04:27.600 [ForkJoinPool.commonPool-worker-7] INFO api.SurveysOfMemberApi - Validation successful for Member ID 277
18:04:27.605 [ForkJoinPool.commonPool-worker-5] INFO api.SurveysOfMemberApi - Validation successful for Member ID 279
18:04:27.666 [ForkJoinPool.commonPool-worker-7] INFO api.SurveysOfMemberApi - Validation successful for Member ID 280
18:04:27.670 [ForkJoinPool.commonPool-worker-3] INFO api.SurveysOfMemberApi - Validation successful for Member ID 278
18:04:27.697 [ForkJoinPool.commonPool-worker-5] INFO api.SurveysOfMemberApi - Validation successful for Member ID 281
18:04:27.821 [ForkJoinPool.commonPool-worker-5] INFO api.SurveysOfMemberApi - Validation successful for Member ID 284
18:04:27.830 [ForkJoinPool.commonPool-worker-7] INFO api.SurveysOfMemberApi - Validation successful for Member ID 282
18:04:27.878 [ForkJoinPool.commonPool-worker-3] INFO api.SurveysOfMemberApi - Validation successful for Member ID 283
18:04:27.908 [ForkJoinPool.commonPool-worker-5] INFO api.SurveysOfMemberApi - Validation successful for Member ID 285
18:04:27.967 [ForkJoinPool.commonPool-worker-7] INFO api.SurveysOfMemberApi - Validation successful for Member ID 286
18:04:27.995 [ForkJoinPool.commonPool-worker-3] INFO api.SurveysOfMemberApi - Validation successful for Member ID 287
18:04:28.012 [ForkJoinPool.commonPool-worker-5] INFO api.SurveysOfMemberApi - Validation successful for Member ID 288
18:04:28.190 [ForkJoinPool.commonPool-worker-3] INFO api.SurveysOfMemberApi - Validation successful for Member ID 290
18:04:28.201 [ForkJoinPool.commonPool-worker-7] INFO api.SurveysOfMemberApi - Validation successful for Member ID 289
18:04:28.276 [ForkJoinPool.commonPool-worker-5] INFO api.SurveysOfMemberApi - Validation successful for Member ID 291
18:04:28.313 [ForkJoinPool.commonPool-worker-3] INFO api.SurveysOfMemberApi - Validation successful for Member ID 292
18:04:28.375 [ForkJoinPool.commonPool-worker-5] INFO api.SurveysOfMemberApi - Validation successful for Member ID 294
18:04:28.380 [ForkJoinPool.commonPool-worker-7] INFO api.SurveysOfMemberApi - Validation successful for Member ID 293
18:04:28.419 [ForkJoinPool.commonPool-worker-3] INFO api.SurveysOfMemberApi - Validation successful for Member ID 295
18:04:28.511 [ForkJoinPool.commonPool-worker-3] INFO api.SurveysOfMemberApi - Validation successful for Member ID 298
18:04:28.532 [ForkJoinPool.commonPool-worker-5] INFO api.SurveysOfMemberApi - Validation successful for Member ID 296
18:04:28.547 [ForkJoinPool.commonPool-worker-7] INFO api.SurveysOfMemberApi - Validation successful for Member ID 297
18:04:28.560 [ForkJoinPool.commonPool-worker-3] INFO api.SurveysOfMemberApi - Validation successful for Member ID 299
18:04:28.586 [ForkJoinPool.commonPool-worker-5] INFO api.SurveysOfMemberApi - Validation successful for Member ID 300
]]></system-out>
  </testcase>
</testsuite>