<?xml version="1.0" encoding="UTF-8"?>
<testsuite xmlns:xsi="http://www.w3.org/2001/XMLSchema-instance" xsi:noNamespaceSchemaLocation="https://maven.apache.org/surefire/maven-surefire-plugin/xsd/surefire-test-report.xsd" version="3.0.2" name="tests.integration.SurveyStatisticsTest" time="0.072" tests="5" errors="0" skipped="0" failures="2">
  <properties>
[...]
</properties>
  <testcase name="testSurveyIds" classname="tests.integration.SurveyStatisticsTest" time="0.012"/>
  <testcase name="testNumberOfFiltered" classname="tests.integration.SurveyStatisticsTest" time="0.012"/>
  <testcase name="testNumberOfCompletes" classname="tests.integration.SurveyStatisticsTest" time="0.02">
    <failure message="Mismatch in Number of Completes&#10;Expected: iterable containing [&lt;21&gt;, &lt;14&gt;, &lt;28&gt;, &lt;25&gt;, &lt;18&gt;, &lt;10&gt;, &lt;22&gt;, &lt;18&gt;, &lt;22&gt;, &lt;19&gt;, &lt;25&gt;, &lt;22&gt;, &lt;21&gt;, &lt;17&gt;, &lt;24&gt;, &lt;21&gt;, &lt;23&gt;, &lt;13&gt;, &lt;24&gt;, &lt;24&gt;, &lt;24&gt;, &lt;13&gt;, &lt;22&gt;, &lt;27&gt;, &lt;24&gt;, &lt;23&gt;, &lt;20&gt;, &lt;25&gt;, &lt;21&gt;, &lt;23&gt;, &lt;17&gt;, &lt;23&gt;, &lt;20&gt;, &lt;23&gt;, &lt;26&gt;, &lt;16&gt;, &lt;21&gt;, &lt;24&gt;, &lt;22&gt;, &lt;22&gt;, &lt;18&gt;, &lt;21&gt;, &lt;23&gt;, &lt;21&gt;, &lt;22&gt;, &lt;15&gt;, &lt;30&gt;, &lt;15&gt;, &lt;19&gt;, &lt;28&gt;, &lt;22&gt;, &lt;19&gt;, &lt;18&gt;, &lt;21&gt;, &lt;17&gt;, &lt;19&gt;, &lt;12&gt;, &lt;29&gt;, &lt;22&gt;, &lt;23&gt;, &lt;15&gt;, &lt;30&gt;, &lt;19&gt;, &lt;15&gt;, &lt;25&gt;, &lt;16&gt;, &lt;26&gt;, &lt;34&gt;, &lt;22&gt;, &lt;22&gt;, &lt;17&gt;, &lt;28&gt;, &lt;21&gt;, &lt;20&gt;, &lt;16&gt;, &lt;16&gt;, &lt;29&gt;, &lt;24&gt;, &lt;27&gt;, &lt;17&gt;, &lt;20&gt;, &lt;17&gt;, &lt;18&gt;, &lt;25&gt;, &lt;24&gt;, &lt;20&gt;, &lt;21&gt;, &lt;23&gt;, &lt;26&gt;, &lt;20&gt;, &lt;10&gt;, &lt;20&gt;, &lt;14&gt;, &lt;11&gt;, &lt;13&gt;, &lt;21&gt;, &lt;20&gt;, &lt;18&gt;, &lt;17&gt;, &lt;24&gt;]&#10;     but: item 0: was &lt;8&gt;" type="java.lang.AssertionError"><![CDATA[java.lang.AssertionError: 
Mismatch in Number of Completes
Expected: iterable containing [<21>, <14>, <28>, <25>, <18>, <10>, <22>, <18>, <22>, <19>, <25>, <22>, <21>, <17>, <24>, <21>, <23>, <13>, <24>, <24>, <24>, <13>, <22>, <27>, <24>, <23>, <20>, <25>, <21>, <23>, <17>, <23>, <20>, <23>, <26>, <16>, <21>, <24>, <22>, <22>, <18>, <21>, <23>, <21>, <22>, <15>, <30>, <15>, <19>, <28>, <22>, <19>, <18>, <21>, <17>, <19>, <12>, <29>, <22>, <23>, <15>, <30>, <19>, <15>, <25>, <16>, <26>, <34>, <22>, <22>, <17>, <28>, <21>, <20>, <16>, <16>, <29>, <24>, <27>, <17>, <20>, <17>, <18>, <25>, <24>, <20>, <21>, <23>, <26>, <20>, <10>, <20>, <14>, <11>, <13>, <21>, <20>, <18>, <17>, <24>]
     but: item 0: was <8>
	at org.hamcrest.MatcherAssert.assertThat(MatcherAssert.java:18)
	at utils.AssertionHelper.assertValues(AssertionHelper.java:13)
	at api.SurveyStatApi.testSurveyStatistic(SurveyStatApi.java:30)
	at tests.integration.SurveyStatisticsTest.testNumberOfCompletes(SurveyStatisticsTest.java:29)
	at java.base/jdk.internal.reflect.NativeMethodAccessorImpl.invoke0(Native Method)
	at java.base/jdk.internal.reflect.NativeMethodAccessorImpl.invoke(NativeMethodAccessorImpl.java:62)
	at java.base/jdk.internal.reflect.DelegatingMethodAccessorImpl.invoke(DelegatingMethodAccessorImpl.java:43)
	at java.base/java.lang.reflect.Method.invoke(Method.java:566)
	at org.junit.platform.commons.util.ReflectionUtils.invokeMethod(ReflectionUtils.java:728)
	at org.junit.jupiter.engine.execution.MethodInvocation.proceed(MethodInvocation.java:60)
	at org.junit.jupiter.engine.execution.InvocationInterceptorChain$ValidatingInvocation.proceed(InvocationInterceptorChain.java:131)
	at org.junit.jupiter.api.extension.InvocationInterceptor.interceptTestMethod(InvocationInterceptor.java:119)
	at org.junit.jupiter.engine.execution.InterceptingExecutableInvoker$ReflectiveInterceptorCall.lambda$ofVoidMethod$0(InterceptingExecutableInvoker.java:103)
	at org.junit.jupiter.engine.execution.InterceptingExecutableInvoker.lambda$invoke$0(InterceptingExecutableInvoker.java:93)
	at org.junit.jupiter.engine.execution.InvocationInterceptorChain$InterceptedInvocation.proceed(InvocationInterceptorChain.java:106)
	at org.junit.jupiter.engine.extension.TimeoutExtension.intercept(TimeoutExtension.java:156)
	at org.junit.jupiter.engine.extension.TimeoutExtension.interceptTestableMethod(TimeoutExtension.java:147)
	at org.junit.jupiter.engine.extension.TimeoutExtension.interceptTestMethod(TimeoutExtension.java:86)
	at org.junit.jupiter.engine.execution.InterceptingExecutableInvoker$ReflectiveInterceptorCall.lambda$ofVoidMethod$0(InterceptingExecutableInvoker.java:103)
	at org.junit.jupiter.engine.execution.InterceptingExecutableInvoker.lambda$invoke$0(InterceptingExecutableInvoker.java:93)
	at org.junit.jupiter.engine.execution.InvocationInterceptorChain$InterceptedInvocation.proceed(InvocationInterceptorChain.java:106)
	at org.junit.jupiter.engine.execution.InvocationInterceptorChain.proceed(InvocationInterceptorChain.java:64)
	at org.junit.jupiter.engine.execution.InvocationInterceptorChain.chainAndInvoke(InvocationInterceptorChain.java:45)
	at org.junit.jupiter.engine.execution.InvocationInterceptorChain.invoke(InvocationInterceptorChain.java:37)
	at org.junit.jupiter.engine.execution.InterceptingExecutableInvoker.invoke(InterceptingExecutableInvoker.java:92)
	at org.junit.jupiter.engine.execution.InterceptingExecutableInvoker.invoke(InterceptingExecutableInvoker.java:86)
	at org.junit.jupiter.engine.descriptor.TestMethodTestDescriptor.lambda$invokeTestMethod$7(TestMethodTestDescriptor.java:218)
	at org.junit.platform.engine.support.hierarchical.ThrowableCollector.execute(ThrowableCollector.java:73)
	at org.junit.jupiter.engine.descriptor.TestMethodTestDescriptor.invokeTestMethod(TestMethodTestDescriptor.java:214)
	at org.junit.jupiter.engine.descriptor.TestMethodTestDescriptor.execute(TestMethodTestDescriptor.java:139)
	at org.junit.jupiter.engine.descriptor.TestMethodTestDescriptor.execute(TestMethodTestDescriptor.java:69)
	at org.junit.platform.engine.support.hierarchical.NodeTestTask.lambda$executeRecursively$6(NodeTestTask.java:151)
	at org.junit.platform.engine.support.hierarchical.ThrowableCollector.execute(ThrowableCollector.java:73)
	at org.junit.platform.engine.support.hierarchical.NodeTestTask.lambda$executeRecursively$8(NodeTestTask.java:141)
	at org.junit.platform.engine.support.hierarchical.Node.around(Node.java:137)
	at org.junit.platform.engine.support.hierarchical.NodeTestTask.lambda$executeRecursively$9(NodeTestTask.java:139)
	at org.junit.platform.engine.support.hierarchical.ThrowableCollector.execute(ThrowableCollector.java:73)
	at org.junit.platform.engine.support.hierarchical.NodeTestTask.executeRecursively(NodeTestTask.java:138)
	at org.junit.platform.engine.support.hierarchical.NodeTestTask.execute(NodeTestTask.java:95)
	at java.base/java.util.ArrayList.forEach(ArrayList.java:1541)
	at org.junit.platform.engine.support.hierarchical.SameThreadHierarchicalTestExecutorService.invokeAll(SameThreadHierarchicalTestExecutorService.java:41)
	at org.junit.platform.engine.support.hierarchical.NodeTestTask.lambda$executeRecursively$6(NodeTestTask.java:155)
	at org.junit.platform.engine.support.hierarchical.ThrowableCollector.execute(ThrowableCollector.java:73)
	at org.junit.platform.engine.support.hierarchical.NodeTestTask.lambda$executeRecursively$8(NodeTestTask.java:141)
	at org.junit.platform.engine.support.hierarchical.Node.around(Node.java:137)
	at org.junit.platform.engine.support.hierarchical.NodeTestTask.lambda$executeRecursively$9(NodeTestTask.java:139)
	at org.junit.platform.engine.support.hierarchical.ThrowableCollector.execute(ThrowableCollector.java:73)
	at org.junit.platform.engine.support.hierarchical.NodeTestTask.executeRecursively(NodeTestTask.java:138)
	at org.junit.platform.engine.support.hierarchical.NodeTestTask.execute(NodeTestTask.java:95)
	at java.base/java.util.ArrayList.forEach(ArrayList.java:1541)
	at org.junit.platform.engine.support.hierarchical.SameThreadHierarchicalTestExecutorService.invokeAll(SameThreadHierarchicalTestExecutorService.java:41)
	at org.junit.platform.engine.support.hierarchical.NodeTestTask.lambda$executeRecursively$6(NodeTestTask.java:155)
	at org.junit.platform.engine.support.hierarchical.ThrowableCollector.execute(ThrowableCollector.java:73)
	at org.junit.platform.engine.support.hierarchical.NodeTestTask.lambda$executeRecursively$8(NodeTestTask.java:141)
	at org.junit.platform.engine.support.hierarchical.Node.around(Node.java:137)
	at org.junit.platform.engine.support.hierarchical.NodeTestTask.lambda$executeRecursively$9(NodeTestTask.java:139)
	at org.junit.platform.engine.support.hierarchical.ThrowableCollector.execute(ThrowableCollector.java:73)
	at org.junit.platform.engine.support.hierarchical.NodeTestTask.executeRecursively(NodeTestTask.java:138)
	at org.junit.platform.engine.support.hierarchical.NodeTestTask.execute(NodeTestTask.java:95)
	at org.junit.platform.engine.support.hierarchical.SameThreadHierarchicalTestExecutorService.submit(SameThreadHierarchicalTestExecutorService.java:35)
	at org.junit.platform.engine.support.hierarchical.HierarchicalTestExecutor.execute(HierarchicalTestExecutor.java:57)
	at org.junit.platform.engine.support.hierarchical.HierarchicalTestEngine.execute(HierarchicalTestEngine.java:54)
	at org.junit.platform.launcher.core.EngineExecutionOrchestrator.execute(EngineExecutionOrchestrator.java:147)
	at org.junit.platform.launcher.core.EngineExecutionOrchestrator.execute(EngineExecutionOrchestrator.java:127)
	at org.junit.platform.launcher.core.EngineExecutionOrchestrator.execute(EngineExecutionOrchestrator.java:90)
	at org.junit.platform.launcher.core.EngineExecutionOrchestrator.lambda$execute$0(EngineExecutionOrchestrator.java:55)
	at org.junit.platform.launcher.core.EngineExecutionOrchestrator.withInterceptedStreams(EngineExecutionOrchestrator.java:102)
	at org.junit.platform.launcher.core.EngineExecutionOrchestrator.execute(EngineExecutionOrchestrator.java:54)
	at org.junit.platform.launcher.core.DefaultLauncher.execute(DefaultLauncher.java:114)
	at org.junit.platform.launcher.core.DefaultLauncher.execute(DefaultLauncher.java:86)
	at org.junit.platform.launcher.core.DefaultLauncherSession$DelegatingLauncher.execute(DefaultLauncherSession.java:86)
	at org.apache.maven.surefire.junitplatform.LazyLauncher.execute(LazyLauncher.java:56)
	at org.apache.maven.surefire.junitplatform.JUnitPlatformProvider.execute(JUnitPlatformProvider.java:184)
	at org.apache.maven.surefire.junitplatform.JUnitPlatformProvider.invokeAllTests(JUnitPlatformProvider.java:148)
	at org.apache.maven.surefire.junitplatform.JUnitPlatformProvider.invoke(JUnitPlatformProvider.java:122)
	at org.apache.maven.surefire.booter.ForkedBooter.runSuitesInProcess(ForkedBooter.java:385)
	at org.apache.maven.surefire.booter.ForkedBooter.execute(ForkedBooter.java:162)
	at org.apache.maven.surefire.booter.ForkedBooter.run(ForkedBooter.java:507)
	at org.apache.maven.surefire.booter.ForkedBooter.main(ForkedBooter.java:495)
]]></failure>
  </testcase>
  <testcase name="testNumberOfRejected" classname="tests.integration.SurveyStatisticsTest" time="0.009"/>
  <testcase name="testAverageLength" classname="tests.integration.SurveyStatisticsTest" time="0.01">
    <failure message="Mismatch in Average Length&#10;Expected: iterable containing [&lt;13&gt;, &lt;15&gt;, &lt;15&gt;, &lt;14&gt;, &lt;15&gt;, &lt;16&gt;, &lt;13&gt;, &lt;13&gt;, &lt;14&gt;, &lt;16&gt;, &lt;15&gt;, &lt;15&gt;, &lt;15&gt;, &lt;15&gt;, &lt;15&gt;, &lt;15&gt;, &lt;13&gt;, &lt;17&gt;, &lt;15&gt;, &lt;14&gt;, &lt;14&gt;, &lt;12&gt;, &lt;17&gt;, &lt;15&gt;, &lt;12&gt;, &lt;13&gt;, &lt;18&gt;, &lt;13&gt;, &lt;12&gt;, &lt;14&gt;, &lt;14&gt;, &lt;17&gt;, &lt;14&gt;, &lt;14&gt;, &lt;14&gt;, &lt;15&gt;, &lt;15&gt;, &lt;15&gt;, &lt;15&gt;, &lt;15&gt;, &lt;13&gt;, &lt;15&gt;, &lt;16&gt;, &lt;13&gt;, &lt;14&gt;, &lt;14&gt;, &lt;15&gt;, &lt;17&gt;, &lt;17&gt;, &lt;14&gt;, &lt;12&gt;, &lt;16&gt;, &lt;16&gt;, &lt;13&gt;, &lt;14&gt;, &lt;13&gt;, &lt;14&gt;, &lt;13&gt;, &lt;15&gt;, &lt;12&gt;, &lt;15&gt;, &lt;16&gt;, &lt;15&gt;, &lt;16&gt;, &lt;14&gt;, &lt;14&gt;, &lt;15&gt;, &lt;15&gt;, &lt;13&gt;, &lt;14&gt;, &lt;14&gt;, &lt;15&gt;, &lt;13&gt;, &lt;14&gt;, &lt;12&gt;, &lt;12&gt;, &lt;14&gt;, &lt;14&gt;, &lt;15&gt;, &lt;14&gt;, &lt;15&gt;, &lt;17&gt;, &lt;15&gt;, &lt;17&gt;, &lt;14&gt;, &lt;16&gt;, &lt;13&gt;, &lt;14&gt;, &lt;16&gt;, &lt;15&gt;, &lt;15&gt;, &lt;13&gt;, &lt;14&gt;, &lt;15&gt;, &lt;17&gt;, &lt;16&gt;, &lt;16&gt;, &lt;16&gt;, &lt;13&gt;, &lt;15&gt;]&#10;     but: item 0: was &lt;3&gt;" type="java.lang.AssertionError"><![CDATA[java.lang.AssertionError: 
Mismatch in Average Length
Expected: iterable containing [<13>, <15>, <15>, <14>, <15>, <16>, <13>, <13>, <14>, <16>, <15>, <15>, <15>, <15>, <15>, <15>, <13>, <17>, <15>, <14>, <14>, <12>, <17>, <15>, <12>, <13>, <18>, <13>, <12>, <14>, <14>, <17>, <14>, <14>, <14>, <15>, <15>, <15>, <15>, <15>, <13>, <15>, <16>, <13>, <14>, <14>, <15>, <17>, <17>, <14>, <12>, <16>, <16>, <13>, <14>, <13>, <14>, <13>, <15>, <12>, <15>, <16>, <15>, <16>, <14>, <14>, <15>, <15>, <13>, <14>, <14>, <15>, <13>, <14>, <12>, <12>, <14>, <14>, <15>, <14>, <15>, <17>, <15>, <17>, <14>, <16>, <13>, <14>, <16>, <15>, <15>, <13>, <14>, <15>, <17>, <16>, <16>, <16>, <13>, <15>]
     but: item 0: was <3>
	at org.hamcrest.MatcherAssert.assertThat(MatcherAssert.java:18)
	at utils.AssertionHelper.assertValues(AssertionHelper.java:13)
	at api.SurveyStatApi.testSurveyStatistic(SurveyStatApi.java:30)
	at tests.integration.SurveyStatisticsTest.testAverageLength(SurveyStatisticsTest.java:50)
	at java.base/jdk.internal.reflect.NativeMethodAccessorImpl.invoke0(Native Method)
	at java.base/jdk.internal.reflect.NativeMethodAccessorImpl.invoke(NativeMethodAccessorImpl.java:62)
	at java.base/jdk.internal.reflect.DelegatingMethodAccessorImpl.invoke(DelegatingMethodAccessorImpl.java:43)
	at java.base/java.lang.reflect.Method.invoke(Method.java:566)
	at org.junit.platform.commons.util.ReflectionUtils.invokeMethod(ReflectionUtils.java:728)
	at org.junit.jupiter.engine.execution.MethodInvocation.proceed(MethodInvocation.java:60)
	at org.junit.jupiter.engine.execution.InvocationInterceptorChain$ValidatingInvocation.proceed(InvocationInterceptorChain.java:131)
	at org.junit.jupiter.api.extension.InvocationInterceptor.interceptTestMethod(InvocationInterceptor.java:119)
	at org.junit.jupiter.engine.execution.InterceptingExecutableInvoker$ReflectiveInterceptorCall.lambda$ofVoidMethod$0(InterceptingExecutableInvoker.java:103)
	at org.junit.jupiter.engine.execution.InterceptingExecutableInvoker.lambda$invoke$0(InterceptingExecutableInvoker.java:93)
	at org.junit.jupiter.engine.execution.InvocationInterceptorChain$InterceptedInvocation.proceed(InvocationInterceptorChain.java:106)
	at org.junit.jupiter.engine.extension.TimeoutExtension.intercept(TimeoutExtension.java:156)
	at org.junit.jupiter.engine.extension.TimeoutExtension.interceptTestableMethod(TimeoutExtension.java:147)
	at org.junit.jupiter.engine.extension.TimeoutExtension.interceptTestMethod(TimeoutExtension.java:86)
	at org.junit.jupiter.engine.execution.InterceptingExecutableInvoker$ReflectiveInterceptorCall.lambda$ofVoidMethod$0(InterceptingExecutableInvoker.java:103)
	at org.junit.jupiter.engine.execution.InterceptingExecutableInvoker.lambda$invoke$0(InterceptingExecutableInvoker.java:93)
	at org.junit.jupiter.engine.execution.InvocationInterceptorChain$InterceptedInvocation.proceed(InvocationInterceptorChain.java:106)
	at org.junit.jupiter.engine.execution.InvocationInterceptorChain.proceed(InvocationInterceptorChain.java:64)
	at org.junit.jupiter.engine.execution.InvocationInterceptorChain.chainAndInvoke(InvocationInterceptorChain.java:45)
	at org.junit.jupiter.engine.execution.InvocationInterceptorChain.invoke(InvocationInterceptorChain.java:37)
	at org.junit.jupiter.engine.execution.InterceptingExecutableInvoker.invoke(InterceptingExecutableInvoker.java:92)
	at org.junit.jupiter.engine.execution.InterceptingExecutableInvoker.invoke(InterceptingExecutableInvoker.java:86)
	at org.junit.jupiter.engine.descriptor.TestMethodTestDescriptor.lambda$invokeTestMethod$7(TestMethodTestDescriptor.java:218)
	at org.junit.platform.engine.support.hierarchical.ThrowableCollector.execute(ThrowableCollector.java:73)
	at org.junit.jupiter.engine.descriptor.TestMethodTestDescriptor.invokeTestMethod(TestMethodTestDescriptor.java:214)
	at org.junit.jupiter.engine.descriptor.TestMethodTestDescriptor.execute(TestMethodTestDescriptor.java:139)
	at org.junit.jupiter.engine.descriptor.TestMethodTestDescriptor.execute(TestMethodTestDescriptor.java:69)
	at org.junit.platform.engine.support.hierarchical.NodeTestTask.lambda$executeRecursively$6(NodeTestTask.java:151)
	at org.junit.platform.engine.support.hierarchical.ThrowableCollector.execute(ThrowableCollector.java:73)
	at org.junit.platform.engine.support.hierarchical.NodeTestTask.lambda$executeRecursively$8(NodeTestTask.java:141)
	at org.junit.platform.engine.support.hierarchical.Node.around(Node.java:137)
	at org.junit.platform.engine.support.hierarchical.NodeTestTask.lambda$executeRecursively$9(NodeTestTask.java:139)
	at org.junit.platform.engine.support.hierarchical.ThrowableCollector.execute(ThrowableCollector.java:73)
	at org.junit.platform.engine.support.hierarchical.NodeTestTask.executeRecursively(NodeTestTask.java:138)
	at org.junit.platform.engine.support.hierarchical.NodeTestTask.execute(NodeTestTask.java:95)
	at java.base/java.util.ArrayList.forEach(ArrayList.java:1541)
	at org.junit.platform.engine.support.hierarchical.SameThreadHierarchicalTestExecutorService.invokeAll(SameThreadHierarchicalTestExecutorService.java:41)
	at org.junit.platform.engine.support.hierarchical.NodeTestTask.lambda$executeRecursively$6(NodeTestTask.java:155)
	at org.junit.platform.engine.support.hierarchical.ThrowableCollector.execute(ThrowableCollector.java:73)
	at org.junit.platform.engine.support.hierarchical.NodeTestTask.lambda$executeRecursively$8(NodeTestTask.java:141)
	at org.junit.platform.engine.support.hierarchical.Node.around(Node.java:137)
	at org.junit.platform.engine.support.hierarchical.NodeTestTask.lambda$executeRecursively$9(NodeTestTask.java:139)
	at org.junit.platform.engine.support.hierarchical.ThrowableCollector.execute(ThrowableCollector.java:73)
	at org.junit.platform.engine.support.hierarchical.NodeTestTask.executeRecursively(NodeTestTask.java:138)
	at org.junit.platform.engine.support.hierarchical.NodeTestTask.execute(NodeTestTask.java:95)
	at java.base/java.util.ArrayList.forEach(ArrayList.java:1541)
	at org.junit.platform.engine.support.hierarchical.SameThreadHierarchicalTestExecutorService.invokeAll(SameThreadHierarchicalTestExecutorService.java:41)
	at org.junit.platform.engine.support.hierarchical.NodeTestTask.lambda$executeRecursively$6(NodeTestTask.java:155)
	at org.junit.platform.engine.support.hierarchical.ThrowableCollector.execute(ThrowableCollector.java:73)
	at org.junit.platform.engine.support.hierarchical.NodeTestTask.lambda$executeRecursively$8(NodeTestTask.java:141)
	at org.junit.platform.engine.support.hierarchical.Node.around(Node.java:137)
	at org.junit.platform.engine.support.hierarchical.NodeTestTask.lambda$executeRecursively$9(NodeTestTask.java:139)
	at org.junit.platform.engine.support.hierarchical.ThrowableCollector.execute(ThrowableCollector.java:73)
	at org.junit.platform.engine.support.hierarchical.NodeTestTask.executeRecursively(NodeTestTask.java:138)
	at org.junit.platform.engine.support.hierarchical.NodeTestTask.execute(NodeTestTask.java:95)
	at org.junit.platform.engine.support.hierarchical.SameThreadHierarchicalTestExecutorService.submit(SameThreadHierarchicalTestExecutorService.java:35)
	at org.junit.platform.engine.support.hierarchical.HierarchicalTestExecutor.execute(HierarchicalTestExecutor.java:57)
	at org.junit.platform.engine.support.hierarchical.HierarchicalTestEngine.execute(HierarchicalTestEngine.java:54)
	at org.junit.platform.launcher.core.EngineExecutionOrchestrator.execute(EngineExecutionOrchestrator.java:147)
	at org.junit.platform.launcher.core.EngineExecutionOrchestrator.execute(EngineExecutionOrchestrator.java:127)
	at org.junit.platform.launcher.core.EngineExecutionOrchestrator.execute(EngineExecutionOrchestrator.java:90)
	at org.junit.platform.launcher.core.EngineExecutionOrchestrator.lambda$execute$0(EngineExecutionOrchestrator.java:55)
	at org.junit.platform.launcher.core.EngineExecutionOrchestrator.withInterceptedStreams(EngineExecutionOrchestrator.java:102)
	at org.junit.platform.launcher.core.EngineExecutionOrchestrator.execute(EngineExecutionOrchestrator.java:54)
	at org.junit.platform.launcher.core.DefaultLauncher.execute(DefaultLauncher.java:114)
	at org.junit.platform.launcher.core.DefaultLauncher.execute(DefaultLauncher.java:86)
	at org.junit.platform.launcher.core.DefaultLauncherSession$DelegatingLauncher.execute(DefaultLauncherSession.java:86)
	at org.apache.maven.surefire.junitplatform.LazyLauncher.execute(LazyLauncher.java:56)
	at org.apache.maven.surefire.junitplatform.JUnitPlatformProvider.execute(JUnitPlatformProvider.java:184)
	at org.apache.maven.surefire.junitplatform.JUnitPlatformProvider.invokeAllTests(JUnitPlatformProvider.java:148)
	at org.apache.maven.surefire.junitplatform.JUnitPlatformProvider.invoke(JUnitPlatformProvider.java:122)
	at org.apache.maven.surefire.booter.ForkedBooter.runSuitesInProcess(ForkedBooter.java:385)
	at org.apache.maven.surefire.booter.ForkedBooter.execute(ForkedBooter.java:162)
	at org.apache.maven.surefire.booter.ForkedBooter.run(ForkedBooter.java:507)
	at org.apache.maven.surefire.booter.ForkedBooter.main(ForkedBooter.java:495)
]]></failure>
  </testcase>
</testsuite>