<testsuite name="tests.performance.LoadTest" tests="3" errors="0" failures="0" time="0">
  <testcase name="Global: percentage of failed events is less than 1.0" status="true" time="0">
  <system-out>Global: percentage of failed events is less than 1.0</system-out>
</testcase>
<testcase name="Global: 95th percentile of response time is less than 1000.0" status="true" time="0">
  <system-out>Global: 95th percentile of response time is less than 1000.0</system-out>
</testcase>
<testcase name="Global: max of response time is less than 3000.0" status="true" time="0">
  <system-out>Global: max of response time is less than 3000.0</system-out>
</testcase>
</testsuite>