<?xml version="1.0" encoding="UTF-8"?>
<testsuite xmlns:xsi="http://www.w3.org/2001/XMLSchema-instance" xsi:noNamespaceSchemaLocation="https://maven.apache.org/surefire/maven-surefire-plugin/xsd/surefire-test-report.xsd" version="3.0.2" name="tests.integration.SurveyPointsTest" time="7.47" tests="6" errors="0" skipped="0" failures="0">
  <properties>
[...]
</properties>
  <testcase name="testSurveyIds" classname="tests.integration.SurveyPointsTest" time="1.369">
    <system-out><![CDATA[12:12:41.623 [main] INFO api.SurveyPointsApi - Starting validation for status: Survey Id
12:12:41.630 [main] INFO api.SurveyPointsApi - All values for field 'Survey Id' are valid for Member ID: 1
12:12:41.635 [main] INFO api.SurveyPointsApi - All values for field 'Survey Id' are valid for Member ID: 2
12:12:41.641 [main] INFO api.SurveyPointsApi - All values for field 'Survey Id' are valid for Member ID: 3
12:12:41.645 [main] INFO api.SurveyPointsApi - All values for field 'Survey Id' are valid for Member ID: 4
12:12:41.650 [main] INFO api.SurveyPointsApi - All values for field 'Survey Id' are valid for Member ID: 5
12:12:41.655 [main] INFO api.SurveyPointsApi - All values for field 'Survey Id' are valid for Member ID: 6
12:12:41.659 [main] INFO api.SurveyPointsApi - All values for field 'Survey Id' are valid for Member ID: 7
12:12:41.663 [main] INFO api.SurveyPointsApi - All values for field 'Survey Id' are valid for Member ID: 8
12:12:41.668 [main] INFO api.SurveyPointsApi - All values for field 'Survey Id' are valid for Member ID: 9
12:12:41.673 [main] INFO api.SurveyPointsApi - All values for field 'Survey Id' are valid for Member ID: 10
12:12:41.677 [main] INFO api.SurveyPointsApi - All values for field 'Survey Id' are valid for Member ID: 11
12:12:41.682 [main] INFO api.SurveyPointsApi - All values for field 'Survey Id' are valid for Member ID: 12
12:12:41.686 [main] INFO api.SurveyPointsApi - All values for field 'Survey Id' are valid for Member ID: 13
12:12:41.691 [main] INFO api.SurveyPointsApi - All values for field 'Survey Id' are valid for Member ID: 14
12:12:41.696 [main] INFO api.SurveyPointsApi - All values for field 'Survey Id' are valid for Member ID: 15
12:12:41.701 [main] INFO api.SurveyPointsApi - All values for field 'Survey Id' are valid for Member ID: 16
12:12:41.706 [main] INFO api.SurveyPointsApi - All values for field 'Survey Id' are valid for Member ID: 17
12:12:41.711 [main] INFO api.SurveyPointsApi - All values for field 'Survey Id' are valid for Member ID: 18
12:12:41.716 [main] INFO api.SurveyPointsApi - All values for field 'Survey Id' are valid for Member ID: 19
12:12:41.724 [main] INFO api.SurveyPointsApi - All values for field 'Survey Id' are valid for Member ID: 20
12:12:41.729 [main] INFO api.SurveyPointsApi - All values for field 'Survey Id' are valid for Member ID: 21
12:12:41.734 [main] INFO api.SurveyPointsApi - All values for field 'Survey Id' are valid for Member ID: 22
12:12:41.738 [main] INFO api.SurveyPointsApi - All values for field 'Survey Id' are valid for Member ID: 23
12:12:41.743 [main] INFO api.SurveyPointsApi - All values for field 'Survey Id' are valid for Member ID: 24
12:12:41.748 [main] INFO api.SurveyPointsApi - All values for field 'Survey Id' are valid for Member ID: 25
12:12:41.753 [main] INFO api.SurveyPointsApi - All values for field 'Survey Id' are valid for Member ID: 26
12:12:41.757 [main] INFO api.SurveyPointsApi - All values for field 'Survey Id' are valid for Member ID: 27
12:12:41.762 [main] INFO api.SurveyPointsApi - All values for field 'Survey Id' are valid for Member ID: 28
12:12:41.766 [main] INFO api.SurveyPointsApi - All values for field 'Survey Id' are valid for Member ID: 29
12:12:41.771 [main] INFO api.SurveyPointsApi - All values for field 'Survey Id' are valid for Member ID: 30
12:12:41.775 [main] INFO api.SurveyPointsApi - All values for field 'Survey Id' are valid for Member ID: 31
12:12:41.779 [main] INFO api.SurveyPointsApi - All values for field 'Survey Id' are valid for Member ID: 32
12:12:41.784 [main] INFO api.SurveyPointsApi - All values for field 'Survey Id' are valid for Member ID: 33
12:12:41.788 [main] INFO api.SurveyPointsApi - All values for field 'Survey Id' are valid for Member ID: 34
12:12:41.792 [main] INFO api.SurveyPointsApi - All values for field 'Survey Id' are valid for Member ID: 35
12:12:41.797 [main] INFO api.SurveyPointsApi - All values for field 'Survey Id' are valid for Member ID: 36
12:12:41.801 [main] INFO api.SurveyPointsApi - All values for field 'Survey Id' are valid for Member ID: 37
12:12:41.805 [main] INFO api.SurveyPointsApi - All values for field 'Survey Id' are valid for Member ID: 38
12:12:41.810 [main] INFO api.SurveyPointsApi - All values for field 'Survey Id' are valid for Member ID: 39
12:12:41.814 [main] INFO api.SurveyPointsApi - All values for field 'Survey Id' are valid for Member ID: 40
12:12:41.819 [main] INFO api.SurveyPointsApi - All values for field 'Survey Id' are valid for Member ID: 41
12:12:41.823 [main] INFO api.SurveyPointsApi - All values for field 'Survey Id' are valid for Member ID: 42
12:12:41.827 [main] INFO api.SurveyPointsApi - All values for field 'Survey Id' are valid for Member ID: 43
12:12:41.831 [main] INFO api.SurveyPointsApi - All values for field 'Survey Id' are valid for Member ID: 44
12:12:41.836 [main] INFO api.SurveyPointsApi - All values for field 'Survey Id' are valid for Member ID: 45
12:12:41.840 [main] INFO api.SurveyPointsApi - All values for field 'Survey Id' are valid for Member ID: 46
12:12:41.845 [main] INFO api.SurveyPointsApi - All values for field 'Survey Id' are valid for Member ID: 47
12:12:41.849 [main] INFO api.SurveyPointsApi - All values for field 'Survey Id' are valid for Member ID: 48
12:12:41.854 [main] INFO api.SurveyPointsApi - All values for field 'Survey Id' are valid for Member ID: 49
12:12:41.859 [main] INFO api.SurveyPointsApi - All values for field 'Survey Id' are valid for Member ID: 50
12:12:41.863 [main] INFO api.SurveyPointsApi - All values for field 'Survey Id' are valid for Member ID: 51
12:12:41.868 [main] INFO api.SurveyPointsApi - All values for field 'Survey Id' are valid for Member ID: 52
12:12:41.873 [main] INFO api.SurveyPointsApi - All values for field 'Survey Id' are valid for Member ID: 53
12:12:41.877 [main] INFO api.SurveyPointsApi - All values for field 'Survey Id' are valid for Member ID: 54
12:12:41.882 [main] INFO api.SurveyPointsApi - All values for field 'Survey Id' are valid for Member ID: 55
12:12:41.886 [main] INFO api.SurveyPointsApi - All values for field 'Survey Id' are valid for Member ID: 56
12:12:41.891 [main] INFO api.SurveyPointsApi - All values for field 'Survey Id' are valid for Member ID: 57
12:12:41.896 [main] INFO api.SurveyPointsApi - All values for field 'Survey Id' are valid for Member ID: 58
12:12:41.900 [main] INFO api.SurveyPointsApi - All values for field 'Survey Id' are valid for Member ID: 59
12:12:41.905 [main] INFO api.SurveyPointsApi - All values for field 'Survey Id' are valid for Member ID: 60
12:12:41.909 [main] INFO api.SurveyPointsApi - All values for field 'Survey Id' are valid for Member ID: 61
12:12:41.914 [main] INFO api.SurveyPointsApi - All values for field 'Survey Id' are valid for Member ID: 62
12:12:41.918 [main] INFO api.SurveyPointsApi - All values for field 'Survey Id' are valid for Member ID: 63
12:12:41.923 [main] INFO api.SurveyPointsApi - All values for field 'Survey Id' are valid for Member ID: 64
12:12:41.927 [main] INFO api.SurveyPointsApi - All values for field 'Survey Id' are valid for Member ID: 65
12:12:41.932 [main] INFO api.SurveyPointsApi - All values for field 'Survey Id' are valid for Member ID: 66
12:12:41.936 [main] INFO api.SurveyPointsApi - All values for field 'Survey Id' are valid for Member ID: 67
12:12:41.941 [main] INFO api.SurveyPointsApi - All values for field 'Survey Id' are valid for Member ID: 68
12:12:41.945 [main] INFO api.SurveyPointsApi - All values for field 'Survey Id' are valid for Member ID: 69
12:12:41.950 [main] INFO api.SurveyPointsApi - All values for field 'Survey Id' are valid for Member ID: 70
12:12:41.954 [main] INFO api.SurveyPointsApi - All values for field 'Survey Id' are valid for Member ID: 71
12:12:41.959 [main] INFO api.SurveyPointsApi - All values for field 'Survey Id' are valid for Member ID: 72
12:12:41.963 [main] INFO api.SurveyPointsApi - All values for field 'Survey Id' are valid for Member ID: 73
12:12:41.967 [main] INFO api.SurveyPointsApi - All values for field 'Survey Id' are valid for Member ID: 74
12:12:41.971 [main] INFO api.SurveyPointsApi - All values for field 'Survey Id' are valid for Member ID: 75
12:12:41.975 [main] INFO api.SurveyPointsApi - All values for field 'Survey Id' are valid for Member ID: 76
12:12:41.980 [main] INFO api.SurveyPointsApi - All values for field 'Survey Id' are valid for Member ID: 77
12:12:41.984 [main] INFO api.SurveyPointsApi - All values for field 'Survey Id' are valid for Member ID: 78
12:12:41.988 [main] INFO api.SurveyPointsApi - All values for field 'Survey Id' are valid for Member ID: 79
12:12:41.993 [main] INFO api.SurveyPointsApi - All values for field 'Survey Id' are valid for Member ID: 80
12:12:41.997 [main] INFO api.SurveyPointsApi - All values for field 'Survey Id' are valid for Member ID: 81
12:12:42.001 [main] INFO api.SurveyPointsApi - All values for field 'Survey Id' are valid for Member ID: 82
12:12:42.006 [main] INFO api.SurveyPointsApi - All values for field 'Survey Id' are valid for Member ID: 83
12:12:42.013 [main] INFO api.SurveyPointsApi - All values for field 'Survey Id' are valid for Member ID: 84
12:12:42.018 [main] INFO api.SurveyPointsApi - All values for field 'Survey Id' are valid for Member ID: 85
12:12:42.023 [main] INFO api.SurveyPointsApi - All values for field 'Survey Id' are valid for Member ID: 86
12:12:42.027 [main] INFO api.SurveyPointsApi - All values for field 'Survey Id' are valid for Member ID: 87
12:12:42.031 [main] INFO api.SurveyPointsApi - All values for field 'Survey Id' are valid for Member ID: 88
12:12:42.036 [main] INFO api.SurveyPointsApi - All values for field 'Survey Id' are valid for Member ID: 89
12:12:42.040 [main] INFO api.SurveyPointsApi - All values for field 'Survey Id' are valid for Member ID: 90
12:12:42.044 [main] INFO api.SurveyPointsApi - All values for field 'Survey Id' are valid for Member ID: 91
12:12:42.049 [main] INFO api.SurveyPointsApi - All values for field 'Survey Id' are valid for Member ID: 92
12:12:42.054 [main] INFO api.SurveyPointsApi - All values for field 'Survey Id' are valid for Member ID: 93
12:12:42.059 [main] INFO api.SurveyPointsApi - All values for field 'Survey Id' are valid for Member ID: 94
12:12:42.063 [main] INFO api.SurveyPointsApi - All values for field 'Survey Id' are valid for Member ID: 95
12:12:42.068 [main] INFO api.SurveyPointsApi - All values for field 'Survey Id' are valid for Member ID: 96
12:12:42.073 [main] INFO api.SurveyPointsApi - All values for field 'Survey Id' are valid for Member ID: 97
12:12:42.078 [main] INFO api.SurveyPointsApi - All values for field 'Survey Id' are valid for Member ID: 98
12:12:42.083 [main] INFO api.SurveyPointsApi - All values for field 'Survey Id' are valid for Member ID: 99
12:12:42.087 [main] INFO api.SurveyPointsApi - All values for field 'Survey Id' are valid for Member ID: 100
12:12:42.092 [main] INFO api.SurveyPointsApi - All values for field 'Survey Id' are valid for Member ID: 101
12:12:42.096 [main] INFO api.SurveyPointsApi - All values for field 'Survey Id' are valid for Member ID: 102
12:12:42.101 [main] INFO api.SurveyPointsApi - All values for field 'Survey Id' are valid for Member ID: 103
12:12:42.105 [main] INFO api.SurveyPointsApi - All values for field 'Survey Id' are valid for Member ID: 104
12:12:42.110 [main] INFO api.SurveyPointsApi - All values for field 'Survey Id' are valid for Member ID: 105
12:12:42.115 [main] INFO api.SurveyPointsApi - All values for field 'Survey Id' are valid for Member ID: 106
12:12:42.119 [main] INFO api.SurveyPointsApi - All values for field 'Survey Id' are valid for Member ID: 107
12:12:42.124 [main] INFO api.SurveyPointsApi - All values for field 'Survey Id' are valid for Member ID: 108
12:12:42.129 [main] INFO api.SurveyPointsApi - All values for field 'Survey Id' are valid for Member ID: 109
12:12:42.133 [main] INFO api.SurveyPointsApi - All values for field 'Survey Id' are valid for Member ID: 110
12:12:42.137 [main] INFO api.SurveyPointsApi - All values for field 'Survey Id' are valid for Member ID: 111
12:12:42.142 [main] INFO api.SurveyPointsApi - All values for field 'Survey Id' are valid for Member ID: 112
12:12:42.146 [main] INFO api.SurveyPointsApi - All values for field 'Survey Id' are valid for Member ID: 113
12:12:42.151 [main] INFO api.SurveyPointsApi - All values for field 'Survey Id' are valid for Member ID: 114
12:12:42.155 [main] INFO api.SurveyPointsApi - All values for field 'Survey Id' are valid for Member ID: 115
12:12:42.159 [main] INFO api.SurveyPointsApi - All values for field 'Survey Id' are valid for Member ID: 116
12:12:42.164 [main] INFO api.SurveyPointsApi - All values for field 'Survey Id' are valid for Member ID: 117
12:12:42.168 [main] INFO api.SurveyPointsApi - All values for field 'Survey Id' are valid for Member ID: 118
12:12:42.173 [main] INFO api.SurveyPointsApi - All values for field 'Survey Id' are valid for Member ID: 119
12:12:42.177 [main] INFO api.SurveyPointsApi - All values for field 'Survey Id' are valid for Member ID: 120
12:12:42.182 [main] INFO api.SurveyPointsApi - All values for field 'Survey Id' are valid for Member ID: 121
12:12:42.186 [main] INFO api.SurveyPointsApi - All values for field 'Survey Id' are valid for Member ID: 122
12:12:42.190 [main] INFO api.SurveyPointsApi - All values for field 'Survey Id' are valid for Member ID: 123
12:12:42.195 [main] INFO api.SurveyPointsApi - All values for field 'Survey Id' are valid for Member ID: 124
12:12:42.199 [main] INFO api.SurveyPointsApi - All values for field 'Survey Id' are valid for Member ID: 125
12:12:42.204 [main] INFO api.SurveyPointsApi - All values for field 'Survey Id' are valid for Member ID: 126
12:12:42.208 [main] INFO api.SurveyPointsApi - All values for field 'Survey Id' are valid for Member ID: 127
12:12:42.213 [main] INFO api.SurveyPointsApi - All values for field 'Survey Id' are valid for Member ID: 128
12:12:42.217 [main] INFO api.SurveyPointsApi - All values for field 'Survey Id' are valid for Member ID: 129
12:12:42.222 [main] INFO api.SurveyPointsApi - All values for field 'Survey Id' are valid for Member ID: 130
12:12:42.226 [main] INFO api.SurveyPointsApi - All values for field 'Survey Id' are valid for Member ID: 131
12:12:42.230 [main] INFO api.SurveyPointsApi - All values for field 'Survey Id' are valid for Member ID: 132
12:12:42.235 [main] INFO api.SurveyPointsApi - All values for field 'Survey Id' are valid for Member ID: 133
12:12:42.239 [main] INFO api.SurveyPointsApi - All values for field 'Survey Id' are valid for Member ID: 134
12:12:42.243 [main] INFO api.SurveyPointsApi - All values for field 'Survey Id' are valid for Member ID: 135
12:12:42.248 [main] INFO api.SurveyPointsApi - All values for field 'Survey Id' are valid for Member ID: 136
12:12:42.253 [main] INFO api.SurveyPointsApi - All values for field 'Survey Id' are valid for Member ID: 137
12:12:42.257 [main] INFO api.SurveyPointsApi - All values for field 'Survey Id' are valid for Member ID: 138
12:12:42.261 [main] INFO api.SurveyPointsApi - All values for field 'Survey Id' are valid for Member ID: 139
12:12:42.266 [main] INFO api.SurveyPointsApi - All values for field 'Survey Id' are valid for Member ID: 140
12:12:42.270 [main] INFO api.SurveyPointsApi - All values for field 'Survey Id' are valid for Member ID: 141
12:12:42.274 [main] INFO api.SurveyPointsApi - All values for field 'Survey Id' are valid for Member ID: 142
12:12:42.279 [main] INFO api.SurveyPointsApi - All values for field 'Survey Id' are valid for Member ID: 143
12:12:42.283 [main] INFO api.SurveyPointsApi - All values for field 'Survey Id' are valid for Member ID: 144
12:12:42.288 [main] INFO api.SurveyPointsApi - All values for field 'Survey Id' are valid for Member ID: 145
12:12:42.292 [main] INFO api.SurveyPointsApi - All values for field 'Survey Id' are valid for Member ID: 146
12:12:42.296 [main] INFO api.SurveyPointsApi - All values for field 'Survey Id' are valid for Member ID: 147
12:12:42.304 [main] INFO api.SurveyPointsApi - All values for field 'Survey Id' are valid for Member ID: 148
12:12:42.308 [main] INFO api.SurveyPointsApi - All values for field 'Survey Id' are valid for Member ID: 149
12:12:42.313 [main] INFO api.SurveyPointsApi - All values for field 'Survey Id' are valid for Member ID: 150
12:12:42.317 [main] INFO api.SurveyPointsApi - All values for field 'Survey Id' are valid for Member ID: 151
12:12:42.322 [main] INFO api.SurveyPointsApi - All values for field 'Survey Id' are valid for Member ID: 152
12:12:42.327 [main] INFO api.SurveyPointsApi - All values for field 'Survey Id' are valid for Member ID: 153
12:12:42.331 [main] INFO api.SurveyPointsApi - All values for field 'Survey Id' are valid for Member ID: 154
12:12:42.336 [main] INFO api.SurveyPointsApi - All values for field 'Survey Id' are valid for Member ID: 155
12:12:42.341 [main] INFO api.SurveyPointsApi - All values for field 'Survey Id' are valid for Member ID: 156
12:12:42.347 [main] INFO api.SurveyPointsApi - All values for field 'Survey Id' are valid for Member ID: 157
12:12:42.352 [main] INFO api.SurveyPointsApi - All values for field 'Survey Id' are valid for Member ID: 158
12:12:42.357 [main] INFO api.SurveyPointsApi - All values for field 'Survey Id' are valid for Member ID: 159
12:12:42.361 [main] INFO api.SurveyPointsApi - All values for field 'Survey Id' are valid for Member ID: 160
12:12:42.366 [main] INFO api.SurveyPointsApi - All values for field 'Survey Id' are valid for Member ID: 161
12:12:42.371 [main] INFO api.SurveyPointsApi - All values for field 'Survey Id' are valid for Member ID: 162
12:12:42.375 [main] INFO api.SurveyPointsApi - All values for field 'Survey Id' are valid for Member ID: 163
12:12:42.380 [main] INFO api.SurveyPointsApi - All values for field 'Survey Id' are valid for Member ID: 164
12:12:42.385 [main] INFO api.SurveyPointsApi - All values for field 'Survey Id' are valid for Member ID: 165
12:12:42.389 [main] INFO api.SurveyPointsApi - All values for field 'Survey Id' are valid for Member ID: 166
12:12:42.394 [main] INFO api.SurveyPointsApi - All values for field 'Survey Id' are valid for Member ID: 167
12:12:42.398 [main] INFO api.SurveyPointsApi - All values for field 'Survey Id' are valid for Member ID: 168
12:12:42.403 [main] INFO api.SurveyPointsApi - All values for field 'Survey Id' are valid for Member ID: 169
12:12:42.407 [main] INFO api.SurveyPointsApi - All values for field 'Survey Id' are valid for Member ID: 170
12:12:42.413 [main] INFO api.SurveyPointsApi - All values for field 'Survey Id' are valid for Member ID: 171
12:12:42.417 [main] INFO api.SurveyPointsApi - All values for field 'Survey Id' are valid for Member ID: 172
12:12:42.422 [main] INFO api.SurveyPointsApi - All values for field 'Survey Id' are valid for Member ID: 173
12:12:42.427 [main] INFO api.SurveyPointsApi - All values for field 'Survey Id' are valid for Member ID: 174
12:12:42.432 [main] INFO api.SurveyPointsApi - All values for field 'Survey Id' are valid for Member ID: 175
12:12:42.437 [main] INFO api.SurveyPointsApi - All values for field 'Survey Id' are valid for Member ID: 176
12:12:42.441 [main] INFO api.SurveyPointsApi - All values for field 'Survey Id' are valid for Member ID: 177
12:12:42.447 [main] INFO api.SurveyPointsApi - All values for field 'Survey Id' are valid for Member ID: 178
12:12:42.451 [main] INFO api.SurveyPointsApi - All values for field 'Survey Id' are valid for Member ID: 179
12:12:42.456 [main] INFO api.SurveyPointsApi - All values for field 'Survey Id' are valid for Member ID: 180
12:12:42.461 [main] INFO api.SurveyPointsApi - All values for field 'Survey Id' are valid for Member ID: 181
12:12:42.465 [main] INFO api.SurveyPointsApi - All values for field 'Survey Id' are valid for Member ID: 182
12:12:42.470 [main] INFO api.SurveyPointsApi - All values for field 'Survey Id' are valid for Member ID: 183
12:12:42.475 [main] INFO api.SurveyPointsApi - All values for field 'Survey Id' are valid for Member ID: 184
12:12:42.479 [main] INFO api.SurveyPointsApi - All values for field 'Survey Id' are valid for Member ID: 185
12:12:42.484 [main] INFO api.SurveyPointsApi - All values for field 'Survey Id' are valid for Member ID: 186
12:12:42.489 [main] INFO api.SurveyPointsApi - All values for field 'Survey Id' are valid for Member ID: 187
12:12:42.494 [main] INFO api.SurveyPointsApi - All values for field 'Survey Id' are valid for Member ID: 188
12:12:42.498 [main] INFO api.SurveyPointsApi - All values for field 'Survey Id' are valid for Member ID: 189
12:12:42.503 [main] INFO api.SurveyPointsApi - All values for field 'Survey Id' are valid for Member ID: 190
12:12:42.508 [main] INFO api.SurveyPointsApi - All values for field 'Survey Id' are valid for Member ID: 191
12:12:42.512 [main] INFO api.SurveyPointsApi - All values for field 'Survey Id' are valid for Member ID: 192
12:12:42.517 [main] INFO api.SurveyPointsApi - All values for field 'Survey Id' are valid for Member ID: 193
12:12:42.522 [main] INFO api.SurveyPointsApi - All values for field 'Survey Id' are valid for Member ID: 194
12:12:42.527 [main] INFO api.SurveyPointsApi - All values for field 'Survey Id' are valid for Member ID: 195
12:12:42.531 [main] INFO api.SurveyPointsApi - All values for field 'Survey Id' are valid for Member ID: 196
12:12:42.536 [main] INFO api.SurveyPointsApi - All values for field 'Survey Id' are valid for Member ID: 197
12:12:42.540 [main] INFO api.SurveyPointsApi - All values for field 'Survey Id' are valid for Member ID: 198
12:12:42.545 [main] INFO api.SurveyPointsApi - All values for field 'Survey Id' are valid for Member ID: 199
12:12:42.549 [main] INFO api.SurveyPointsApi - All values for field 'Survey Id' are valid for Member ID: 200
12:12:42.554 [main] INFO api.SurveyPointsApi - All values for field 'Survey Id' are valid for Member ID: 201
12:12:42.558 [main] INFO api.SurveyPointsApi - All values for field 'Survey Id' are valid for Member ID: 202
12:12:42.563 [main] INFO api.SurveyPointsApi - All values for field 'Survey Id' are valid for Member ID: 203
12:12:42.567 [main] INFO api.SurveyPointsApi - All values for field 'Survey Id' are valid for Member ID: 204
12:12:42.571 [main] INFO api.SurveyPointsApi - All values for field 'Survey Id' are valid for Member ID: 205
12:12:42.576 [main] INFO api.SurveyPointsApi - All values for field 'Survey Id' are valid for Member ID: 206
12:12:42.580 [main] INFO api.SurveyPointsApi - All values for field 'Survey Id' are valid for Member ID: 207
12:12:42.584 [main] INFO api.SurveyPointsApi - All values for field 'Survey Id' are valid for Member ID: 208
12:12:42.588 [main] INFO api.SurveyPointsApi - All values for field 'Survey Id' are valid for Member ID: 209
12:12:42.592 [main] INFO api.SurveyPointsApi - All values for field 'Survey Id' are valid for Member ID: 210
12:12:42.596 [main] INFO api.SurveyPointsApi - All values for field 'Survey Id' are valid for Member ID: 211
12:12:42.604 [main] INFO api.SurveyPointsApi - All values for field 'Survey Id' are valid for Member ID: 212
12:12:42.608 [main] INFO api.SurveyPointsApi - All values for field 'Survey Id' are valid for Member ID: 213
12:12:42.612 [main] INFO api.SurveyPointsApi - All values for field 'Survey Id' are valid for Member ID: 214
12:12:42.616 [main] INFO api.SurveyPointsApi - All values for field 'Survey Id' are valid for Member ID: 215
12:12:42.621 [main] INFO api.SurveyPointsApi - All values for field 'Survey Id' are valid for Member ID: 216
12:12:42.625 [main] INFO api.SurveyPointsApi - All values for field 'Survey Id' are valid for Member ID: 217
12:12:42.629 [main] INFO api.SurveyPointsApi - All values for field 'Survey Id' are valid for Member ID: 218
12:12:42.634 [main] INFO api.SurveyPointsApi - All values for field 'Survey Id' are valid for Member ID: 219
12:12:42.638 [main] INFO api.SurveyPointsApi - All values for field 'Survey Id' are valid for Member ID: 220
12:12:42.643 [main] INFO api.SurveyPointsApi - All values for field 'Survey Id' are valid for Member ID: 221
12:12:42.647 [main] INFO api.SurveyPointsApi - All values for field 'Survey Id' are valid for Member ID: 222
12:12:42.651 [main] INFO api.SurveyPointsApi - All values for field 'Survey Id' are valid for Member ID: 223
12:12:42.656 [main] INFO api.SurveyPointsApi - All values for field 'Survey Id' are valid for Member ID: 224
12:12:42.660 [main] INFO api.SurveyPointsApi - All values for field 'Survey Id' are valid for Member ID: 225
12:12:42.665 [main] INFO api.SurveyPointsApi - All values for field 'Survey Id' are valid for Member ID: 226
12:12:42.669 [main] INFO api.SurveyPointsApi - All values for field 'Survey Id' are valid for Member ID: 227
12:12:42.674 [main] INFO api.SurveyPointsApi - All values for field 'Survey Id' are valid for Member ID: 228
12:12:42.678 [main] INFO api.SurveyPointsApi - All values for field 'Survey Id' are valid for Member ID: 229
12:12:42.683 [main] INFO api.SurveyPointsApi - All values for field 'Survey Id' are valid for Member ID: 230
12:12:42.688 [main] INFO api.SurveyPointsApi - All values for field 'Survey Id' are valid for Member ID: 231
12:12:42.692 [main] INFO api.SurveyPointsApi - All values for field 'Survey Id' are valid for Member ID: 232
12:12:42.697 [main] INFO api.SurveyPointsApi - All values for field 'Survey Id' are valid for Member ID: 233
12:12:42.701 [main] INFO api.SurveyPointsApi - All values for field 'Survey Id' are valid for Member ID: 234
12:12:42.706 [main] INFO api.SurveyPointsApi - All values for field 'Survey Id' are valid for Member ID: 235
12:12:42.710 [main] INFO api.SurveyPointsApi - All values for field 'Survey Id' are valid for Member ID: 236
12:12:42.714 [main] INFO api.SurveyPointsApi - All values for field 'Survey Id' are valid for Member ID: 237
12:12:42.719 [main] INFO api.SurveyPointsApi - All values for field 'Survey Id' are valid for Member ID: 238
12:12:42.723 [main] INFO api.SurveyPointsApi - All values for field 'Survey Id' are valid for Member ID: 239
12:12:42.727 [main] INFO api.SurveyPointsApi - All values for field 'Survey Id' are valid for Member ID: 240
12:12:42.732 [main] INFO api.SurveyPointsApi - All values for field 'Survey Id' are valid for Member ID: 241
12:12:42.736 [main] INFO api.SurveyPointsApi - All values for field 'Survey Id' are valid for Member ID: 242
12:12:42.740 [main] INFO api.SurveyPointsApi - All values for field 'Survey Id' are valid for Member ID: 243
12:12:42.745 [main] INFO api.SurveyPointsApi - All values for field 'Survey Id' are valid for Member ID: 244
12:12:42.749 [main] INFO api.SurveyPointsApi - All values for field 'Survey Id' are valid for Member ID: 245
12:12:42.753 [main] INFO api.SurveyPointsApi - All values for field 'Survey Id' are valid for Member ID: 246
12:12:42.758 [main] INFO api.SurveyPointsApi - All values for field 'Survey Id' are valid for Member ID: 247
12:12:42.762 [main] INFO api.SurveyPointsApi - All values for field 'Survey Id' are valid for Member ID: 248
12:12:42.766 [main] INFO api.SurveyPointsApi - All values for field 'Survey Id' are valid for Member ID: 249
12:12:42.771 [main] INFO api.SurveyPointsApi - All values for field 'Survey Id' are valid for Member ID: 250
12:12:42.775 [main] INFO api.SurveyPointsApi - All values for field 'Survey Id' are valid for Member ID: 251
12:12:42.779 [main] INFO api.SurveyPointsApi - All values for field 'Survey Id' are valid for Member ID: 252
12:12:42.784 [main] INFO api.SurveyPointsApi - All values for field 'Survey Id' are valid for Member ID: 253
12:12:42.788 [main] INFO api.SurveyPointsApi - All values for field 'Survey Id' are valid for Member ID: 254
12:12:42.792 [main] INFO api.SurveyPointsApi - All values for field 'Survey Id' are valid for Member ID: 255
12:12:42.796 [main] INFO api.SurveyPointsApi - All values for field 'Survey Id' are valid for Member ID: 256
12:12:42.801 [main] INFO api.SurveyPointsApi - All values for field 'Survey Id' are valid for Member ID: 257
12:12:42.805 [main] INFO api.SurveyPointsApi - All values for field 'Survey Id' are valid for Member ID: 258
12:12:42.809 [main] INFO api.SurveyPointsApi - All values for field 'Survey Id' are valid for Member ID: 259
12:12:42.813 [main] INFO api.SurveyPointsApi - All values for field 'Survey Id' are valid for Member ID: 260
12:12:42.818 [main] INFO api.SurveyPointsApi - All values for field 'Survey Id' are valid for Member ID: 261
12:12:42.822 [main] INFO api.SurveyPointsApi - All values for field 'Survey Id' are valid for Member ID: 262
12:12:42.826 [main] INFO api.SurveyPointsApi - All values for field 'Survey Id' are valid for Member ID: 263
12:12:42.830 [main] INFO api.SurveyPointsApi - All values for field 'Survey Id' are valid for Member ID: 264
12:12:42.835 [main] INFO api.SurveyPointsApi - All values for field 'Survey Id' are valid for Member ID: 265
12:12:42.839 [main] INFO api.SurveyPointsApi - All values for field 'Survey Id' are valid for Member ID: 266
12:12:42.843 [main] INFO api.SurveyPointsApi - All values for field 'Survey Id' are valid for Member ID: 267
12:12:42.847 [main] INFO api.SurveyPointsApi - All values for field 'Survey Id' are valid for Member ID: 268
12:12:42.852 [main] INFO api.SurveyPointsApi - All values for field 'Survey Id' are valid for Member ID: 269
12:12:42.856 [main] INFO api.SurveyPointsApi - All values for field 'Survey Id' are valid for Member ID: 270
12:12:42.861 [main] INFO api.SurveyPointsApi - All values for field 'Survey Id' are valid for Member ID: 271
12:12:42.865 [main] INFO api.SurveyPointsApi - All values for field 'Survey Id' are valid for Member ID: 272
12:12:42.869 [main] INFO api.SurveyPointsApi - All values for field 'Survey Id' are valid for Member ID: 273
12:12:42.873 [main] INFO api.SurveyPointsApi - All values for field 'Survey Id' are valid for Member ID: 274
12:12:42.878 [main] INFO api.SurveyPointsApi - All values for field 'Survey Id' are valid for Member ID: 275
12:12:42.885 [main] INFO api.SurveyPointsApi - All values for field 'Survey Id' are valid for Member ID: 276
12:12:42.889 [main] INFO api.SurveyPointsApi - All values for field 'Survey Id' are valid for Member ID: 277
12:12:42.894 [main] INFO api.SurveyPointsApi - All values for field 'Survey Id' are valid for Member ID: 278
12:12:42.898 [main] INFO api.SurveyPointsApi - All values for field 'Survey Id' are valid for Member ID: 279
12:12:42.902 [main] INFO api.SurveyPointsApi - All values for field 'Survey Id' are valid for Member ID: 280
12:12:42.906 [main] INFO api.SurveyPointsApi - All values for field 'Survey Id' are valid for Member ID: 281
12:12:42.910 [main] INFO api.SurveyPointsApi - All values for field 'Survey Id' are valid for Member ID: 282
12:12:42.915 [main] INFO api.SurveyPointsApi - All values for field 'Survey Id' are valid for Member ID: 283
12:12:42.919 [main] INFO api.SurveyPointsApi - All values for field 'Survey Id' are valid for Member ID: 284
12:12:42.923 [main] INFO api.SurveyPointsApi - All values for field 'Survey Id' are valid for Member ID: 285
12:12:42.927 [main] INFO api.SurveyPointsApi - All values for field 'Survey Id' are valid for Member ID: 286
12:12:42.932 [main] INFO api.SurveyPointsApi - All values for field 'Survey Id' are valid for Member ID: 287
12:12:42.936 [main] INFO api.SurveyPointsApi - All values for field 'Survey Id' are valid for Member ID: 288
12:12:42.940 [main] INFO api.SurveyPointsApi - All values for field 'Survey Id' are valid for Member ID: 289
12:12:42.944 [main] INFO api.SurveyPointsApi - All values for field 'Survey Id' are valid for Member ID: 290
12:12:42.949 [main] INFO api.SurveyPointsApi - All values for field 'Survey Id' are valid for Member ID: 291
12:12:42.953 [main] INFO api.SurveyPointsApi - All values for field 'Survey Id' are valid for Member ID: 292
12:12:42.958 [main] INFO api.SurveyPointsApi - All values for field 'Survey Id' are valid for Member ID: 293
12:12:42.962 [main] INFO api.SurveyPointsApi - All values for field 'Survey Id' are valid for Member ID: 294
12:12:42.967 [main] INFO api.SurveyPointsApi - All values for field 'Survey Id' are valid for Member ID: 295
12:12:42.971 [main] INFO api.SurveyPointsApi - All values for field 'Survey Id' are valid for Member ID: 296
12:12:42.976 [main] INFO api.SurveyPointsApi - All values for field 'Survey Id' are valid for Member ID: 297
12:12:42.981 [main] INFO api.SurveyPointsApi - All values for field 'Survey Id' are valid for Member ID: 298
12:12:42.985 [main] INFO api.SurveyPointsApi - All values for field 'Survey Id' are valid for Member ID: 299
12:12:42.990 [main] INFO api.SurveyPointsApi - All values for field 'Survey Id' are valid for Member ID: 300
]]></system-out>
  </testcase>
  <testcase name="testSurveyFilteredPoints" classname="tests.integration.SurveyPointsTest" time="1.378">
    <system-out><![CDATA[12:12:42.992 [main] INFO api.SurveyPointsApi - Starting validation for status: Filtered points
12:12:42.996 [main] INFO api.SurveyPointsApi - All values for field 'Filtered points' are valid for Member ID: 1
12:12:43.001 [main] INFO api.SurveyPointsApi - All values for field 'Filtered points' are valid for Member ID: 2
12:12:43.006 [main] INFO api.SurveyPointsApi - All values for field 'Filtered points' are valid for Member ID: 3
12:12:43.010 [main] INFO api.SurveyPointsApi - All values for field 'Filtered points' are valid for Member ID: 4
12:12:43.015 [main] INFO api.SurveyPointsApi - All values for field 'Filtered points' are valid for Member ID: 5
12:12:43.020 [main] INFO api.SurveyPointsApi - All values for field 'Filtered points' are valid for Member ID: 6
12:12:43.024 [main] INFO api.SurveyPointsApi - All values for field 'Filtered points' are valid for Member ID: 7
12:12:43.029 [main] INFO api.SurveyPointsApi - All values for field 'Filtered points' are valid for Member ID: 8
12:12:43.034 [main] INFO api.SurveyPointsApi - All values for field 'Filtered points' are valid for Member ID: 9
12:12:43.038 [main] INFO api.SurveyPointsApi - All values for field 'Filtered points' are valid for Member ID: 10
12:12:43.043 [main] INFO api.SurveyPointsApi - All values for field 'Filtered points' are valid for Member ID: 11
12:12:43.048 [main] INFO api.SurveyPointsApi - All values for field 'Filtered points' are valid for Member ID: 12
12:12:43.053 [main] INFO api.SurveyPointsApi - All values for field 'Filtered points' are valid for Member ID: 13
12:12:43.058 [main] INFO api.SurveyPointsApi - All values for field 'Filtered points' are valid for Member ID: 14
12:12:43.063 [main] INFO api.SurveyPointsApi - All values for field 'Filtered points' are valid for Member ID: 15
12:12:43.068 [main] INFO api.SurveyPointsApi - All values for field 'Filtered points' are valid for Member ID: 16
12:12:43.073 [main] INFO api.SurveyPointsApi - All values for field 'Filtered points' are valid for Member ID: 17
12:12:43.077 [main] INFO api.SurveyPointsApi - All values for field 'Filtered points' are valid for Member ID: 18
12:12:43.082 [main] INFO api.SurveyPointsApi - All values for field 'Filtered points' are valid for Member ID: 19
12:12:43.087 [main] INFO api.SurveyPointsApi - All values for field 'Filtered points' are valid for Member ID: 20
12:12:43.092 [main] INFO api.SurveyPointsApi - All values for field 'Filtered points' are valid for Member ID: 21
12:12:43.096 [main] INFO api.SurveyPointsApi - All values for field 'Filtered points' are valid for Member ID: 22
12:12:43.100 [main] INFO api.SurveyPointsApi - All values for field 'Filtered points' are valid for Member ID: 23
12:12:43.105 [main] INFO api.SurveyPointsApi - All values for field 'Filtered points' are valid for Member ID: 24
12:12:43.109 [main] INFO api.SurveyPointsApi - All values for field 'Filtered points' are valid for Member ID: 25
12:12:43.113 [main] INFO api.SurveyPointsApi - All values for field 'Filtered points' are valid for Member ID: 26
12:12:43.117 [main] INFO api.SurveyPointsApi - All values for field 'Filtered points' are valid for Member ID: 27
12:12:43.122 [main] INFO api.SurveyPointsApi - All values for field 'Filtered points' are valid for Member ID: 28
12:12:43.126 [main] INFO api.SurveyPointsApi - All values for field 'Filtered points' are valid for Member ID: 29
12:12:43.130 [main] INFO api.SurveyPointsApi - All values for field 'Filtered points' are valid for Member ID: 30
12:12:43.134 [main] INFO api.SurveyPointsApi - All values for field 'Filtered points' are valid for Member ID: 31
12:12:43.138 [main] INFO api.SurveyPointsApi - All values for field 'Filtered points' are valid for Member ID: 32
12:12:43.143 [main] INFO api.SurveyPointsApi - All values for field 'Filtered points' are valid for Member ID: 33
12:12:43.147 [main] INFO api.SurveyPointsApi - All values for field 'Filtered points' are valid for Member ID: 34
12:12:43.151 [main] INFO api.SurveyPointsApi - All values for field 'Filtered points' are valid for Member ID: 35
12:12:43.155 [main] INFO api.SurveyPointsApi - All values for field 'Filtered points' are valid for Member ID: 36
12:12:43.160 [main] INFO api.SurveyPointsApi - All values for field 'Filtered points' are valid for Member ID: 37
12:12:43.164 [main] INFO api.SurveyPointsApi - All values for field 'Filtered points' are valid for Member ID: 38
12:12:43.168 [main] INFO api.SurveyPointsApi - All values for field 'Filtered points' are valid for Member ID: 39
12:12:43.176 [main] INFO api.SurveyPointsApi - All values for field 'Filtered points' are valid for Member ID: 40
12:12:43.180 [main] INFO api.SurveyPointsApi - All values for field 'Filtered points' are valid for Member ID: 41
12:12:43.184 [main] INFO api.SurveyPointsApi - All values for field 'Filtered points' are valid for Member ID: 42
12:12:43.189 [main] INFO api.SurveyPointsApi - All values for field 'Filtered points' are valid for Member ID: 43
12:12:43.193 [main] INFO api.SurveyPointsApi - All values for field 'Filtered points' are valid for Member ID: 44
12:12:43.197 [main] INFO api.SurveyPointsApi - All values for field 'Filtered points' are valid for Member ID: 45
12:12:43.201 [main] INFO api.SurveyPointsApi - All values for field 'Filtered points' are valid for Member ID: 46
12:12:43.205 [main] INFO api.SurveyPointsApi - All values for field 'Filtered points' are valid for Member ID: 47
12:12:43.209 [main] INFO api.SurveyPointsApi - All values for field 'Filtered points' are valid for Member ID: 48
12:12:43.214 [main] INFO api.SurveyPointsApi - All values for field 'Filtered points' are valid for Member ID: 49
12:12:43.218 [main] INFO api.SurveyPointsApi - All values for field 'Filtered points' are valid for Member ID: 50
12:12:43.223 [main] INFO api.SurveyPointsApi - All values for field 'Filtered points' are valid for Member ID: 51
12:12:43.227 [main] INFO api.SurveyPointsApi - All values for field 'Filtered points' are valid for Member ID: 52
12:12:43.231 [main] INFO api.SurveyPointsApi - All values for field 'Filtered points' are valid for Member ID: 53
12:12:43.235 [main] INFO api.SurveyPointsApi - All values for field 'Filtered points' are valid for Member ID: 54
12:12:43.240 [main] INFO api.SurveyPointsApi - All values for field 'Filtered points' are valid for Member ID: 55
12:12:43.244 [main] INFO api.SurveyPointsApi - All values for field 'Filtered points' are valid for Member ID: 56
12:12:43.248 [main] INFO api.SurveyPointsApi - All values for field 'Filtered points' are valid for Member ID: 57
12:12:43.253 [main] INFO api.SurveyPointsApi - All values for field 'Filtered points' are valid for Member ID: 58
12:12:43.257 [main] INFO api.SurveyPointsApi - All values for field 'Filtered points' are valid for Member ID: 59
12:12:43.261 [main] INFO api.SurveyPointsApi - All values for field 'Filtered points' are valid for Member ID: 60
12:12:43.265 [main] INFO api.SurveyPointsApi - All values for field 'Filtered points' are valid for Member ID: 61
12:12:43.270 [main] INFO api.SurveyPointsApi - All values for field 'Filtered points' are valid for Member ID: 62
12:12:43.274 [main] INFO api.SurveyPointsApi - All values for field 'Filtered points' are valid for Member ID: 63
12:12:43.279 [main] INFO api.SurveyPointsApi - All values for field 'Filtered points' are valid for Member ID: 64
12:12:43.283 [main] INFO api.SurveyPointsApi - All values for field 'Filtered points' are valid for Member ID: 65
12:12:43.288 [main] INFO api.SurveyPointsApi - All values for field 'Filtered points' are valid for Member ID: 66
12:12:43.292 [main] INFO api.SurveyPointsApi - All values for field 'Filtered points' are valid for Member ID: 67
12:12:43.296 [main] INFO api.SurveyPointsApi - All values for field 'Filtered points' are valid for Member ID: 68
12:12:43.301 [main] INFO api.SurveyPointsApi - All values for field 'Filtered points' are valid for Member ID: 69
12:12:43.305 [main] INFO api.SurveyPointsApi - All values for field 'Filtered points' are valid for Member ID: 70
12:12:43.309 [main] INFO api.SurveyPointsApi - All values for field 'Filtered points' are valid for Member ID: 71
12:12:43.314 [main] INFO api.SurveyPointsApi - All values for field 'Filtered points' are valid for Member ID: 72
12:12:43.318 [main] INFO api.SurveyPointsApi - All values for field 'Filtered points' are valid for Member ID: 73
12:12:43.322 [main] INFO api.SurveyPointsApi - All values for field 'Filtered points' are valid for Member ID: 74
12:12:43.326 [main] INFO api.SurveyPointsApi - All values for field 'Filtered points' are valid for Member ID: 75
12:12:43.331 [main] INFO api.SurveyPointsApi - All values for field 'Filtered points' are valid for Member ID: 76
12:12:43.335 [main] INFO api.SurveyPointsApi - All values for field 'Filtered points' are valid for Member ID: 77
12:12:43.339 [main] INFO api.SurveyPointsApi - All values for field 'Filtered points' are valid for Member ID: 78
12:12:43.343 [main] INFO api.SurveyPointsApi - All values for field 'Filtered points' are valid for Member ID: 79
12:12:43.348 [main] INFO api.SurveyPointsApi - All values for field 'Filtered points' are valid for Member ID: 80
12:12:43.352 [main] INFO api.SurveyPointsApi - All values for field 'Filtered points' are valid for Member ID: 81
12:12:43.356 [main] INFO api.SurveyPointsApi - All values for field 'Filtered points' are valid for Member ID: 82
12:12:43.360 [main] INFO api.SurveyPointsApi - All values for field 'Filtered points' are valid for Member ID: 83
12:12:43.365 [main] INFO api.SurveyPointsApi - All values for field 'Filtered points' are valid for Member ID: 84
12:12:43.369 [main] INFO api.SurveyPointsApi - All values for field 'Filtered points' are valid for Member ID: 85
12:12:43.373 [main] INFO api.SurveyPointsApi - All values for field 'Filtered points' are valid for Member ID: 86
12:12:43.377 [main] INFO api.SurveyPointsApi - All values for field 'Filtered points' are valid for Member ID: 87
12:12:43.382 [main] INFO api.SurveyPointsApi - All values for field 'Filtered points' are valid for Member ID: 88
12:12:43.386 [main] INFO api.SurveyPointsApi - All values for field 'Filtered points' are valid for Member ID: 89
12:12:43.391 [main] INFO api.SurveyPointsApi - All values for field 'Filtered points' are valid for Member ID: 90
12:12:43.395 [main] INFO api.SurveyPointsApi - All values for field 'Filtered points' are valid for Member ID: 91
12:12:43.399 [main] INFO api.SurveyPointsApi - All values for field 'Filtered points' are valid for Member ID: 92
12:12:43.404 [main] INFO api.SurveyPointsApi - All values for field 'Filtered points' are valid for Member ID: 93
12:12:43.408 [main] INFO api.SurveyPointsApi - All values for field 'Filtered points' are valid for Member ID: 94
12:12:43.413 [main] INFO api.SurveyPointsApi - All values for field 'Filtered points' are valid for Member ID: 95
12:12:43.417 [main] INFO api.SurveyPointsApi - All values for field 'Filtered points' are valid for Member ID: 96
12:12:43.421 [main] INFO api.SurveyPointsApi - All values for field 'Filtered points' are valid for Member ID: 97
12:12:43.426 [main] INFO api.SurveyPointsApi - All values for field 'Filtered points' are valid for Member ID: 98
12:12:43.430 [main] INFO api.SurveyPointsApi - All values for field 'Filtered points' are valid for Member ID: 99
12:12:43.434 [main] INFO api.SurveyPointsApi - All values for field 'Filtered points' are valid for Member ID: 100
12:12:43.438 [main] INFO api.SurveyPointsApi - All values for field 'Filtered points' are valid for Member ID: 101
12:12:43.443 [main] INFO api.SurveyPointsApi - All values for field 'Filtered points' are valid for Member ID: 102
12:12:43.447 [main] INFO api.SurveyPointsApi - All values for field 'Filtered points' are valid for Member ID: 103
12:12:43.454 [main] INFO api.SurveyPointsApi - All values for field 'Filtered points' are valid for Member ID: 104
12:12:43.459 [main] INFO api.SurveyPointsApi - All values for field 'Filtered points' are valid for Member ID: 105
12:12:43.463 [main] INFO api.SurveyPointsApi - All values for field 'Filtered points' are valid for Member ID: 106
12:12:43.467 [main] INFO api.SurveyPointsApi - All values for field 'Filtered points' are valid for Member ID: 107
12:12:43.471 [main] INFO api.SurveyPointsApi - All values for field 'Filtered points' are valid for Member ID: 108
12:12:43.475 [main] INFO api.SurveyPointsApi - All values for field 'Filtered points' are valid for Member ID: 109
12:12:43.480 [main] INFO api.SurveyPointsApi - All values for field 'Filtered points' are valid for Member ID: 110
12:12:43.484 [main] INFO api.SurveyPointsApi - All values for field 'Filtered points' are valid for Member ID: 111
12:12:43.489 [main] INFO api.SurveyPointsApi - All values for field 'Filtered points' are valid for Member ID: 112
12:12:43.494 [main] INFO api.SurveyPointsApi - All values for field 'Filtered points' are valid for Member ID: 113
12:12:43.498 [main] INFO api.SurveyPointsApi - All values for field 'Filtered points' are valid for Member ID: 114
12:12:43.503 [main] INFO api.SurveyPointsApi - All values for field 'Filtered points' are valid for Member ID: 115
12:12:43.508 [main] INFO api.SurveyPointsApi - All values for field 'Filtered points' are valid for Member ID: 116
12:12:43.513 [main] INFO api.SurveyPointsApi - All values for field 'Filtered points' are valid for Member ID: 117
12:12:43.517 [main] INFO api.SurveyPointsApi - All values for field 'Filtered points' are valid for Member ID: 118
12:12:43.522 [main] INFO api.SurveyPointsApi - All values for field 'Filtered points' are valid for Member ID: 119
12:12:43.527 [main] INFO api.SurveyPointsApi - All values for field 'Filtered points' are valid for Member ID: 120
12:12:43.532 [main] INFO api.SurveyPointsApi - All values for field 'Filtered points' are valid for Member ID: 121
12:12:43.537 [main] INFO api.SurveyPointsApi - All values for field 'Filtered points' are valid for Member ID: 122
12:12:43.542 [main] INFO api.SurveyPointsApi - All values for field 'Filtered points' are valid for Member ID: 123
12:12:43.546 [main] INFO api.SurveyPointsApi - All values for field 'Filtered points' are valid for Member ID: 124
12:12:43.550 [main] INFO api.SurveyPointsApi - All values for field 'Filtered points' are valid for Member ID: 125
12:12:43.555 [main] INFO api.SurveyPointsApi - All values for field 'Filtered points' are valid for Member ID: 126
12:12:43.559 [main] INFO api.SurveyPointsApi - All values for field 'Filtered points' are valid for Member ID: 127
12:12:43.563 [main] INFO api.SurveyPointsApi - All values for field 'Filtered points' are valid for Member ID: 128
12:12:43.568 [main] INFO api.SurveyPointsApi - All values for field 'Filtered points' are valid for Member ID: 129
12:12:43.572 [main] INFO api.SurveyPointsApi - All values for field 'Filtered points' are valid for Member ID: 130
12:12:43.577 [main] INFO api.SurveyPointsApi - All values for field 'Filtered points' are valid for Member ID: 131
12:12:43.581 [main] INFO api.SurveyPointsApi - All values for field 'Filtered points' are valid for Member ID: 132
12:12:43.586 [main] INFO api.SurveyPointsApi - All values for field 'Filtered points' are valid for Member ID: 133
12:12:43.591 [main] INFO api.SurveyPointsApi - All values for field 'Filtered points' are valid for Member ID: 134
12:12:43.595 [main] INFO api.SurveyPointsApi - All values for field 'Filtered points' are valid for Member ID: 135
12:12:43.600 [main] INFO api.SurveyPointsApi - All values for field 'Filtered points' are valid for Member ID: 136
12:12:43.605 [main] INFO api.SurveyPointsApi - All values for field 'Filtered points' are valid for Member ID: 137
12:12:43.609 [main] INFO api.SurveyPointsApi - All values for field 'Filtered points' are valid for Member ID: 138
12:12:43.614 [main] INFO api.SurveyPointsApi - All values for field 'Filtered points' are valid for Member ID: 139
12:12:43.619 [main] INFO api.SurveyPointsApi - All values for field 'Filtered points' are valid for Member ID: 140
12:12:43.623 [main] INFO api.SurveyPointsApi - All values for field 'Filtered points' are valid for Member ID: 141
12:12:43.628 [main] INFO api.SurveyPointsApi - All values for field 'Filtered points' are valid for Member ID: 142
12:12:43.633 [main] INFO api.SurveyPointsApi - All values for field 'Filtered points' are valid for Member ID: 143
12:12:43.638 [main] INFO api.SurveyPointsApi - All values for field 'Filtered points' are valid for Member ID: 144
12:12:43.642 [main] INFO api.SurveyPointsApi - All values for field 'Filtered points' are valid for Member ID: 145
12:12:43.647 [main] INFO api.SurveyPointsApi - All values for field 'Filtered points' are valid for Member ID: 146
12:12:43.652 [main] INFO api.SurveyPointsApi - All values for field 'Filtered points' are valid for Member ID: 147
12:12:43.657 [main] INFO api.SurveyPointsApi - All values for field 'Filtered points' are valid for Member ID: 148
12:12:43.662 [main] INFO api.SurveyPointsApi - All values for field 'Filtered points' are valid for Member ID: 149
12:12:43.667 [main] INFO api.SurveyPointsApi - All values for field 'Filtered points' are valid for Member ID: 150
12:12:43.672 [main] INFO api.SurveyPointsApi - All values for field 'Filtered points' are valid for Member ID: 151
12:12:43.677 [main] INFO api.SurveyPointsApi - All values for field 'Filtered points' are valid for Member ID: 152
12:12:43.682 [main] INFO api.SurveyPointsApi - All values for field 'Filtered points' are valid for Member ID: 153
12:12:43.687 [main] INFO api.SurveyPointsApi - All values for field 'Filtered points' are valid for Member ID: 154
12:12:43.692 [main] INFO api.SurveyPointsApi - All values for field 'Filtered points' are valid for Member ID: 155
12:12:43.697 [main] INFO api.SurveyPointsApi - All values for field 'Filtered points' are valid for Member ID: 156
12:12:43.701 [main] INFO api.SurveyPointsApi - All values for field 'Filtered points' are valid for Member ID: 157
12:12:43.706 [main] INFO api.SurveyPointsApi - All values for field 'Filtered points' are valid for Member ID: 158
12:12:43.711 [main] INFO api.SurveyPointsApi - All values for field 'Filtered points' are valid for Member ID: 159
12:12:43.716 [main] INFO api.SurveyPointsApi - All values for field 'Filtered points' are valid for Member ID: 160
12:12:43.721 [main] INFO api.SurveyPointsApi - All values for field 'Filtered points' are valid for Member ID: 161
12:12:43.726 [main] INFO api.SurveyPointsApi - All values for field 'Filtered points' are valid for Member ID: 162
12:12:43.731 [main] INFO api.SurveyPointsApi - All values for field 'Filtered points' are valid for Member ID: 163
12:12:43.736 [main] INFO api.SurveyPointsApi - All values for field 'Filtered points' are valid for Member ID: 164
12:12:43.741 [main] INFO api.SurveyPointsApi - All values for field 'Filtered points' are valid for Member ID: 165
12:12:43.745 [main] INFO api.SurveyPointsApi - All values for field 'Filtered points' are valid for Member ID: 166
12:12:43.750 [main] INFO api.SurveyPointsApi - All values for field 'Filtered points' are valid for Member ID: 167
12:12:43.758 [main] INFO api.SurveyPointsApi - All values for field 'Filtered points' are valid for Member ID: 168
12:12:43.763 [main] INFO api.SurveyPointsApi - All values for field 'Filtered points' are valid for Member ID: 169
12:12:43.768 [main] INFO api.SurveyPointsApi - All values for field 'Filtered points' are valid for Member ID: 170
12:12:43.773 [main] INFO api.SurveyPointsApi - All values for field 'Filtered points' are valid for Member ID: 171
12:12:43.777 [main] INFO api.SurveyPointsApi - All values for field 'Filtered points' are valid for Member ID: 172
12:12:43.782 [main] INFO api.SurveyPointsApi - All values for field 'Filtered points' are valid for Member ID: 173
12:12:43.787 [main] INFO api.SurveyPointsApi - All values for field 'Filtered points' are valid for Member ID: 174
12:12:43.791 [main] INFO api.SurveyPointsApi - All values for field 'Filtered points' are valid for Member ID: 175
12:12:43.796 [main] INFO api.SurveyPointsApi - All values for field 'Filtered points' are valid for Member ID: 176
12:12:43.801 [main] INFO api.SurveyPointsApi - All values for field 'Filtered points' are valid for Member ID: 177
12:12:43.805 [main] INFO api.SurveyPointsApi - All values for field 'Filtered points' are valid for Member ID: 178
12:12:43.810 [main] INFO api.SurveyPointsApi - All values for field 'Filtered points' are valid for Member ID: 179
12:12:43.815 [main] INFO api.SurveyPointsApi - All values for field 'Filtered points' are valid for Member ID: 180
12:12:43.820 [main] INFO api.SurveyPointsApi - All values for field 'Filtered points' are valid for Member ID: 181
12:12:43.825 [main] INFO api.SurveyPointsApi - All values for field 'Filtered points' are valid for Member ID: 182
12:12:43.830 [main] INFO api.SurveyPointsApi - All values for field 'Filtered points' are valid for Member ID: 183
12:12:43.835 [main] INFO api.SurveyPointsApi - All values for field 'Filtered points' are valid for Member ID: 184
12:12:43.840 [main] INFO api.SurveyPointsApi - All values for field 'Filtered points' are valid for Member ID: 185
12:12:43.844 [main] INFO api.SurveyPointsApi - All values for field 'Filtered points' are valid for Member ID: 186
12:12:43.850 [main] INFO api.SurveyPointsApi - All values for field 'Filtered points' are valid for Member ID: 187
12:12:43.854 [main] INFO api.SurveyPointsApi - All values for field 'Filtered points' are valid for Member ID: 188
12:12:43.859 [main] INFO api.SurveyPointsApi - All values for field 'Filtered points' are valid for Member ID: 189
12:12:43.864 [main] INFO api.SurveyPointsApi - All values for field 'Filtered points' are valid for Member ID: 190
12:12:43.869 [main] INFO api.SurveyPointsApi - All values for field 'Filtered points' are valid for Member ID: 191
12:12:43.874 [main] INFO api.SurveyPointsApi - All values for field 'Filtered points' are valid for Member ID: 192
12:12:43.878 [main] INFO api.SurveyPointsApi - All values for field 'Filtered points' are valid for Member ID: 193
12:12:43.883 [main] INFO api.SurveyPointsApi - All values for field 'Filtered points' are valid for Member ID: 194
12:12:43.888 [main] INFO api.SurveyPointsApi - All values for field 'Filtered points' are valid for Member ID: 195
12:12:43.893 [main] INFO api.SurveyPointsApi - All values for field 'Filtered points' are valid for Member ID: 196
12:12:43.898 [main] INFO api.SurveyPointsApi - All values for field 'Filtered points' are valid for Member ID: 197
12:12:43.902 [main] INFO api.SurveyPointsApi - All values for field 'Filtered points' are valid for Member ID: 198
12:12:43.907 [main] INFO api.SurveyPointsApi - All values for field 'Filtered points' are valid for Member ID: 199
12:12:43.914 [main] INFO api.SurveyPointsApi - All values for field 'Filtered points' are valid for Member ID: 200
12:12:43.920 [main] INFO api.SurveyPointsApi - All values for field 'Filtered points' are valid for Member ID: 201
12:12:43.924 [main] INFO api.SurveyPointsApi - All values for field 'Filtered points' are valid for Member ID: 202
12:12:43.928 [main] INFO api.SurveyPointsApi - All values for field 'Filtered points' are valid for Member ID: 203
12:12:43.933 [main] INFO api.SurveyPointsApi - All values for field 'Filtered points' are valid for Member ID: 204
12:12:43.937 [main] INFO api.SurveyPointsApi - All values for field 'Filtered points' are valid for Member ID: 205
12:12:43.942 [main] INFO api.SurveyPointsApi - All values for field 'Filtered points' are valid for Member ID: 206
12:12:43.946 [main] INFO api.SurveyPointsApi - All values for field 'Filtered points' are valid for Member ID: 207
12:12:43.950 [main] INFO api.SurveyPointsApi - All values for field 'Filtered points' are valid for Member ID: 208
12:12:43.955 [main] INFO api.SurveyPointsApi - All values for field 'Filtered points' are valid for Member ID: 209
12:12:43.960 [main] INFO api.SurveyPointsApi - All values for field 'Filtered points' are valid for Member ID: 210
12:12:43.964 [main] INFO api.SurveyPointsApi - All values for field 'Filtered points' are valid for Member ID: 211
12:12:43.969 [main] INFO api.SurveyPointsApi - All values for field 'Filtered points' are valid for Member ID: 212
12:12:43.974 [main] INFO api.SurveyPointsApi - All values for field 'Filtered points' are valid for Member ID: 213
12:12:43.978 [main] INFO api.SurveyPointsApi - All values for field 'Filtered points' are valid for Member ID: 214
12:12:43.983 [main] INFO api.SurveyPointsApi - All values for field 'Filtered points' are valid for Member ID: 215
12:12:43.988 [main] INFO api.SurveyPointsApi - All values for field 'Filtered points' are valid for Member ID: 216
12:12:43.992 [main] INFO api.SurveyPointsApi - All values for field 'Filtered points' are valid for Member ID: 217
12:12:43.997 [main] INFO api.SurveyPointsApi - All values for field 'Filtered points' are valid for Member ID: 218
12:12:44.002 [main] INFO api.SurveyPointsApi - All values for field 'Filtered points' are valid for Member ID: 219
12:12:44.006 [main] INFO api.SurveyPointsApi - All values for field 'Filtered points' are valid for Member ID: 220
12:12:44.011 [main] INFO api.SurveyPointsApi - All values for field 'Filtered points' are valid for Member ID: 221
12:12:44.016 [main] INFO api.SurveyPointsApi - All values for field 'Filtered points' are valid for Member ID: 222
12:12:44.020 [main] INFO api.SurveyPointsApi - All values for field 'Filtered points' are valid for Member ID: 223
12:12:44.025 [main] INFO api.SurveyPointsApi - All values for field 'Filtered points' are valid for Member ID: 224
12:12:44.030 [main] INFO api.SurveyPointsApi - All values for field 'Filtered points' are valid for Member ID: 225
12:12:44.035 [main] INFO api.SurveyPointsApi - All values for field 'Filtered points' are valid for Member ID: 226
12:12:44.039 [main] INFO api.SurveyPointsApi - All values for field 'Filtered points' are valid for Member ID: 227
12:12:44.044 [main] INFO api.SurveyPointsApi - All values for field 'Filtered points' are valid for Member ID: 228
12:12:44.048 [main] INFO api.SurveyPointsApi - All values for field 'Filtered points' are valid for Member ID: 229
12:12:44.052 [main] INFO api.SurveyPointsApi - All values for field 'Filtered points' are valid for Member ID: 230
12:12:44.057 [main] INFO api.SurveyPointsApi - All values for field 'Filtered points' are valid for Member ID: 231
12:12:44.064 [main] INFO api.SurveyPointsApi - All values for field 'Filtered points' are valid for Member ID: 232
12:12:44.069 [main] INFO api.SurveyPointsApi - All values for field 'Filtered points' are valid for Member ID: 233
12:12:44.073 [main] INFO api.SurveyPointsApi - All values for field 'Filtered points' are valid for Member ID: 234
12:12:44.078 [main] INFO api.SurveyPointsApi - All values for field 'Filtered points' are valid for Member ID: 235
12:12:44.082 [main] INFO api.SurveyPointsApi - All values for field 'Filtered points' are valid for Member ID: 236
12:12:44.086 [main] INFO api.SurveyPointsApi - All values for field 'Filtered points' are valid for Member ID: 237
12:12:44.091 [main] INFO api.SurveyPointsApi - All values for field 'Filtered points' are valid for Member ID: 238
12:12:44.095 [main] INFO api.SurveyPointsApi - All values for field 'Filtered points' are valid for Member ID: 239
12:12:44.100 [main] INFO api.SurveyPointsApi - All values for field 'Filtered points' are valid for Member ID: 240
12:12:44.104 [main] INFO api.SurveyPointsApi - All values for field 'Filtered points' are valid for Member ID: 241
12:12:44.109 [main] INFO api.SurveyPointsApi - All values for field 'Filtered points' are valid for Member ID: 242
12:12:44.113 [main] INFO api.SurveyPointsApi - All values for field 'Filtered points' are valid for Member ID: 243
12:12:44.117 [main] INFO api.SurveyPointsApi - All values for field 'Filtered points' are valid for Member ID: 244
12:12:44.121 [main] INFO api.SurveyPointsApi - All values for field 'Filtered points' are valid for Member ID: 245
12:12:44.126 [main] INFO api.SurveyPointsApi - All values for field 'Filtered points' are valid for Member ID: 246
12:12:44.130 [main] INFO api.SurveyPointsApi - All values for field 'Filtered points' are valid for Member ID: 247
12:12:44.134 [main] INFO api.SurveyPointsApi - All values for field 'Filtered points' are valid for Member ID: 248
12:12:44.139 [main] INFO api.SurveyPointsApi - All values for field 'Filtered points' are valid for Member ID: 249
12:12:44.143 [main] INFO api.SurveyPointsApi - All values for field 'Filtered points' are valid for Member ID: 250
12:12:44.148 [main] INFO api.SurveyPointsApi - All values for field 'Filtered points' are valid for Member ID: 251
12:12:44.152 [main] INFO api.SurveyPointsApi - All values for field 'Filtered points' are valid for Member ID: 252
12:12:44.157 [main] INFO api.SurveyPointsApi - All values for field 'Filtered points' are valid for Member ID: 253
12:12:44.161 [main] INFO api.SurveyPointsApi - All values for field 'Filtered points' are valid for Member ID: 254
12:12:44.165 [main] INFO api.SurveyPointsApi - All values for field 'Filtered points' are valid for Member ID: 255
12:12:44.170 [main] INFO api.SurveyPointsApi - All values for field 'Filtered points' are valid for Member ID: 256
12:12:44.174 [main] INFO api.SurveyPointsApi - All values for field 'Filtered points' are valid for Member ID: 257
12:12:44.178 [main] INFO api.SurveyPointsApi - All values for field 'Filtered points' are valid for Member ID: 258
12:12:44.183 [main] INFO api.SurveyPointsApi - All values for field 'Filtered points' are valid for Member ID: 259
12:12:44.187 [main] INFO api.SurveyPointsApi - All values for field 'Filtered points' are valid for Member ID: 260
12:12:44.192 [main] INFO api.SurveyPointsApi - All values for field 'Filtered points' are valid for Member ID: 261
12:12:44.196 [main] INFO api.SurveyPointsApi - All values for field 'Filtered points' are valid for Member ID: 262
12:12:44.200 [main] INFO api.SurveyPointsApi - All values for field 'Filtered points' are valid for Member ID: 263
12:12:44.205 [main] INFO api.SurveyPointsApi - All values for field 'Filtered points' are valid for Member ID: 264
12:12:44.209 [main] INFO api.SurveyPointsApi - All values for field 'Filtered points' are valid for Member ID: 265
12:12:44.213 [main] INFO api.SurveyPointsApi - All values for field 'Filtered points' are valid for Member ID: 266
12:12:44.217 [main] INFO api.SurveyPointsApi - All values for field 'Filtered points' are valid for Member ID: 267
12:12:44.222 [main] INFO api.SurveyPointsApi - All values for field 'Filtered points' are valid for Member ID: 268
12:12:44.226 [main] INFO api.SurveyPointsApi - All values for field 'Filtered points' are valid for Member ID: 269
12:12:44.231 [main] INFO api.SurveyPointsApi - All values for field 'Filtered points' are valid for Member ID: 270
12:12:44.236 [main] INFO api.SurveyPointsApi - All values for field 'Filtered points' are valid for Member ID: 271
12:12:44.241 [main] INFO api.SurveyPointsApi - All values for field 'Filtered points' are valid for Member ID: 272
12:12:44.246 [main] INFO api.SurveyPointsApi - All values for field 'Filtered points' are valid for Member ID: 273
12:12:44.251 [main] INFO api.SurveyPointsApi - All values for field 'Filtered points' are valid for Member ID: 274
12:12:44.255 [main] INFO api.SurveyPointsApi - All values for field 'Filtered points' are valid for Member ID: 275
12:12:44.260 [main] INFO api.SurveyPointsApi - All values for field 'Filtered points' are valid for Member ID: 276
12:12:44.265 [main] INFO api.SurveyPointsApi - All values for field 'Filtered points' are valid for Member ID: 277
12:12:44.270 [main] INFO api.SurveyPointsApi - All values for field 'Filtered points' are valid for Member ID: 278
12:12:44.274 [main] INFO api.SurveyPointsApi - All values for field 'Filtered points' are valid for Member ID: 279
12:12:44.278 [main] INFO api.SurveyPointsApi - All values for field 'Filtered points' are valid for Member ID: 280
12:12:44.283 [main] INFO api.SurveyPointsApi - All values for field 'Filtered points' are valid for Member ID: 281
12:12:44.287 [main] INFO api.SurveyPointsApi - All values for field 'Filtered points' are valid for Member ID: 282
12:12:44.291 [main] INFO api.SurveyPointsApi - All values for field 'Filtered points' are valid for Member ID: 283
12:12:44.296 [main] INFO api.SurveyPointsApi - All values for field 'Filtered points' are valid for Member ID: 284
12:12:44.300 [main] INFO api.SurveyPointsApi - All values for field 'Filtered points' are valid for Member ID: 285
12:12:44.304 [main] INFO api.SurveyPointsApi - All values for field 'Filtered points' are valid for Member ID: 286
12:12:44.308 [main] INFO api.SurveyPointsApi - All values for field 'Filtered points' are valid for Member ID: 287
12:12:44.313 [main] INFO api.SurveyPointsApi - All values for field 'Filtered points' are valid for Member ID: 288
12:12:44.317 [main] INFO api.SurveyPointsApi - All values for field 'Filtered points' are valid for Member ID: 289
12:12:44.321 [main] INFO api.SurveyPointsApi - All values for field 'Filtered points' are valid for Member ID: 290
12:12:44.326 [main] INFO api.SurveyPointsApi - All values for field 'Filtered points' are valid for Member ID: 291
12:12:44.330 [main] INFO api.SurveyPointsApi - All values for field 'Filtered points' are valid for Member ID: 292
12:12:44.334 [main] INFO api.SurveyPointsApi - All values for field 'Filtered points' are valid for Member ID: 293
12:12:44.338 [main] INFO api.SurveyPointsApi - All values for field 'Filtered points' are valid for Member ID: 294
12:12:44.343 [main] INFO api.SurveyPointsApi - All values for field 'Filtered points' are valid for Member ID: 295
12:12:44.350 [main] INFO api.SurveyPointsApi - All values for field 'Filtered points' are valid for Member ID: 296
12:12:44.355 [main] INFO api.SurveyPointsApi - All values for field 'Filtered points' are valid for Member ID: 297
12:12:44.359 [main] INFO api.SurveyPointsApi - All values for field 'Filtered points' are valid for Member ID: 298
12:12:44.364 [main] INFO api.SurveyPointsApi - All values for field 'Filtered points' are valid for Member ID: 299
12:12:44.368 [main] INFO api.SurveyPointsApi - All values for field 'Filtered points' are valid for Member ID: 300
]]></system-out>
  </testcase>
  <testcase name="testSurveyNames" classname="tests.integration.SurveyPointsTest" time="1.401">
    <system-out><![CDATA[12:12:44.370 [main] INFO api.SurveyPointsApi - Starting validation for status: Name
12:12:44.400 [main] INFO api.SurveyPointsApi - All values for field 'Name' are valid for Member ID: 1
12:12:44.407 [main] INFO api.SurveyPointsApi - All values for field 'Name' are valid for Member ID: 2
12:12:44.412 [main] INFO api.SurveyPointsApi - All values for field 'Name' are valid for Member ID: 3
12:12:44.417 [main] INFO api.SurveyPointsApi - All values for field 'Name' are valid for Member ID: 4
12:12:44.422 [main] INFO api.SurveyPointsApi - All values for field 'Name' are valid for Member ID: 5
12:12:44.426 [main] INFO api.SurveyPointsApi - All values for field 'Name' are valid for Member ID: 6
12:12:44.455 [main] INFO api.SurveyPointsApi - All values for field 'Name' are valid for Member ID: 7
12:12:44.526 [main] INFO api.SurveyPointsApi - All values for field 'Name' are valid for Member ID: 8
12:12:44.531 [main] INFO api.SurveyPointsApi - All values for field 'Name' are valid for Member ID: 9
12:12:44.536 [main] INFO api.SurveyPointsApi - All values for field 'Name' are valid for Member ID: 10
12:12:44.540 [main] INFO api.SurveyPointsApi - All values for field 'Name' are valid for Member ID: 11
12:12:44.544 [main] INFO api.SurveyPointsApi - All values for field 'Name' are valid for Member ID: 12
12:12:44.549 [main] INFO api.SurveyPointsApi - All values for field 'Name' are valid for Member ID: 13
12:12:44.553 [main] INFO api.SurveyPointsApi - All values for field 'Name' are valid for Member ID: 14
12:12:44.557 [main] INFO api.SurveyPointsApi - All values for field 'Name' are valid for Member ID: 15
12:12:44.561 [main] INFO api.SurveyPointsApi - All values for field 'Name' are valid for Member ID: 16
12:12:44.565 [main] INFO api.SurveyPointsApi - All values for field 'Name' are valid for Member ID: 17
12:12:44.569 [main] INFO api.SurveyPointsApi - All values for field 'Name' are valid for Member ID: 18
12:12:44.573 [main] INFO api.SurveyPointsApi - All values for field 'Name' are valid for Member ID: 19
12:12:44.577 [main] INFO api.SurveyPointsApi - All values for field 'Name' are valid for Member ID: 20
12:12:44.581 [main] INFO api.SurveyPointsApi - All values for field 'Name' are valid for Member ID: 21
12:12:44.586 [main] INFO api.SurveyPointsApi - All values for field 'Name' are valid for Member ID: 22
12:12:44.590 [main] INFO api.SurveyPointsApi - All values for field 'Name' are valid for Member ID: 23
12:12:44.594 [main] INFO api.SurveyPointsApi - All values for field 'Name' are valid for Member ID: 24
12:12:44.598 [main] INFO api.SurveyPointsApi - All values for field 'Name' are valid for Member ID: 25
12:12:44.602 [main] INFO api.SurveyPointsApi - All values for field 'Name' are valid for Member ID: 26
12:12:44.606 [main] INFO api.SurveyPointsApi - All values for field 'Name' are valid for Member ID: 27
12:12:44.610 [main] INFO api.SurveyPointsApi - All values for field 'Name' are valid for Member ID: 28
12:12:44.614 [main] INFO api.SurveyPointsApi - All values for field 'Name' are valid for Member ID: 29
12:12:44.618 [main] INFO api.SurveyPointsApi - All values for field 'Name' are valid for Member ID: 30
12:12:44.622 [main] INFO api.SurveyPointsApi - All values for field 'Name' are valid for Member ID: 31
12:12:44.626 [main] INFO api.SurveyPointsApi - All values for field 'Name' are valid for Member ID: 32
12:12:44.630 [main] INFO api.SurveyPointsApi - All values for field 'Name' are valid for Member ID: 33
12:12:44.634 [main] INFO api.SurveyPointsApi - All values for field 'Name' are valid for Member ID: 34
12:12:44.638 [main] INFO api.SurveyPointsApi - All values for field 'Name' are valid for Member ID: 35
12:12:44.642 [main] INFO api.SurveyPointsApi - All values for field 'Name' are valid for Member ID: 36
12:12:44.646 [main] INFO api.SurveyPointsApi - All values for field 'Name' are valid for Member ID: 37
12:12:44.650 [main] INFO api.SurveyPointsApi - All values for field 'Name' are valid for Member ID: 38
12:12:44.655 [main] INFO api.SurveyPointsApi - All values for field 'Name' are valid for Member ID: 39
12:12:44.659 [main] INFO api.SurveyPointsApi - All values for field 'Name' are valid for Member ID: 40
12:12:44.663 [main] INFO api.SurveyPointsApi - All values for field 'Name' are valid for Member ID: 41
12:12:44.667 [main] INFO api.SurveyPointsApi - All values for field 'Name' are valid for Member ID: 42
12:12:44.671 [main] INFO api.SurveyPointsApi - All values for field 'Name' are valid for Member ID: 43
12:12:44.675 [main] INFO api.SurveyPointsApi - All values for field 'Name' are valid for Member ID: 44
12:12:44.679 [main] INFO api.SurveyPointsApi - All values for field 'Name' are valid for Member ID: 45
12:12:44.683 [main] INFO api.SurveyPointsApi - All values for field 'Name' are valid for Member ID: 46
12:12:44.687 [main] INFO api.SurveyPointsApi - All values for field 'Name' are valid for Member ID: 47
12:12:44.691 [main] INFO api.SurveyPointsApi - All values for field 'Name' are valid for Member ID: 48
12:12:44.696 [main] INFO api.SurveyPointsApi - All values for field 'Name' are valid for Member ID: 49
12:12:44.700 [main] INFO api.SurveyPointsApi - All values for field 'Name' are valid for Member ID: 50
12:12:44.704 [main] INFO api.SurveyPointsApi - All values for field 'Name' are valid for Member ID: 51
12:12:44.708 [main] INFO api.SurveyPointsApi - All values for field 'Name' are valid for Member ID: 52
12:12:44.713 [main] INFO api.SurveyPointsApi - All values for field 'Name' are valid for Member ID: 53
12:12:44.717 [main] INFO api.SurveyPointsApi - All values for field 'Name' are valid for Member ID: 54
12:12:44.721 [main] INFO api.SurveyPointsApi - All values for field 'Name' are valid for Member ID: 55
12:12:44.729 [main] INFO api.SurveyPointsApi - All values for field 'Name' are valid for Member ID: 56
12:12:44.733 [main] INFO api.SurveyPointsApi - All values for field 'Name' are valid for Member ID: 57
12:12:44.738 [main] INFO api.SurveyPointsApi - All values for field 'Name' are valid for Member ID: 58
12:12:44.742 [main] INFO api.SurveyPointsApi - All values for field 'Name' are valid for Member ID: 59
12:12:44.750 [main] INFO api.SurveyPointsApi - All values for field 'Name' are valid for Member ID: 60
12:12:44.755 [main] INFO api.SurveyPointsApi - All values for field 'Name' are valid for Member ID: 61
12:12:44.759 [main] INFO api.SurveyPointsApi - All values for field 'Name' are valid for Member ID: 62
12:12:44.764 [main] INFO api.SurveyPointsApi - All values for field 'Name' are valid for Member ID: 63
12:12:44.768 [main] INFO api.SurveyPointsApi - All values for field 'Name' are valid for Member ID: 64
12:12:44.772 [main] INFO api.SurveyPointsApi - All values for field 'Name' are valid for Member ID: 65
12:12:44.777 [main] INFO api.SurveyPointsApi - All values for field 'Name' are valid for Member ID: 66
12:12:44.781 [main] INFO api.SurveyPointsApi - All values for field 'Name' are valid for Member ID: 67
12:12:44.786 [main] INFO api.SurveyPointsApi - All values for field 'Name' are valid for Member ID: 68
12:12:44.790 [main] INFO api.SurveyPointsApi - All values for field 'Name' are valid for Member ID: 69
12:12:44.795 [main] INFO api.SurveyPointsApi - All values for field 'Name' are valid for Member ID: 70
12:12:44.799 [main] INFO api.SurveyPointsApi - All values for field 'Name' are valid for Member ID: 71
12:12:44.804 [main] INFO api.SurveyPointsApi - All values for field 'Name' are valid for Member ID: 72
12:12:44.809 [main] INFO api.SurveyPointsApi - All values for field 'Name' are valid for Member ID: 73
12:12:44.814 [main] INFO api.SurveyPointsApi - All values for field 'Name' are valid for Member ID: 74
12:12:44.818 [main] INFO api.SurveyPointsApi - All values for field 'Name' are valid for Member ID: 75
12:12:44.822 [main] INFO api.SurveyPointsApi - All values for field 'Name' are valid for Member ID: 76
12:12:44.827 [main] INFO api.SurveyPointsApi - All values for field 'Name' are valid for Member ID: 77
12:12:44.831 [main] INFO api.SurveyPointsApi - All values for field 'Name' are valid for Member ID: 78
12:12:44.835 [main] INFO api.SurveyPointsApi - All values for field 'Name' are valid for Member ID: 79
12:12:44.840 [main] INFO api.SurveyPointsApi - All values for field 'Name' are valid for Member ID: 80
12:12:44.844 [main] INFO api.SurveyPointsApi - All values for field 'Name' are valid for Member ID: 81
12:12:44.849 [main] INFO api.SurveyPointsApi - All values for field 'Name' are valid for Member ID: 82
12:12:44.853 [main] INFO api.SurveyPointsApi - All values for field 'Name' are valid for Member ID: 83
12:12:44.858 [main] INFO api.SurveyPointsApi - All values for field 'Name' are valid for Member ID: 84
12:12:44.863 [main] INFO api.SurveyPointsApi - All values for field 'Name' are valid for Member ID: 85
12:12:44.867 [main] INFO api.SurveyPointsApi - All values for field 'Name' are valid for Member ID: 86
12:12:44.872 [main] INFO api.SurveyPointsApi - All values for field 'Name' are valid for Member ID: 87
12:12:44.876 [main] INFO api.SurveyPointsApi - All values for field 'Name' are valid for Member ID: 88
12:12:44.881 [main] INFO api.SurveyPointsApi - All values for field 'Name' are valid for Member ID: 89
12:12:44.885 [main] INFO api.SurveyPointsApi - All values for field 'Name' are valid for Member ID: 90
12:12:44.890 [main] INFO api.SurveyPointsApi - All values for field 'Name' are valid for Member ID: 91
12:12:44.894 [main] INFO api.SurveyPointsApi - All values for field 'Name' are valid for Member ID: 92
12:12:44.899 [main] INFO api.SurveyPointsApi - All values for field 'Name' are valid for Member ID: 93
12:12:44.903 [main] INFO api.SurveyPointsApi - All values for field 'Name' are valid for Member ID: 94
12:12:44.908 [main] INFO api.SurveyPointsApi - All values for field 'Name' are valid for Member ID: 95
12:12:44.912 [main] INFO api.SurveyPointsApi - All values for field 'Name' are valid for Member ID: 96
12:12:44.917 [main] INFO api.SurveyPointsApi - All values for field 'Name' are valid for Member ID: 97
12:12:44.921 [main] INFO api.SurveyPointsApi - All values for field 'Name' are valid for Member ID: 98
12:12:44.925 [main] INFO api.SurveyPointsApi - All values for field 'Name' are valid for Member ID: 99
12:12:44.929 [main] INFO api.SurveyPointsApi - All values for field 'Name' are valid for Member ID: 100
12:12:44.933 [main] INFO api.SurveyPointsApi - All values for field 'Name' are valid for Member ID: 101
12:12:44.937 [main] INFO api.SurveyPointsApi - All values for field 'Name' are valid for Member ID: 102
12:12:44.941 [main] INFO api.SurveyPointsApi - All values for field 'Name' are valid for Member ID: 103
12:12:44.945 [main] INFO api.SurveyPointsApi - All values for field 'Name' are valid for Member ID: 104
12:12:44.949 [main] INFO api.SurveyPointsApi - All values for field 'Name' are valid for Member ID: 105
12:12:44.953 [main] INFO api.SurveyPointsApi - All values for field 'Name' are valid for Member ID: 106
12:12:44.957 [main] INFO api.SurveyPointsApi - All values for field 'Name' are valid for Member ID: 107
12:12:44.961 [main] INFO api.SurveyPointsApi - All values for field 'Name' are valid for Member ID: 108
12:12:44.965 [main] INFO api.SurveyPointsApi - All values for field 'Name' are valid for Member ID: 109
12:12:44.969 [main] INFO api.SurveyPointsApi - All values for field 'Name' are valid for Member ID: 110
12:12:44.973 [main] INFO api.SurveyPointsApi - All values for field 'Name' are valid for Member ID: 111
12:12:44.977 [main] INFO api.SurveyPointsApi - All values for field 'Name' are valid for Member ID: 112
12:12:44.981 [main] INFO api.SurveyPointsApi - All values for field 'Name' are valid for Member ID: 113
12:12:44.985 [main] INFO api.SurveyPointsApi - All values for field 'Name' are valid for Member ID: 114
12:12:44.990 [main] INFO api.SurveyPointsApi - All values for field 'Name' are valid for Member ID: 115
[...]
Point: 30
Point validation passed for Member ID: 272 and Survey ID: 53
Point: 20
Point validation passed for Member ID: 272 and Survey ID: 59
Point: 2
Point validation passed for Member ID: 272 and Survey ID: 62
Point: 40
Point validation passed for Member ID: 272 and Survey ID: 64
Point: 10
Point validation passed for Member ID: 272 and Survey ID: 66
Point: 15
Point validation passed for Member ID: 272 and Survey ID: 80
Point: 1
Point validation passed for Member ID: 272 and Survey ID: 84
Point: 25
Point validation passed for Member ID: 272 and Survey ID: 95
Point: 15
Point validation passed for Member ID: 272 and Survey ID: 97
Point: 0
Point validation passed for Member ID: 273 and Survey ID: 25
Point: 5
Point validation passed for Member ID: 273 and Survey ID: 55
Point: 35
Point validation passed for Member ID: 273 and Survey ID: 58
Point: 45
Point validation passed for Member ID: 273 and Survey ID: 62
Point: 40
Point validation passed for Member ID: 273 and Survey ID: 64
Point: 10
Point validation passed for Member ID: 273 and Survey ID: 100
Point: 10
Point validation passed for Member ID: 274 and Survey ID: 14
Point: 50
Point validation passed for Member ID: 274 and Survey ID: 27
Point: 15
Point validation passed for Member ID: 274 and Survey ID: 34
Point: 15
Point validation passed for Member ID: 274 and Survey ID: 54
Point: 4
Point validation passed for Member ID: 274 and Survey ID: 55
Point: 35
Point validation passed for Member ID: 274 and Survey ID: 57
Point: 45
Point validation passed for Member ID: 274 and Survey ID: 58
Point: 45
Point validation passed for Member ID: 274 and Survey ID: 64
Point: 5
Point validation passed for Member ID: 274 and Survey ID: 68
Point: 0
Point validation passed for Member ID: 274 and Survey ID: 76
Point: 40
Point validation passed for Member ID: 274 and Survey ID: 83
Point: 5
Point validation passed for Member ID: 275 and Survey ID: 13
Point: 3
Point validation passed for Member ID: 275 and Survey ID: 25
Point: 5
Point validation passed for Member ID: 275 and Survey ID: 39
Point: 2
Point validation passed for Member ID: 275 and Survey ID: 40
Point: 10
Point validation passed for Member ID: 275 and Survey ID: 42
Point: 25
Point validation passed for Member ID: 275 and Survey ID: 63
Point: 30
Point validation passed for Member ID: 275 and Survey ID: 76
Point: 5
Point validation passed for Member ID: 275 and Survey ID: 77
Point: 25
Point validation passed for Member ID: 275 and Survey ID: 91
Point: 0
Point validation passed for Member ID: 276 and Survey ID: 1
Point: 5
Point validation passed for Member ID: 276 and Survey ID: 12
Point: 1
Point validation passed for Member ID: 276 and Survey ID: 34
Point: 5
Point validation passed for Member ID: 276 and Survey ID: 38
Point: 30
Point validation passed for Member ID: 276 and Survey ID: 43
Point: 5
Point validation passed for Member ID: 276 and Survey ID: 59
Point: 40
Point validation passed for Member ID: 276 and Survey ID: 66
Point: 15
Point validation passed for Member ID: 276 and Survey ID: 73
Point: 15
Point validation passed for Member ID: 276 and Survey ID: 78
Point: 30
Point validation passed for Member ID: 276 and Survey ID: 79
Point: 20
Point validation passed for Member ID: 276 and Survey ID: 87
Point: 15
Point validation passed for Member ID: 276 and Survey ID: 91
Point: 5
Point validation passed for Member ID: 277 and Survey ID: 18
Point: 0
Point validation passed for Member ID: 277 and Survey ID: 19
Point: 45
Point validation passed for Member ID: 277 and Survey ID: 38
Point: 30
Point validation passed for Member ID: 277 and Survey ID: 44
Point: 35
Point validation passed for Member ID: 277 and Survey ID: 45
Point: 20
Point validation passed for Member ID: 277 and Survey ID: 72
Point: 25
Point validation passed for Member ID: 277 and Survey ID: 73
Point: 15
Point validation passed for Member ID: 277 and Survey ID: 74
Point: 50
Point validation passed for Member ID: 277 and Survey ID: 95
Point: 15
Point validation passed for Member ID: 278 and Survey ID: 5
Point: 4
Point validation passed for Member ID: 278 and Survey ID: 17
Point: 15
Point validation passed for Member ID: 278 and Survey ID: 22
Point: 0
Point validation passed for Member ID: 278 and Survey ID: 35
Point: 4
Point validation passed for Member ID: 278 and Survey ID: 47
Point: 20
Point validation passed for Member ID: 278 and Survey ID: 49
Point: 35
Point validation passed for Member ID: 278 and Survey ID: 55
Point: 35
Point validation passed for Member ID: 278 and Survey ID: 63
Point: 5
Point validation passed for Member ID: 278 and Survey ID: 64
Point: 0
Point validation passed for Member ID: 278 and Survey ID: 68
Point: 5
Point validation passed for Member ID: 278 and Survey ID: 87
Point: 15
Point validation passed for Member ID: 279 and Survey ID: 6
Point: 25
Point validation passed for Member ID: 279 and Survey ID: 48
Point: 5
Point validation passed for Member ID: 279 and Survey ID: 50
Point: 5
Point validation passed for Member ID: 279 and Survey ID: 93
Point: 0
Point validation passed for Member ID: 280 and Survey ID: 6
Point: 25
Point validation passed for Member ID: 280 and Survey ID: 14
Point: 2
Point validation passed for Member ID: 280 and Survey ID: 17
Point: 15
Point validation passed for Member ID: 280 and Survey ID: 87
Point: 4
Point validation passed for Member ID: 280 and Survey ID: 97
Point: 35
Point validation passed for Member ID: 281 and Survey ID: 27
Point: 15
Point validation passed for Member ID: 281 and Survey ID: 38
Point: 30
Point validation passed for Member ID: 281 and Survey ID: 39
Point: 40
Point validation passed for Member ID: 281 and Survey ID: 63
Point: 30
Point validation passed for Member ID: 281 and Survey ID: 65
Point: 20
Point validation passed for Member ID: 281 and Survey ID: 67
Point: 35
Point validation passed for Member ID: 281 and Survey ID: 71
Point: 30
Point validation passed for Member ID: 281 and Survey ID: 77
Point: 25
Point validation passed for Member ID: 281 and Survey ID: 95
Point: 0
Point validation passed for Member ID: 282 and Survey ID: 23
Point: 10
Point validation passed for Member ID: 282 and Survey ID: 24
Point: 1
Point validation passed for Member ID: 282 and Survey ID: 38
Point: 30
Point validation passed for Member ID: 282 and Survey ID: 54
Point: 25
Point validation passed for Member ID: 282 and Survey ID: 68
Point: 5
Point validation passed for Member ID: 282 and Survey ID: 69
Point: 1
Point validation passed for Member ID: 282 and Survey ID: 77
Point: 1
Point validation passed for Member ID: 282 and Survey ID: 84
Point: 25
Point validation passed for Member ID: 282 and Survey ID: 87
Point: 15
Point validation passed for Member ID: 282 and Survey ID: 89
Point: 10
Point validation passed for Member ID: 282 and Survey ID: 92
Point: 45
Point validation passed for Member ID: 282 and Survey ID: 100
Point: 10
Point validation passed for Member ID: 283 and Survey ID: 4
Point: 10
Point validation passed for Member ID: 283 and Survey ID: 7
Point: 45
Point validation passed for Member ID: 283 and Survey ID: 10
Point: 0
Point validation passed for Member ID: 283 and Survey ID: 31
Point: 50
Point validation passed for Member ID: 283 and Survey ID: 32
Point: 40
Point validation passed for Member ID: 283 and Survey ID: 36
Point: 35
Point validation passed for Member ID: 283 and Survey ID: 37
Point: 25
Point validation passed for Member ID: 283 and Survey ID: 60
Point: 2
Point validation passed for Member ID: 283 and Survey ID: 64
Point: 10
Point validation passed for Member ID: 283 and Survey ID: 68
Point: 5
Point validation passed for Member ID: 283 and Survey ID: 76
Point: 0
Point validation passed for Member ID: 283 and Survey ID: 82
Point: 35
Point validation passed for Member ID: 283 and Survey ID: 84
Point: 0
Point validation passed for Member ID: 283 and Survey ID: 89
Point: 10
Point validation passed for Member ID: 283 and Survey ID: 100
Point: 10
Point validation passed for Member ID: 284 and Survey ID: 15
Point: 10
Point validation passed for Member ID: 284 and Survey ID: 18
Point: 25
Point validation passed for Member ID: 284 and Survey ID: 30
Point: 25
Point validation passed for Member ID: 284 and Survey ID: 38
Point: 30
Point validation passed for Member ID: 284 and Survey ID: 47
Point: 20
Point validation passed for Member ID: 284 and Survey ID: 56
Point: 1
Point validation passed for Member ID: 284 and Survey ID: 59
Point: 2
Point validation passed for Member ID: 284 and Survey ID: 60
Point: 35
Point validation passed for Member ID: 284 and Survey ID: 69
Point: 10
Point validation passed for Member ID: 284 and Survey ID: 75
Point: 10
Point validation passed for Member ID: 284 and Survey ID: 81
Point: 1
Point validation passed for Member ID: 284 and Survey ID: 88
Point: 30
Point validation passed for Member ID: 285 and Survey ID: 9
Point: 2
Point validation passed for Member ID: 285 and Survey ID: 12
Point: 5
Point validation passed for Member ID: 285 and Survey ID: 24
Point: 35
Point validation passed for Member ID: 285 and Survey ID: 34
Point: 15
Point validation passed for Member ID: 285 and Survey ID: 44
Point: 0
Point validation passed for Member ID: 285 and Survey ID: 45
Point: 0
Point validation passed for Member ID: 285 and Survey ID: 68
Point: 5
Point validation passed for Member ID: 285 and Survey ID: 90
Point: 5
Point validation passed for Member ID: 286 and Survey ID: 17
Point: 0
Point validation passed for Member ID: 286 and Survey ID: 18
Point: 0
Point validation passed for Member ID: 286 and Survey ID: 28
Point: 10
Point validation passed for Member ID: 286 and Survey ID: 32
Point: 40
Point validation passed for Member ID: 286 and Survey ID: 46
Point: 2
Point validation passed for Member ID: 286 and Survey ID: 51
Point: 15
Point validation passed for Member ID: 286 and Survey ID: 58
Point: 45
Point validation passed for Member ID: 286 and Survey ID: 67
Point: 35
Point validation passed for Member ID: 286 and Survey ID: 74
Point: 50
Point validation passed for Member ID: 286 and Survey ID: 77
Point: 25
Point validation passed for Member ID: 286 and Survey ID: 87
Point: 15
Point validation passed for Member ID: 286 and Survey ID: 91
Point: 5
Point validation passed for Member ID: 286 and Survey ID: 92
Point: 45
Point validation passed for Member ID: 287 and Survey ID: 8
Point: 5
Point validation passed for Member ID: 287 and Survey ID: 18
Point: 0
Point validation passed for Member ID: 287 and Survey ID: 33
Point: 25
Point validation passed for Member ID: 287 and Survey ID: 50
Point: 35
Point validation passed for Member ID: 287 and Survey ID: 56
Point: 10
Point validation passed for Member ID: 287 and Survey ID: 58
Point: 45
Point validation passed for Member ID: 287 and Survey ID: 73
Point: 0
Point validation passed for Member ID: 287 and Survey ID: 88
Point: 30
Point validation passed for Member ID: 287 and Survey ID: 98
Point: 5
Point validation passed for Member ID: 288 and Survey ID: 10
Point: 5
Point validation passed for Member ID: 288 and Survey ID: 27
Point: 1
Point validation passed for Member ID: 288 and Survey ID: 60
Point: 2
Point validation passed for Member ID: 288 and Survey ID: 71
Point: 3
Point validation passed for Member ID: 288 and Survey ID: 84
Point: 25
Point validation passed for Member ID: 288 and Survey ID: 86
Point: 4
Point validation passed for Member ID: 288 and Survey ID: 98
Point: 45
Point validation passed for Member ID: 288 and Survey ID: 100
Point: 10
Point validation passed for Member ID: 289 and Survey ID: 9
Point: 35
Point validation passed for Member ID: 289 and Survey ID: 12
Point: 5
Point validation passed for Member ID: 289 and Survey ID: 15
Point: 10
Point validation passed for Member ID: 289 and Survey ID: 16
Point: 45
Point validation passed for Member ID: 289 and Survey ID: 19
Point: 5
Point validation passed for Member ID: 289 and Survey ID: 30
Point: 25
Point validation passed for Member ID: 289 and Survey ID: 33
Point: 25
Point validation passed for Member ID: 289 and Survey ID: 35
Point: 10
Point validation passed for Member ID: 289 and Survey ID: 51
Point: 2
Point validation passed for Member ID: 289 and Survey ID: 78
Point: 3
Point validation passed for Member ID: 289 and Survey ID: 79
Point: 20
Point validation passed for Member ID: 289 and Survey ID: 82
Point: 0
Point validation passed for Member ID: 289 and Survey ID: 84
Point: 25
Point validation passed for Member ID: 290 and Survey ID: 1
Point: 5
Point validation passed for Member ID: 290 and Survey ID: 11
Point: 45
Point validation passed for Member ID: 290 and Survey ID: 20
Point: 20
Point validation passed for Member ID: 290 and Survey ID: 23
Point: 0
Point validation passed for Member ID: 290 and Survey ID: 24
Point: 35
Point validation passed for Member ID: 290 and Survey ID: 37
Point: 25
Point validation passed for Member ID: 290 and Survey ID: 41
Point: 40
Point validation passed for Member ID: 290 and Survey ID: 61
Point: 0
Point validation passed for Member ID: 290 and Survey ID: 63
Point: 30
Point validation passed for Member ID: 290 and Survey ID: 73
Point: 2
Point validation passed for Member ID: 290 and Survey ID: 83
Point: 5
Point validation passed for Member ID: 290 and Survey ID: 86
Point: 30
Point validation passed for Member ID: 291 and Survey ID: 11
Point: 45
Point validation passed for Member ID: 291 and Survey ID: 15
Point: 10
Point validation passed for Member ID: 291 and Survey ID: 19
Point: 45
Point validation passed for Member ID: 291 and Survey ID: 24
Point: 35
Point validation passed for Member ID: 291 and Survey ID: 27
Point: 15
Point validation passed for Member ID: 291 and Survey ID: 46
Point: 10
Point validation passed for Member ID: 291 and Survey ID: 52
Point: 3
Point validation passed for Member ID: 291 and Survey ID: 53
Point: 5
Point validation passed for Member ID: 291 and Survey ID: 69
Point: 10
Point validation passed for Member ID: 291 and Survey ID: 74
Point: 0
Point validation passed for Member ID: 291 and Survey ID: 78
Point: 30
Point validation passed for Member ID: 291 and Survey ID: 80
Point: 0
Point validation passed for Member ID: 291 and Survey ID: 85
Point: 25
Point validation passed for Member ID: 291 and Survey ID: 95
Point: 0
Point validation passed for Member ID: 292 and Survey ID: 4
Point: 0
Point validation passed for Member ID: 292 and Survey ID: 27
Point: 15
Point validation passed for Member ID: 292 and Survey ID: 40
Point: 5
Point validation passed for Member ID: 292 and Survey ID: 41
Point: 40
Point validation passed for Member ID: 292 and Survey ID: 46
Point: 10
Point validation passed for Member ID: 292 and Survey ID: 47
Point: 20
Point validation passed for Member ID: 292 and Survey ID: 59
Point: 40
Point validation passed for Member ID: 292 and Survey ID: 86
Point: 30
Point validation passed for Member ID: 292 and Survey ID: 89
Point: 10
Point validation passed for Member ID: 292 and Survey ID: 95
Point: 5
Point validation passed for Member ID: 292 and Survey ID: 96
Point: 50
Point validation passed for Member ID: 293 and Survey ID: 10
Point: 5
Point validation passed for Member ID: 293 and Survey ID: 25
Point: 5
Point validation passed for Member ID: 293 and Survey ID: 27
Point: 15
Point validation passed for Member ID: 293 and Survey ID: 38
Point: 1
Point validation passed for Member ID: 293 and Survey ID: 42
Point: 0
Point validation passed for Member ID: 293 and Survey ID: 52
Point: 40
Point validation passed for Member ID: 293 and Survey ID: 53
Point: 5
Point validation passed for Member ID: 293 and Survey ID: 67
Point: 35
Point validation passed for Member ID: 293 and Survey ID: 68
Point: 5
Point validation passed for Member ID: 293 and Survey ID: 69
Point: 1
Point validation passed for Member ID: 293 and Survey ID: 79
Point: 20
Point validation passed for Member ID: 293 and Survey ID: 82
Point: 35
Point validation passed for Member ID: 293 and Survey ID: 93
Point: 45
Point validation passed for Member ID: 294 and Survey ID: 14
Point: 50
Point validation passed for Member ID: 294 and Survey ID: 31
Point: 2
Point validation passed for Member ID: 294 and Survey ID: 49
Point: 4
Point validation passed for Member ID: 294 and Survey ID: 50
Point: 35
Point validation passed for Member ID: 294 and Survey ID: 59
Point: 40
Point validation passed for Member ID: 294 and Survey ID: 62
Point: 40
Point validation passed for Member ID: 294 and Survey ID: 75
Point: 5
Point validation passed for Member ID: 294 and Survey ID: 86
Point: 0
Point validation passed for Member ID: 294 and Survey ID: 89
Point: 0
Point validation passed for Member ID: 295 and Survey ID: 2
Point: 15
Point validation passed for Member ID: 295 and Survey ID: 30
Point: 25
Point validation passed for Member ID: 295 and Survey ID: 48
Point: 40
Point validation passed for Member ID: 295 and Survey ID: 62
Point: 40
Point validation passed for Member ID: 295 and Survey ID: 69
Point: 0
Point validation passed for Member ID: 295 and Survey ID: 70
Point: 5
Point validation passed for Member ID: 295 and Survey ID: 84
Point: 2
Point validation passed for Member ID: 295 and Survey ID: 86
Point: 0
Point validation passed for Member ID: 296 and Survey ID: 2
Point: 4
Point validation passed for Member ID: 296 and Survey ID: 10
Point: 5
Point validation passed for Member ID: 296 and Survey ID: 26
Point: 5
Point validation passed for Member ID: 296 and Survey ID: 28
Point: 10
Point validation passed for Member ID: 296 and Survey ID: 34
Point: 15
Point validation passed for Member ID: 296 and Survey ID: 35
Point: 10
Point validation passed for Member ID: 296 and Survey ID: 37
Point: 2
Point validation passed for Member ID: 296 and Survey ID: 38
Point: 30
Point validation passed for Member ID: 296 and Survey ID: 39
Point: 40
Point validation passed for Member ID: 296 and Survey ID: 69
Point: 10
Point validation passed for Member ID: 296 and Survey ID: 80
Point: 45
Point validation passed for Member ID: 296 and Survey ID: 83
Point: 5
Point validation passed for Member ID: 296 and Survey ID: 87
Point: 4
Point validation passed for Member ID: 297 and Survey ID: 9
Point: 35
Point validation passed for Member ID: 297 and Survey ID: 10
Point: 5
Point validation passed for Member ID: 297 and Survey ID: 21
Point: 3
Point validation passed for Member ID: 297 and Survey ID: 37
Point: 2
Point validation passed for Member ID: 297 and Survey ID: 51
Point: 15
Point validation passed for Member ID: 297 and Survey ID: 62
Point: 0
Point validation passed for Member ID: 297 and Survey ID: 68
Point: 5
Point validation passed for Member ID: 297 and Survey ID: 69
Point: 0
Point validation passed for Member ID: 297 and Survey ID: 76
Point: 40
Point validation passed for Member ID: 297 and Survey ID: 78
Point: 30
Point validation passed for Member ID: 297 and Survey ID: 90
Point: 5
Point validation passed for Member ID: 297 and Survey ID: 92
Point: 4
Point validation passed for Member ID: 298 and Survey ID: 15
Point: 10
Point validation passed for Member ID: 298 and Survey ID: 18
Point: 25
Point validation passed for Member ID: 298 and Survey ID: 21
Point: 0
Point validation passed for Member ID: 298 and Survey ID: 38
Point: 1
Point validation passed for Member ID: 298 and Survey ID: 96
Point: 50
Point validation passed for Member ID: 298 and Survey ID: 100
Point: 10
Point validation passed for Member ID: 299 and Survey ID: 3
Point: 10
Point validation passed for Member ID: 299 and Survey ID: 24
Point: 35
Point validation passed for Member ID: 299 and Survey ID: 52
Point: 40
Point validation passed for Member ID: 299 and Survey ID: 55
Point: 35
Point validation passed for Member ID: 300 and Survey ID: 5
Point: 35
Point validation passed for Member ID: 300 and Survey ID: 12
Point: 5
Point validation passed for Member ID: 300 and Survey ID: 24
Point: 35
Point validation passed for Member ID: 300 and Survey ID: 46
Point: 0
Point validation passed for Member ID: 300 and Survey ID: 53
Point: 20
]]></system-out>
  </testcase>
</testsuite>