<?xml version="1.0" encoding="UTF-8"?>
<testsuite xmlns:xsi="http://www.w3.org/2001/XMLSchema-instance" xsi:noNamespaceSchemaLocation="https://maven.apache.org/surefire/maven-surefire-plugin/xsd/surefire-test-report.xsd" version="3.0.2" name="tests.integration.SurveysOfMemberTest" time="7.04" tests="1" errors="0" skipped="0" failures="0">
  <properties>
[...]
</properties>
  <testcase name="testValidateMemberSurveyData" classname="tests.integration.SurveysOfMemberTest" time="7.038">
    <system-out><![CDATA[12:12:49.286 [ForkJoinPool.commonPool-worker-7] INFO api.SurveysOfMemberApi - Validation successful for Member ID 5
12:12:49.359 [ForkJoinPool.commonPool-worker-25] INFO api.SurveysOfMemberApi - Validation successful for Member ID 1
12:12:49.370 [ForkJoinPool.commonPool-worker-5] INFO api.SurveysOfMemberApi - Validation successful for Member ID 4
12:12:49.423 [ForkJoinPool.commonPool-worker-9] INFO api.SurveysOfMemberApi - Validation successful for Member ID 7
12:12:49.432 [ForkJoinPool.commonPool-worker-13] INFO api.SurveysOfMemberApi - Validation successful for Member ID 9
12:12:49.492 [ForkJoinPool.commonPool-worker-11] INFO api.SurveysOfMemberApi - Validation successful for Member ID 15
12:12:49.553 [ForkJoinPool.commonPool-worker-29] INFO api.SurveysOfMemberApi - Validation successful for Member ID 2
12:12:49.564 [ForkJoinPool.commonPool-worker-31] INFO api.SurveysOfMemberApi - Validation successful for Member ID 6
12:12:49.599 [ForkJoinPool.commonPool-worker-19] INFO api.SurveysOfMemberApi - Validation successful for Member ID 13
12:12:49.610 [ForkJoinPool.commonPool-worker-23] INFO api.SurveysOfMemberApi - Validation successful for Member ID 11
12:12:49.614 [ForkJoinPool.commonPool-worker-17] INFO api.SurveysOfMemberApi - Validation successful for Member ID 8
12:12:49.618 [ForkJoinPool.commonPool-worker-27] INFO api.SurveysOfMemberApi - Validation successful for Member ID 14
12:12:49.620 [ForkJoinPool.commonPool-worker-15] INFO api.SurveysOfMemberApi - Validation successful for Member ID 12
12:12:49.633 [ForkJoinPool.commonPool-worker-21] INFO api.SurveysOfMemberApi - Validation successful for Member ID 3
12:12:49.695 [ForkJoinPool.commonPool-worker-9] INFO api.SurveysOfMemberApi - Validation successful for Member ID 19
12:12:49.702 [ForkJoinPool.commonPool-worker-25] INFO api.SurveysOfMemberApi - Validation successful for Member ID 17
12:12:49.717 [ForkJoinPool.commonPool-worker-7] INFO api.SurveysOfMemberApi - Validation successful for Member ID 16
12:12:49.722 [ForkJoinPool.commonPool-worker-31] INFO api.SurveysOfMemberApi - Validation successful for Member ID 23
12:12:49.723 [ForkJoinPool.commonPool-worker-3] INFO api.SurveysOfMemberApi - Validation successful for Member ID 10
12:12:49.759 [ForkJoinPool.commonPool-worker-5] INFO api.SurveysOfMemberApi - Validation successful for Member ID 18
12:12:49.839 [ForkJoinPool.commonPool-worker-15] INFO api.SurveysOfMemberApi - Validation successful for Member ID 28
12:12:49.867 [ForkJoinPool.commonPool-worker-17] INFO api.SurveysOfMemberApi - Validation successful for Member ID 26
12:12:49.879 [ForkJoinPool.commonPool-worker-23] INFO api.SurveysOfMemberApi - Validation successful for Member ID 25
12:12:49.885 [ForkJoinPool.commonPool-worker-13] INFO api.SurveysOfMemberApi - Validation successful for Member ID 20
12:12:49.893 [ForkJoinPool.commonPool-worker-29] INFO api.SurveysOfMemberApi - Validation successful for Member ID 22
12:12:49.922 [ForkJoinPool.commonPool-worker-27] INFO api.SurveysOfMemberApi - Validation successful for Member ID 27
12:12:49.925 [ForkJoinPool.commonPool-worker-21] INFO api.SurveysOfMemberApi - Validation successful for Member ID 29
12:12:49.945 [ForkJoinPool.commonPool-worker-25] INFO api.SurveysOfMemberApi - Validation successful for Member ID 31
12:12:50.017 [ForkJoinPool.commonPool-worker-31] INFO api.SurveysOfMemberApi - Validation successful for Member ID 33
12:12:50.025 [ForkJoinPool.commonPool-worker-11] INFO api.SurveysOfMemberApi - Validation successful for Member ID 21
12:12:50.025 [ForkJoinPool.commonPool-worker-19] INFO api.SurveysOfMemberApi - Validation successful for Member ID 24
12:12:50.053 [ForkJoinPool.commonPool-worker-7] INFO api.SurveysOfMemberApi - Validation successful for Member ID 32
12:12:50.068 [ForkJoinPool.commonPool-worker-3] INFO api.SurveysOfMemberApi - Validation successful for Member ID 34
12:12:50.082 [ForkJoinPool.commonPool-worker-9] INFO api.SurveysOfMemberApi - Validation successful for Member ID 30
12:12:50.090 [ForkJoinPool.commonPool-worker-17] INFO api.SurveysOfMemberApi - Validation successful for Member ID 37
12:12:50.108 [ForkJoinPool.commonPool-worker-25] INFO api.SurveysOfMemberApi - Validation successful for Member ID 43
12:12:50.222 [ForkJoinPool.commonPool-worker-5] INFO api.SurveysOfMemberApi - Validation successful for Member ID 35
12:12:50.238 [ForkJoinPool.commonPool-worker-7] INFO api.SurveysOfMemberApi - Validation successful for Member ID 47
12:12:50.261 [ForkJoinPool.commonPool-worker-31] INFO api.SurveysOfMemberApi - Validation successful for Member ID 44
12:12:50.267 [ForkJoinPool.commonPool-worker-13] INFO api.SurveysOfMemberApi - Validation successful for Member ID 39
12:12:50.327 [ForkJoinPool.commonPool-worker-21] INFO api.SurveysOfMemberApi - Validation successful for Member ID 42
12:12:50.331 [ForkJoinPool.commonPool-worker-15] INFO api.SurveysOfMemberApi - Validation successful for Member ID 36
12:12:50.335 [ForkJoinPool.commonPool-worker-23] INFO api.SurveysOfMemberApi - Validation successful for Member ID 38
12:12:50.339 [ForkJoinPool.commonPool-worker-11] INFO api.SurveysOfMemberApi - Validation successful for Member ID 45
12:12:50.342 [ForkJoinPool.commonPool-worker-19] INFO api.SurveysOfMemberApi - Validation successful for Member ID 46
12:12:50.349 [ForkJoinPool.commonPool-worker-29] INFO api.SurveysOfMemberApi - Validation successful for Member ID 40
12:12:50.372 [ForkJoinPool.commonPool-worker-3] INFO api.SurveysOfMemberApi - Validation successful for Member ID 48
12:12:50.423 [ForkJoinPool.commonPool-worker-27] INFO api.SurveysOfMemberApi - Validation successful for Member ID 41
12:12:50.457 [ForkJoinPool.commonPool-worker-13] INFO api.SurveysOfMemberApi - Validation successful for Member ID 55
12:12:50.467 [ForkJoinPool.commonPool-worker-17] INFO api.SurveysOfMemberApi - Validation successful for Member ID 50
12:12:50.520 [ForkJoinPool.commonPool-worker-25] INFO api.SurveysOfMemberApi - Validation successful for Member ID 51
12:12:50.525 [ForkJoinPool.commonPool-worker-5] INFO api.SurveysOfMemberApi - Validation successful for Member ID 52
12:12:50.541 [ForkJoinPool.commonPool-worker-7] INFO api.SurveysOfMemberApi - Validation successful for Member ID 53
12:12:50.550 [ForkJoinPool.commonPool-worker-31] INFO api.SurveysOfMemberApi - Validation successful for Member ID 54
12:12:50.593 [ForkJoinPool.commonPool-worker-15] INFO api.SurveysOfMemberApi - Validation successful for Member ID 57
12:12:50.626 [ForkJoinPool.commonPool-worker-19] INFO api.SurveysOfMemberApi - Validation successful for Member ID 60
12:12:50.640 [ForkJoinPool.commonPool-worker-29] INFO api.SurveysOfMemberApi - Validation successful for Member ID 61
12:12:50.651 [ForkJoinPool.commonPool-worker-21] INFO api.SurveysOfMemberApi - Validation successful for Member ID 56
12:12:50.674 [ForkJoinPool.commonPool-worker-23] INFO api.SurveysOfMemberApi - Validation successful for Member ID 58
12:12:50.674 [ForkJoinPool.commonPool-worker-3] INFO api.SurveysOfMemberApi - Validation successful for Member ID 62
12:12:50.675 [ForkJoinPool.commonPool-worker-9] INFO api.SurveysOfMemberApi - Validation successful for Member ID 49
12:12:50.686 [ForkJoinPool.commonPool-worker-11] INFO api.SurveysOfMemberApi - Validation successful for Member ID 59
12:12:50.698 [ForkJoinPool.commonPool-worker-13] INFO api.SurveysOfMemberApi - Validation successful for Member ID 64
12:12:50.741 [ForkJoinPool.commonPool-worker-25] INFO api.SurveysOfMemberApi - Validation successful for Member ID 66
12:12:50.773 [ForkJoinPool.commonPool-worker-5] INFO api.SurveysOfMemberApi - Validation successful for Member ID 67
12:12:50.797 [ForkJoinPool.commonPool-worker-17] INFO api.SurveysOfMemberApi - Validation successful for Member ID 65
12:12:50.806 [ForkJoinPool.commonPool-worker-3] INFO api.SurveysOfMemberApi - Validation successful for Member ID 75
12:12:50.838 [ForkJoinPool.commonPool-worker-27] INFO api.SurveysOfMemberApi - Validation successful for Member ID 63
12:12:50.843 [ForkJoinPool.commonPool-worker-11] INFO api.SurveysOfMemberApi - Validation successful for Member ID 77
12:12:50.873 [ForkJoinPool.commonPool-worker-15] INFO api.SurveysOfMemberApi - Validation successful for Member ID 70
12:12:50.882 [ForkJoinPool.commonPool-worker-7] INFO api.SurveysOfMemberApi - Validation successful for Member ID 68
12:12:50.893 [ForkJoinPool.commonPool-worker-31] INFO api.SurveysOfMemberApi - Validation successful for Member ID 69
12:12:50.976 [ForkJoinPool.commonPool-worker-29] INFO api.SurveysOfMemberApi - Validation successful for Member ID 72
12:12:50.994 [ForkJoinPool.commonPool-worker-3] INFO api.SurveysOfMemberApi - Validation successful for Member ID 82
12:12:50.995 [ForkJoinPool.commonPool-worker-19] INFO api.SurveysOfMemberApi - Validation successful for Member ID 71
12:12:51.038 [ForkJoinPool.commonPool-worker-23] INFO api.SurveysOfMemberApi - Validation successful for Member ID 74
12:12:51.072 [ForkJoinPool.commonPool-worker-17] INFO api.SurveysOfMemberApi - Validation successful for Member ID 81
12:12:51.074 [ForkJoinPool.commonPool-worker-21] INFO api.SurveysOfMemberApi - Validation successful for Member ID 73
12:12:51.121 [ForkJoinPool.commonPool-worker-9] INFO api.SurveysOfMemberApi - Validation successful for Member ID 76
12:12:51.126 [ForkJoinPool.commonPool-worker-13] INFO api.SurveysOfMemberApi - Validation successful for Member ID 78
12:12:51.136 [ForkJoinPool.commonPool-worker-27] INFO api.SurveysOfMemberApi - Validation successful for Member ID 83
12:12:51.169 [ForkJoinPool.commonPool-worker-25] INFO api.SurveysOfMemberApi - Validation successful for Member ID 79
12:12:51.186 [ForkJoinPool.commonPool-worker-3] INFO api.SurveysOfMemberApi - Validation successful for Member ID 89
12:12:51.240 [ForkJoinPool.commonPool-worker-5] INFO api.SurveysOfMemberApi - Validation successful for Member ID 80
12:12:51.246 [ForkJoinPool.commonPool-worker-23] INFO api.SurveysOfMemberApi - Validation successful for Member ID 91
12:12:51.270 [ForkJoinPool.commonPool-worker-19] INFO api.SurveysOfMemberApi - Validation successful for Member ID 90
12:12:51.331 [ForkJoinPool.commonPool-worker-27] INFO api.SurveysOfMemberApi - Validation successful for Member ID 96
12:12:51.338 [ForkJoinPool.commonPool-worker-31] INFO api.SurveysOfMemberApi - Validation successful for Member ID 87
12:12:51.346 [ForkJoinPool.commonPool-worker-11] INFO api.SurveysOfMemberApi - Validation successful for Member ID 84
12:12:51.362 [ForkJoinPool.commonPool-worker-23] INFO api.SurveysOfMemberApi - Validation successful for Member ID 100
12:12:51.365 [ForkJoinPool.commonPool-worker-9] INFO api.SurveysOfMemberApi - Validation successful for Member ID 94
12:12:51.394 [ForkJoinPool.commonPool-worker-29] INFO api.SurveysOfMemberApi - Validation successful for Member ID 88
12:12:51.414 [ForkJoinPool.commonPool-worker-7] INFO api.SurveysOfMemberApi - Validation successful for Member ID 86
12:12:51.417 [ForkJoinPool.commonPool-worker-21] INFO api.SurveysOfMemberApi - Validation successful for Member ID 93
12:12:51.432 [ForkJoinPool.commonPool-worker-15] INFO api.SurveysOfMemberApi - Validation successful for Member ID 85
12:12:51.458 [ForkJoinPool.commonPool-worker-17] INFO api.SurveysOfMemberApi - Validation successful for Member ID 92
12:12:51.508 [ForkJoinPool.commonPool-worker-3] INFO api.SurveysOfMemberApi - Validation successful for Member ID 98
12:12:51.525 [ForkJoinPool.commonPool-worker-25] INFO api.SurveysOfMemberApi - Validation successful for Member ID 97
12:12:51.529 [ForkJoinPool.commonPool-worker-13] INFO api.SurveysOfMemberApi - Validation successful for Member ID 95
12:12:51.538 [ForkJoinPool.commonPool-worker-21] INFO api.SurveysOfMemberApi - Validation successful for Member ID 109
12:12:51.552 [ForkJoinPool.commonPool-worker-5] INFO api.SurveysOfMemberApi - Validation successful for Member ID 99
12:12:51.558 [ForkJoinPool.commonPool-worker-19] INFO api.SurveysOfMemberApi - Validation successful for Member ID 101
12:12:51.724 [ForkJoinPool.commonPool-worker-11] INFO api.SurveysOfMemberApi - Validation successful for Member ID 104
12:12:51.730 [ForkJoinPool.commonPool-worker-29] INFO api.SurveysOfMemberApi - Validation successful for Member ID 107
12:12:51.741 [ForkJoinPool.commonPool-worker-9] INFO api.SurveysOfMemberApi - Validation successful for Member ID 106
12:12:51.751 [ForkJoinPool.commonPool-worker-27] INFO api.SurveysOfMemberApi - Validation successful for Member ID 102
12:12:51.761 [ForkJoinPool.commonPool-worker-23] INFO api.SurveysOfMemberApi - Validation successful for Member ID 105
12:12:51.799 [ForkJoinPool.commonPool-worker-25] INFO api.SurveysOfMemberApi - Validation successful for Member ID 113
12:12:51.812 [ForkJoinPool.commonPool-worker-31] INFO api.SurveysOfMemberApi - Validation successful for Member ID 103
12:12:51.812 [ForkJoinPool.commonPool-worker-15] INFO api.SurveysOfMemberApi - Validation successful for Member ID 110
12:12:51.814 [ForkJoinPool.commonPool-worker-17] INFO api.SurveysOfMemberApi - Validation successful for Member ID 111
12:12:51.826 [ForkJoinPool.commonPool-worker-5] INFO api.SurveysOfMemberApi - Validation successful for Member ID 116
12:12:51.841 [ForkJoinPool.commonPool-worker-21] INFO api.SurveysOfMemberApi - Validation successful for Member ID 115
12:12:51.853 [ForkJoinPool.commonPool-worker-13] INFO api.SurveysOfMemberApi - Validation successful for Member ID 114
12:12:51.855 [ForkJoinPool.commonPool-worker-7] INFO api.SurveysOfMemberApi - Validation successful for Member ID 108
12:12:51.864 [ForkJoinPool.commonPool-worker-3] INFO api.SurveysOfMemberApi - Validation successful for Member ID 112
12:12:51.914 [ForkJoinPool.commonPool-worker-23] INFO api.SurveysOfMemberApi - Validation successful for Member ID 122
12:12:51.949 [ForkJoinPool.commonPool-worker-27] INFO api.SurveysOfMemberApi - Validation successful for Member ID 121
12:12:51.974 [ForkJoinPool.commonPool-worker-19] INFO api.SurveysOfMemberApi - Validation successful for Member ID 117
12:12:52.000 [ForkJoinPool.commonPool-worker-15] INFO api.SurveysOfMemberApi - Validation successful for Member ID 125
12:12:52.032 [ForkJoinPool.commonPool-worker-5] INFO api.SurveysOfMemberApi - Validation successful for Member ID 127
12:12:52.043 [ForkJoinPool.commonPool-worker-25] INFO api.SurveysOfMemberApi - Validation successful for Member ID 123
12:12:52.060 [ForkJoinPool.commonPool-worker-11] INFO api.SurveysOfMemberApi - Validation successful for Member ID 118
12:12:52.122 [ForkJoinPool.commonPool-worker-31] INFO api.SurveysOfMemberApi - Validation successful for Member ID 124
12:12:52.141 [ForkJoinPool.commonPool-worker-23] INFO api.SurveysOfMemberApi - Validation successful for Member ID 132
12:12:52.152 [ForkJoinPool.commonPool-worker-17] INFO api.SurveysOfMemberApi - Validation successful for Member ID 126
12:12:52.186 [ForkJoinPool.commonPool-worker-7] INFO api.SurveysOfMemberApi - Validation successful for Member ID 130
12:12:52.188 [ForkJoinPool.commonPool-worker-9] INFO api.SurveysOfMemberApi - Validation successful for Member ID 120
12:12:52.189 [ForkJoinPool.commonPool-worker-29] INFO api.SurveysOfMemberApi - Validation successful for Member ID 119
12:12:52.206 [ForkJoinPool.commonPool-worker-21] INFO api.SurveysOfMemberApi - Validation successful for Member ID 128
12:12:52.253 [ForkJoinPool.commonPool-worker-15] INFO api.SurveysOfMemberApi - Validation successful for Member ID 135
12:12:52.256 [ForkJoinPool.commonPool-worker-13] INFO api.SurveysOfMemberApi - Validation successful for Member ID 129
12:12:52.260 [ForkJoinPool.commonPool-worker-3] INFO api.SurveysOfMemberApi - Validation successful for Member ID 131
12:12:52.273 [ForkJoinPool.commonPool-worker-19] INFO api.SurveysOfMemberApi - Validation successful for Member ID 134
12:12:52.281 [ForkJoinPool.commonPool-worker-5] INFO api.SurveysOfMemberApi - Validation successful for Member ID 136
12:12:52.317 [ForkJoinPool.commonPool-worker-7] INFO api.SurveysOfMemberApi - Validation successful for Member ID 142
12:12:52.350 [ForkJoinPool.commonPool-worker-9] INFO api.SurveysOfMemberApi - Validation successful for Member ID 143
12:12:52.365 [ForkJoinPool.commonPool-worker-25] INFO api.SurveysOfMemberApi - Validation successful for Member ID 137
12:12:52.501 [ForkJoinPool.commonPool-worker-27] INFO api.SurveysOfMemberApi - Validation successful for Member ID 133
12:12:52.510 [ForkJoinPool.commonPool-worker-31] INFO api.SurveysOfMemberApi - Validation successful for Member ID 139
12:12:52.512 [ForkJoinPool.commonPool-worker-17] INFO api.SurveysOfMemberApi - Validation successful for Member ID 141
12:12:52.541 [ForkJoinPool.commonPool-worker-11] INFO api.SurveysOfMemberApi - Validation successful for Member ID 138
12:12:52.586 [ForkJoinPool.commonPool-worker-29] INFO api.SurveysOfMemberApi - Validation successful for Member ID 144
12:12:52.592 [ForkJoinPool.commonPool-worker-23] INFO api.SurveysOfMemberApi - Validation successful for Member ID 140
12:12:52.674 [ForkJoinPool.commonPool-worker-13] INFO api.SurveysOfMemberApi - Validation successful for Member ID 147
12:12:52.688 [ForkJoinPool.commonPool-worker-21] INFO api.SurveysOfMemberApi - Validation successful for Member ID 145
12:12:52.690 [ForkJoinPool.commonPool-worker-23] INFO api.SurveysOfMemberApi - Validation successful for Member ID 159
12:12:52.704 [ForkJoinPool.commonPool-worker-5] INFO api.SurveysOfMemberApi - Validation successful for Member ID 150
12:12:52.721 [ForkJoinPool.commonPool-worker-3] INFO api.SurveysOfMemberApi - Validation successful for Member ID 148
12:12:52.727 [ForkJoinPool.commonPool-worker-7] INFO api.SurveysOfMemberApi - Validation successful for Member ID 151
12:12:52.729 [ForkJoinPool.commonPool-worker-15] INFO api.SurveysOfMemberApi - Validation successful for Member ID 146
12:12:52.769 [ForkJoinPool.commonPool-worker-25] INFO api.SurveysOfMemberApi - Validation successful for Member ID 153
12:12:52.775 [ForkJoinPool.commonPool-worker-9] INFO api.SurveysOfMemberApi - Validation successful for Member ID 152
12:12:52.798 [ForkJoinPool.commonPool-worker-19] INFO api.SurveysOfMemberApi - Validation successful for Member ID 149
12:12:52.813 [ForkJoinPool.commonPool-worker-11] INFO api.SurveysOfMemberApi - Validation successful for Member ID 157
12:12:52.819 [ForkJoinPool.commonPool-worker-27] INFO api.SurveysOfMemberApi - Validation successful for Member ID 154
12:12:52.852 [ForkJoinPool.commonPool-worker-17] INFO api.SurveysOfMemberApi - Validation successful for Member ID 156
12:12:52.927 [ForkJoinPool.commonPool-worker-31] INFO api.SurveysOfMemberApi - Validation successful for Member ID 155
12:12:52.947 [ForkJoinPool.commonPool-worker-5] INFO api.SurveysOfMemberApi - Validation successful for Member ID 163
12:12:52.959 [ForkJoinPool.commonPool-worker-3] INFO api.SurveysOfMemberApi - Validation successful for Member ID 164
12:12:52.962 [ForkJoinPool.commonPool-worker-15] INFO api.SurveysOfMemberApi - Validation successful for Member ID 166
12:12:53.009 [ForkJoinPool.commonPool-worker-13] INFO api.SurveysOfMemberApi - Validation successful for Member ID 160
12:12:53.016 [ForkJoinPool.commonPool-worker-9] INFO api.SurveysOfMemberApi - Validation successful for Member ID 168
12:12:53.017 [ForkJoinPool.commonPool-worker-7] INFO api.SurveysOfMemberApi - Validation successful for Member ID 165
12:12:53.024 [ForkJoinPool.commonPool-worker-21] INFO api.SurveysOfMemberApi - Validation successful for Member ID 161
12:12:53.029 [ForkJoinPool.commonPool-worker-19] INFO api.SurveysOfMemberApi - Validation successful for Member ID 169
12:12:53.086 [ForkJoinPool.commonPool-worker-17] INFO api.SurveysOfMemberApi - Validation successful for Member ID 172
12:12:53.101 [ForkJoinPool.commonPool-worker-23] INFO api.SurveysOfMemberApi - Validation successful for Member ID 162
12:12:53.120 [ForkJoinPool.commonPool-worker-5] INFO api.SurveysOfMemberApi - Validation successful for Member ID 174
12:12:53.125 [ForkJoinPool.commonPool-worker-29] INFO api.SurveysOfMemberApi - Validation successful for Member ID 158
12:12:53.158 [ForkJoinPool.commonPool-worker-11] INFO api.SurveysOfMemberApi - Validation successful for Member ID 170
12:12:53.275 [ForkJoinPool.commonPool-worker-25] INFO api.SurveysOfMemberApi - Validation successful for Member ID 167
12:12:53.285 [ForkJoinPool.commonPool-worker-15] INFO api.SurveysOfMemberApi - Validation successful for Member ID 176
12:12:53.287 [ForkJoinPool.commonPool-worker-27] INFO api.SurveysOfMemberApi - Validation successful for Member ID 171
12:12:53.299 [ForkJoinPool.commonPool-worker-19] INFO api.SurveysOfMemberApi - Validation successful for Member ID 181
12:12:53.339 [ForkJoinPool.commonPool-worker-3] INFO api.SurveysOfMemberApi - Validation successful for Member ID 175
12:12:53.388 [ForkJoinPool.commonPool-worker-31] INFO api.SurveysOfMemberApi - Validation successful for Member ID 173
12:12:53.445 [ForkJoinPool.commonPool-worker-23] INFO api.SurveysOfMemberApi - Validation successful for Member ID 183
12:12:53.453 [ForkJoinPool.commonPool-worker-13] INFO api.SurveysOfMemberApi - Validation successful for Member ID 177
12:12:53.455 [ForkJoinPool.commonPool-worker-21] INFO api.SurveysOfMemberApi - Validation successful for Member ID 180
12:12:53.472 [ForkJoinPool.commonPool-worker-19] INFO api.SurveysOfMemberApi - Validation successful for Member ID 190
12:12:53.501 [ForkJoinPool.commonPool-worker-17] INFO api.SurveysOfMemberApi - Validation successful for Member ID 182
12:12:53.518 [ForkJoinPool.commonPool-worker-9] INFO api.SurveysOfMemberApi - Validation successful for Member ID 178
12:12:53.518 [ForkJoinPool.commonPool-worker-27] INFO api.SurveysOfMemberApi - Validation successful for Member ID 189
12:12:53.527 [ForkJoinPool.commonPool-worker-7] INFO api.SurveysOfMemberApi - Validation successful for Member ID 179
12:12:53.528 [ForkJoinPool.commonPool-worker-5] INFO api.SurveysOfMemberApi - Validation successful for Member ID 184
12:12:53.558 [ForkJoinPool.commonPool-worker-3] INFO api.SurveysOfMemberApi - Validation successful for Member ID 191
12:12:53.579 [ForkJoinPool.commonPool-worker-11] INFO api.SurveysOfMemberApi - Validation successful for Member ID 186
12:12:53.605 [ForkJoinPool.commonPool-worker-29] INFO api.SurveysOfMemberApi - Validation successful for Member ID 185
12:12:53.611 [ForkJoinPool.commonPool-worker-15] INFO api.SurveysOfMemberApi - Validation successful for Member ID 188
12:12:53.618 [ForkJoinPool.commonPool-worker-25] INFO api.SurveysOfMemberApi - Validation successful for Member ID 187
12:12:53.713 [ForkJoinPool.commonPool-worker-19] INFO api.SurveysOfMemberApi - Validation successful for Member ID 196
12:12:53.777 [ForkJoinPool.commonPool-worker-7] INFO api.SurveysOfMemberApi - Validation successful for Member ID 200
12:12:53.816 [ForkJoinPool.commonPool-worker-23] INFO api.SurveysOfMemberApi - Validation successful for Member ID 193
12:12:53.817 [ForkJoinPool.commonPool-worker-13] INFO api.SurveysOfMemberApi - Validation successful for Member ID 194
12:12:53.821 [ForkJoinPool.commonPool-worker-11] INFO api.SurveysOfMemberApi - Validation successful for Member ID 203
12:12:53.830 [ForkJoinPool.commonPool-worker-21] INFO api.SurveysOfMemberApi - Validation successful for Member ID 195
12:12:53.844 [ForkJoinPool.commonPool-worker-27] INFO api.SurveysOfMemberApi - Validation successful for Member ID 199
12:12:53.845 [ForkJoinPool.commonPool-worker-29] INFO api.SurveysOfMemberApi - Validation successful for Member ID 204
12:12:53.871 [ForkJoinPool.commonPool-worker-31] INFO api.SurveysOfMemberApi - Validation successful for Member ID 192
12:12:53.893 [ForkJoinPool.commonPool-worker-9] INFO api.SurveysOfMemberApi - Validation successful for Member ID 198
12:12:53.904 [ForkJoinPool.commonPool-worker-19] INFO api.SurveysOfMemberApi - Validation successful for Member ID 207
12:12:53.908 [ForkJoinPool.commonPool-worker-3] INFO api.SurveysOfMemberApi - Validation successful for Member ID 202
12:12:53.929 [ForkJoinPool.commonPool-worker-5] INFO api.SurveysOfMemberApi - Validation successful for Member ID 201
12:12:54.069 [ForkJoinPool.commonPool-worker-7] INFO api.SurveysOfMemberApi - Validation successful for Member ID 208
12:12:54.103 [ForkJoinPool.commonPool-worker-25] INFO api.SurveysOfMemberApi - Validation successful for Member ID 206
12:12:54.122 [ForkJoinPool.commonPool-worker-15] INFO api.SurveysOfMemberApi - Validation successful for Member ID 205
12:12:54.131 [ForkJoinPool.commonPool-worker-23] INFO api.SurveysOfMemberApi - Validation successful for Member ID 209
12:12:54.154 [ForkJoinPool.commonPool-worker-11] INFO api.SurveysOfMemberApi - Validation successful for Member ID 211
12:12:54.169 [ForkJoinPool.commonPool-worker-17] INFO api.SurveysOfMemberApi - Validation successful for Member ID 197
12:12:54.192 [ForkJoinPool.commonPool-worker-9] INFO api.SurveysOfMemberApi - Validation successful for Member ID 216
12:12:54.222 [ForkJoinPool.commonPool-worker-29] INFO api.SurveysOfMemberApi - Validation successful for Member ID 214
12:12:54.241 [ForkJoinPool.commonPool-worker-21] INFO api.SurveysOfMemberApi - Validation successful for Member ID 212
12:12:54.297 [ForkJoinPool.commonPool-worker-31] INFO api.SurveysOfMemberApi - Validation successful for Member ID 215
12:12:54.326 [ForkJoinPool.commonPool-worker-19] INFO api.SurveysOfMemberApi - Validation successful for Member ID 217
12:12:54.360 [ForkJoinPool.commonPool-worker-25] INFO api.SurveysOfMemberApi - Validation successful for Member ID 221
12:12:54.364 [ForkJoinPool.commonPool-worker-13] INFO api.SurveysOfMemberApi - Validation successful for Member ID 210
12:12:54.391 [ForkJoinPool.commonPool-worker-3] INFO api.SurveysOfMemberApi - Validation successful for Member ID 218
12:12:54.392 [ForkJoinPool.commonPool-worker-27] INFO api.SurveysOfMemberApi - Validation successful for Member ID 213
12:12:54.400 [ForkJoinPool.commonPool-worker-7] INFO api.SurveysOfMemberApi - Validation successful for Member ID 220
12:12:54.411 [ForkJoinPool.commonPool-worker-5] INFO api.SurveysOfMemberApi - Validation successful for Member ID 219
12:12:54.413 [ForkJoinPool.commonPool-worker-15] INFO api.SurveysOfMemberApi - Validation successful for Member ID 222
12:12:54.416 [ForkJoinPool.commonPool-worker-23] INFO api.SurveysOfMemberApi - Validation successful for Member ID 223
12:12:54.440 [ForkJoinPool.commonPool-worker-11] INFO api.SurveysOfMemberApi - Validation successful for Member ID 224
12:12:54.534 [ForkJoinPool.commonPool-worker-21] INFO api.SurveysOfMemberApi - Validation successful for Member ID 228
12:12:54.542 [ForkJoinPool.commonPool-worker-17] INFO api.SurveysOfMemberApi - Validation successful for Member ID 225
12:12:54.568 [ForkJoinPool.commonPool-worker-23] INFO api.SurveysOfMemberApi - Validation successful for Member ID 238
12:12:54.575 [ForkJoinPool.commonPool-worker-9] INFO api.SurveysOfMemberApi - Validation successful for Member ID 226
12:12:54.580 [ForkJoinPool.commonPool-worker-25] INFO api.SurveysOfMemberApi - Validation successful for Member ID 231
12:12:54.638 [ForkJoinPool.commonPool-worker-15] INFO api.SurveysOfMemberApi - Validation successful for Member ID 237
12:12:54.641 [ForkJoinPool.commonPool-worker-5] INFO api.SurveysOfMemberApi - Validation successful for Member ID 236
12:12:54.682 [ForkJoinPool.commonPool-worker-29] INFO api.SurveysOfMemberApi - Validation successful for Member ID 227
12:12:54.687 [ForkJoinPool.commonPool-worker-3] INFO api.SurveysOfMemberApi - Validation successful for Member ID 233
12:12:54.688 [ForkJoinPool.commonPool-worker-31] INFO api.SurveysOfMemberApi - Validation successful for Member ID 229
12:12:54.830 [ForkJoinPool.commonPool-worker-27] INFO api.SurveysOfMemberApi - Validation successful for Member ID 234
12:12:54.854 [ForkJoinPool.commonPool-worker-13] INFO api.SurveysOfMemberApi - Validation successful for Member ID 232
12:12:54.858 [ForkJoinPool.commonPool-worker-7] INFO api.SurveysOfMemberApi - Validation successful for Member ID 235
12:12:54.886 [ForkJoinPool.commonPool-worker-19] INFO api.SurveysOfMemberApi - Validation successful for Member ID 230
12:12:54.934 [ForkJoinPool.commonPool-worker-21] INFO api.SurveysOfMemberApi - Validation successful for Member ID 240
12:12:54.947 [ForkJoinPool.commonPool-worker-11] INFO api.SurveysOfMemberApi - Validation successful for Member ID 239
12:12:54.947 [ForkJoinPool.commonPool-worker-23] INFO api.SurveysOfMemberApi - Validation successful for Member ID 242
12:12:54.949 [ForkJoinPool.commonPool-worker-15] INFO api.SurveysOfMemberApi - Validation successful for Member ID 245
12:12:54.961 [ForkJoinPool.commonPool-worker-17] INFO api.SurveysOfMemberApi - Validation successful for Member ID 241
12:12:54.963 [ForkJoinPool.commonPool-worker-29] INFO api.SurveysOfMemberApi - Validation successful for Member ID 247
12:12:55.013 [ForkJoinPool.commonPool-worker-5] INFO api.SurveysOfMemberApi - Validation successful for Member ID 246
12:12:55.050 [ForkJoinPool.commonPool-worker-7] INFO api.SurveysOfMemberApi - Validation successful for Member ID 252
12:12:55.050 [ForkJoinPool.commonPool-worker-9] INFO api.SurveysOfMemberApi - Validation successful for Member ID 243
12:12:55.053 [ForkJoinPool.commonPool-worker-25] INFO api.SurveysOfMemberApi - Validation successful for Member ID 244
12:12:55.060 [ForkJoinPool.commonPool-worker-31] INFO api.SurveysOfMemberApi - Validation successful for Member ID 249
12:12:55.144 [ForkJoinPool.commonPool-worker-3] INFO api.SurveysOfMemberApi - Validation successful for Member ID 248
12:12:55.149 [ForkJoinPool.commonPool-worker-19] INFO api.SurveysOfMemberApi - Validation successful for Member ID 253
12:12:55.168 [ForkJoinPool.commonPool-worker-23] INFO api.SurveysOfMemberApi - Validation successful for Member ID 256
12:12:55.176 [ForkJoinPool.commonPool-worker-27] INFO api.SurveysOfMemberApi - Validation successful for Member ID 250
12:12:55.177 [ForkJoinPool.commonPool-worker-17] INFO api.SurveysOfMemberApi - Validation successful for Member ID 258
12:12:55.215 [ForkJoinPool.commonPool-worker-13] INFO api.SurveysOfMemberApi - Validation successful for Member ID 251
12:12:55.218 [ForkJoinPool.commonPool-worker-5] INFO api.SurveysOfMemberApi - Validation successful for Member ID 260
12:12:55.245 [ForkJoinPool.commonPool-worker-15] INFO api.SurveysOfMemberApi - Validation successful for Member ID 257
12:12:55.263 [ForkJoinPool.commonPool-worker-29] INFO api.SurveysOfMemberApi - Validation successful for Member ID 259
12:12:55.302 [ForkJoinPool.commonPool-worker-21] INFO api.SurveysOfMemberApi - Validation successful for Member ID 254
12:12:55.364 [ForkJoinPool.commonPool-worker-7] INFO api.SurveysOfMemberApi - Validation successful for Member ID 261
12:12:55.366 [ForkJoinPool.commonPool-worker-11] INFO api.SurveysOfMemberApi - Validation successful for Member ID 255
12:12:55.380 [ForkJoinPool.commonPool-worker-17] INFO api.SurveysOfMemberApi - Validation successful for Member ID 269
12:12:55.388 [ForkJoinPool.commonPool-worker-27] INFO api.SurveysOfMemberApi - Validation successful for Member ID 268
12:12:55.400 [ForkJoinPool.commonPool-worker-9] INFO api.SurveysOfMemberApi - Validation successful for Member ID 262
12:12:55.412 [ForkJoinPool.commonPool-worker-25] INFO api.SurveysOfMemberApi - Validation successful for Member ID 263
12:12:55.413 [ForkJoinPool.commonPool-worker-19] INFO api.SurveysOfMemberApi - Validation successful for Member ID 266
12:12:55.432 [ForkJoinPool.commonPool-worker-23] INFO api.SurveysOfMemberApi - Validation successful for Member ID 267
12:12:55.464 [ForkJoinPool.commonPool-worker-29] INFO api.SurveysOfMemberApi - Validation successful for Member ID 273
12:12:55.593 [ForkJoinPool.commonPool-worker-3] INFO api.SurveysOfMemberApi - Validation successful for Member ID 265
12:12:55.648 [ForkJoinPool.commonPool-worker-31] INFO api.SurveysOfMemberApi - Validation successful for Member ID 264
12:12:55.650 [ForkJoinPool.commonPool-worker-9] INFO api.SurveysOfMemberApi - Validation successful for Member ID 279
12:12:55.670 [ForkJoinPool.commonPool-worker-25] INFO api.SurveysOfMemberApi - Validation successful for Member ID 280
12:12:55.713 [ForkJoinPool.commonPool-worker-5] INFO api.SurveysOfMemberApi - Validation successful for Member ID 271
12:12:55.732 [ForkJoinPool.commonPool-worker-21] INFO api.SurveysOfMemberApi - Validation successful for Member ID 274
12:12:55.742 [ForkJoinPool.commonPool-worker-15] INFO api.SurveysOfMemberApi - Validation successful for Member ID 272
12:12:55.750 [ForkJoinPool.commonPool-worker-13] INFO api.SurveysOfMemberApi - Validation successful for Member ID 270
12:12:55.752 [ForkJoinPool.commonPool-worker-7] INFO api.SurveysOfMemberApi - Validation successful for Member ID 275
12:12:55.755 [ForkJoinPool.commonPool-worker-17] INFO api.SurveysOfMemberApi - Validation successful for Member ID 277
12:12:55.784 [ForkJoinPool.commonPool-worker-19] INFO api.SurveysOfMemberApi - Validation successful for Member ID 281
12:12:55.823 [ForkJoinPool.commonPool-worker-11] INFO api.SurveysOfMemberApi - Validation successful for Member ID 276
12:12:55.835 [ForkJoinPool.commonPool-worker-27] INFO api.SurveysOfMemberApi - Validation successful for Member ID 278
12:12:55.904 [ForkJoinPool.commonPool-worker-31] INFO api.SurveysOfMemberApi - Validation successful for Member ID 285
12:12:55.912 [ForkJoinPool.commonPool-worker-23] INFO api.SurveysOfMemberApi - Validation successful for Member ID 282
12:12:55.949 [ForkJoinPool.commonPool-worker-5] INFO api.SurveysOfMemberApi - Validation successful for Member ID 288
12:12:55.950 [ForkJoinPool.commonPool-worker-25] INFO api.SurveysOfMemberApi - Validation successful for Member ID 287
12:12:55.962 [ForkJoinPool.commonPool-worker-3] INFO api.SurveysOfMemberApi - Validation successful for Member ID 284
12:12:56.020 [ForkJoinPool.commonPool-worker-29] INFO api.SurveysOfMemberApi - Validation successful for Member ID 283
12:12:56.040 [ForkJoinPool.commonPool-worker-9] INFO api.SurveysOfMemberApi - Validation successful for Member ID 286
12:12:56.043 [ForkJoinPool.commonPool-worker-19] INFO api.SurveysOfMemberApi - Validation successful for Member ID 294
12:12:56.059 [ForkJoinPool.commonPool-worker-11] INFO api.SurveysOfMemberApi - Validation successful for Member ID 295
12:12:56.062 [ForkJoinPool.commonPool-worker-5] INFO api.SurveysOfMemberApi - Validation successful for Member ID 299
12:12:56.067 [ForkJoinPool.commonPool-worker-7] INFO api.SurveysOfMemberApi - Validation successful for Member ID 292
12:12:56.071 [ForkJoinPool.commonPool-worker-23] INFO api.SurveysOfMemberApi - Validation successful for Member ID 298
12:12:56.073 [ForkJoinPool.commonPool-worker-15] INFO api.SurveysOfMemberApi - Validation successful for Member ID 290
12:12:56.083 [ForkJoinPool.commonPool-worker-21] INFO api.SurveysOfMemberApi - Validation successful for Member ID 289
12:12:56.084 [ForkJoinPool.commonPool-worker-25] INFO api.SurveysOfMemberApi - Validation successful for Member ID 300
12:12:56.089 [ForkJoinPool.commonPool-worker-17] INFO api.SurveysOfMemberApi - Validation successful for Member ID 293
12:12:56.107 [ForkJoinPool.commonPool-worker-13] INFO api.SurveysOfMemberApi - Validation successful for Member ID 291
12:12:56.120 [ForkJoinPool.commonPool-worker-27] INFO api.SurveysOfMemberApi - Validation successful for Member ID 296
12:12:56.130 [ForkJoinPool.commonPool-worker-31] INFO api.SurveysOfMemberApi - Validation successful for Member ID 297
]]></system-out>
  </testcase>
</testsuite>